1057.34
2.99024
0.103707
0.0715853
0.0794925
0.0889273
0.0998461
0.112694
0.128374
0.148718
0.177731
0.225334
0.321659
0.600182
2.65555
9.27227
7.66838
16.7567
12.1757
22.3204
17.4851
22.8116
23.4753
16.0855
59.8526
15.5956
8.70772
251.543
171.568
97.0497
55.0582
15.4235
0.216008
0.0947049
0.0699067
0.0662995
0.0628913
0.0597308
0.0569026
0.0543911
0.0521709
0.0502207
0.0485188
0.047041
0.0457599
0.0446478
0.0436787
0.0428311
0.0420881
0.0414368
0.0408685
0.0403779
0.0399627
0.039622
0.0393568
0.0391681
0.0390566
0.0390213
0.0390584
0.0391613
0.03932
0.0395208
0.0397468
0.0399797
0.0402004
0.0403902
0.0405318
0.0406117
0.0406191
0.0405477
0.0403951
0.0401626
0.0398542
0.0394775
0.0390395
0.0385489
0.0380149
0.0374457
0.0368487
0.0362307
0.0355979
0.034955
0.0343063
0.0336551
0.0330047
0.032357
0.0317141
0.0310777
0.0304487
0.0298287
0.0292184
0.0286182
0.0280287
0.0274493
0.026879
0.0263159
0.0257608
0.0252156
0.0246817
0.0241595
0.0236489
0.0231496
0.0226609
0.0221832
0.0217159
0.0212587
0.0208116
0.0203744
0.0199467
0.0195288
0.0191199
0.01872
0.0183294
0.0179472
0.0175735
0.0172081
0.0168507
0.0165011
0.0161592
0.0158246
0.0154971
0.0151762
0.0148619
0.0145534
0.0142501
0.0139511
0.0136538
0.0133562
0.0130686
0.0127963
0.0125296
0.0122657
0.0120045
0.0117472
0.0114939
0.0112446
0.011
0.0107589
0.010522
0.0102893
0.0100601
0.00983476
0.00961327
0.00939511
0.00918068
0.00896968
0.00876226
0.0085583
0.00835798
0.0081613
0.00796805
0.00777881
0.00759331
0.00741184
0.00723456
0.00706171
0.0068935
0.00672982
0.00657154
0.00641851
0.00627094
0.00612957
0.0059944
0.00586575
0.00574419
0.00562993
0.00552338
0.00542486
0.00533472
0.00525319
0.00518067
0.00511737
0.00506348
0.00501911
0.00498435
0.00495932
0.00494389
0.00493792
0.00494132
0.00495388
0.00497504
0.00500455
0.00504237
0.00508774
0.00514009
0.00519919
0.00526441
0.0053352
0.00541117
0.00549171
0.00557623
0.0056644
0.00575577
0.00584975
0.00594548
0.00604363
0.00614283
0.00624319
0.00634438
0.00644554
0.00654682
0.0066479
0.00674874
0.00684838
0.00694731
0.0070447
0.00714108
0.00723561
0.00732842
0.00741941
0.00750817
0.00759479
0.00767885
0.00776095
0.00784009
0.00791648
0.00799031
0.00806122
0.00812943
0.00819467
0.00825652
0.00831555
0.00837122
0.00842422
0.00847328
0.00851998
0.00856283
0.00860261
0.00863903
0.0086721
0.00870249
0.00872924
0.00875282
0.00877302
0.00878968
0.00880426
0.00881447
0.00882251
0.00882675
0.00882854
0.00882697
0.00882254
0.00881562
0.00880519
0.00879203
0.00877594
0.00875737
0.00873623
0.00871275
0.00868687
0.00865797
0.0086264
0.00859264
0.00855695
0.00851923
0.00847921
0.00843796
0.00839343
0.00834759
0.00830054
0.00825113
0.00819993
0.00814793
0.00809356
0.00803821
0.00798148
0.00792394
0.00786507
0.00780448
0.00774373
0.00768231
0.00761955
0.00755669
0.00749201
0.00742839
0.00736384
0.00729921
0.00723336
0.00716852
0.00710325
0.00703783
0.00697294
0.00690875
0.00684414
0.0067806
0.00671676
0.00665451
0.00659284
0.00653201
0.00647171
0.00641307
0.00635537
0.00629936
0.00624333
0.00619058
0.00613889
0.00608882
0.0060411
0.00599557
0.00595353
0.00591356
0.00587622
0.00584167
0.00580815
0.00577641
0.0057464
0.00571825
0.00569167
0.00566806
0.00564655
0.00562764
0.00561139
0.00559767
0.00558665
0.00557878
0.00557289
0.00557043
0.00557039
0.00557306
0.00557862
0.00558664
0.00559728
0.00561079
0.00562677
0.00564533
0.00566618
0.00568974
0.00571587
0.00574419
0.00577502
0.00580762
0.0058431
0.00587992
0.00591943
0.00596067
0.00600409
0.00604879
0.00609571
0.006145
0.00619528
0.00624711
0.00630074
0.00635641
0.00641334
0.00647097
0.0065304
0.00659116
0.0066537
0.00671732
0.00678219
0.00684806
0.00691576
0.00698492
0.00705414
0.00712487
0.00719767
0.00726977
0.00734476
0.00741959
0.00749584
0.00757208
0.00764914
0.00772668
0.00780539
0.00788311
0.00796289
0.00804281
0.00812284
0.0082047
0.00828518
0.00836756
0.00845098
0.00853501
0.00861993
0.00870453
0.00879087
0.00887747
0.00896524
0.00905327
0.00914153
0.00923165
0.00932335
0.00941439
0.00950731
0.00960042
0.00969542
0.00978978
0.00988705
0.00998496
0.0100843
0.010184
0.0102851
0.0103874
0.0104923
0.0105979
0.0107049
0.0108135
0.010924
0.0110378
0.0111511
0.0112675
0.0113864
0.0115074
0.0116307
0.0117571
0.0118857
0.0120167
0.0121518
0.0122901
0.0124314
0.0125756
0.0127246
0.0128783
0.0130355
0.0131996
0.013366
0.0135379
0.0137217
0.0139063
0.0140996
0.0142983
0.0145084
0.0147224
0.0149481
0.015184
0.0154318
0.0156887
0.0159584
0.0162439
0.0165448
0.0168601
0.0171975
0.0175418
0.0179108
0.0183138
0.0187379
0.0191962
0.0196816
0.020208
0.0207745
0.0213859
0.0220537
0.0227761
0.0235738
0.0244454
0.0254156
0.0264911
0.0276983
0.0290583
0.0306093
0.0323813
0.0344433
0.0368638
0.0397539
0.0432475
0.0475731
0.0530293
0.0600401
0.06891
0.0758653
0.0578126
60.6788
59.0322
112.045
75.3729
166.516
89.4168
209.296
142.566
365.963
253.946
400.906
313.431
762.694
254.283
32.4152
49.8291
57.4076
45.3831
35.6713
39.2884
40.4916
41.8362
15.7752
8.14228
7.02842
5.25722
3.84326
2.84727
2.19339
1.80853
1.64198
1.64196
1.69441
1.42627
0.452224
2.37211
2.89502
2.01332
1.22984
0.823782
0.638705
0.462555
0.400349
0.354849
0.31624
0.261677
0.195905
0.387757
0.869238
1.56938
2.49778
4.14313
4.11548
4.64458
2.79743
1.58151
0.938075
0.989053
3.44331
9.21558
8.97164
13063.2
8450.72
4270.22
2332.79
713.56
270.792
139.118
139.224
112.998
107.517
89.0665
55.911
47.9184
54.8183
22.0299
19.3832
19.7686
21.4136
20.8405
19.7144
20.298
20.8523
22.0312
22.9006
21.445
22.4963
22.6753
21.8968
23.5141
24.9972
27.9294
26.0081
48.184
35.2138
34.6822
27.2907
24.3179
48.433
41.2417
33.4496
39.9706
46.9179
47.6035
44.4869
39.718
35.4272
35.3625
36.7662
41.7415
39.799
36.0438
32.0714
46.933
33.2137
33.3673
38.2741
43.2571
34.124
39.6188
46.7206
41.603
39.5412
44.2919
40.121
49.2751
63.1461
53.8251
54.0582
69.791
64.4068
49.151
55.4715
63.6869
73.664
107.918
60.2522
53.5496
72.2939
75.7079
70.0868
64.7963
56.4472
59.9648
52.3804
55.1252
55.1035
54.3328
50.6595
55.7479
50.2748
48.2921
50.1173
54.0477
56.1822
62.2242
48.3157
214.662
112.18
64.5891
75.684
78.8176
75.3768
79.3152
64.7906
66.2298
73.4502
77.1251
65.469
60.3325
64.0885
67.7569
62.3357
57.3909
69.0484
116.509
71.5379
86.1451
69.4486
84.8843
97.381
81.5195
310.068
927.145
459.593
233.462
540.963
4748.97
992.55
578.13
21872.7
5906.61
30684.9
1.10503e+07
536059
1.51517e+06
280529
576384
173168
239043
393262
431251
708303
187930
568476
480252
375449
379407
219307
366416
217766
2.27389e+06
1.43313e+06
5.733e+06
1.65024e+07
4.47944e+07
2.51775e+08
3.52788e+07
3.6837e+07
6.98921e+07
5.27246e+06
1.13355e+07
1.46656e+07
6.35116e+06
2.30729e+06
3.19779e+06
2.08438e+06
828916
4.02122e+06
474253
6.75276e+06
497320
1.87778e+07
6.68537e+06
1.07616e+07
1.12635e+07
1.88781e+07
8.27544e+06
9.44676e+06
6.46991e+06
7.12308e+06
1.5905e+07
1.94392e+07
923805
3.39386e+06
400991
7.18816e+06
4.62143e+06
6.97846e+06
8.82392e+06
5.98509e+06
4.38521e+06
4.44157e+06
2.87574e+06
3.08234e+06
2.81765e+06
1.70683e+06
9.37253e+06
1.11211e+07
8.07688e+06
4.87403e+06
4.39226e+07
4.68231e+07
4.9491e+07
6.07139e+07
7.26298e+07
2.80262e+07
1.53112e+06
2.3491e+06
937386
1.02256e+06
758435
581465
594784
627430
629288
710882
603042
598635
599470
604882
612042
622467
641034
654246
668588
711890
724292
730214
699949
703608
701009
709717
716137
720591
831810
1.04268e+06
1.00951e+06
1.16993e+06
828421
862179
1.12829e+06
891949
1.21582e+06
5.61565e+06
5.8315e+06
3.44438e+06
1.26286e+06
1.27115e+06
1.03164e+06
1.00131e+06
1.04064e+06
1.00993e+06
1.14319e+06
1.17671e+06
1.08267e+06
1.03983e+06
1.29237e+06
1.26527e+07
3.3066e+06
1.07094e+06
1.2631e+06
1.1816e+06
1.08046e+06
1.04101e+06
1.01565e+06
986829
988159
1.50925e+06
6.95311e+06
6.86207e+06
1.63802e+06
7.51326e+06
3.95447e+06
1.55659e+06
1.22062e+06
1.11985e+06
1.1041e+06
1.08362e+06
1.11018e+06
1.18982e+06
1.24477e+06
1.25744e+06
1.26703e+06
1.30783e+06
1.44055e+06
2.01966e+06
1.25245e+06
1.69586e+06
4.64627e+06
3.28175e+06
6.94249e+06
2.94882e+07
7.54125e+06
1.67235e+07
1.61325e+07
1.6272e+07
2.40555e+06
1.49421e+06
1.55053e+06
1.59064e+06
1.65286e+06
1.71276e+06
1.67618e+06
1.84536e+06
1.80314e+06
2.43304e+06
2.34204e+06
2.4184e+06
2.75848e+06
2.45676e+06
2.41633e+06
2.23243e+06
2.23764e+06
2.25962e+06
2.31087e+06
2.37213e+06
2.5338e+06
2.66713e+06
2.59065e+06
2.18962e+06
1.79772e+06
2.05674e+06
2.42727e+06
2.83252e+06
3.08946e+06
2.80899e+06
2.86969e+06
3.27136e+06
6.04905e+06
1.44757e+07
6.07045e+07
2.32517e+07
6.01423e+06
6.5574e+06
7.55593e+06
8.97162e+06
1.06917e+07
1.15911e+07
1.12532e+07
1.00976e+07
7.72594e+06
5.64831e+06
3.61766e+06
6.02276e+06
1.06247e+07
6.63353e+06
5.25375e+06
5.32089e+06
8.16657e+06
1.33168e+07
1.50897e+07
3.72374e+07
2.44458e+07
1.44805e+07
1.35248e+07
4.67944e+07
1.34414e+07
1.53192e+07
2.38249e+07
2.44227e+07
6.96887e+06
5.67982e+06
5.20047e+06
8.8348e+06
8.22638e+06
2.17967e+07
6.8734e+07
1.0903e+08
5.15367e+07
2.42527e+08
4.82643e+08
2.11367e+09
4.25993e+08
1.45346e+09
1.41187e+09
1.45963e+09
3.18106e+08
1.01275e+09
1.57114e+09
1.71137e+09
3.42477e+07
1.59846e+08
2.08666e+07
9.52203e+08
9.31525e+08
1.24578e+09
6.70456e+08
3.03921e+08
2.97884e+08
3.42101e+08
6.18878e+08
4.56147e+08
8.29746e+08
8.6543e+08
6.36142e+08
6.25252e+08
4.7662e+08
6.68623e+08
9.66141e+08
1.94506e+08
2.58649e+08
1.24303e+09
1.35456e+08
2.60313e+08
4.33986e+08
5.32758e+08
1.00829e+09
4.16619e+08
6.62821e+08
4.86454e+08
5.57913e+08
1.41315e+08
3.09175e+07
5.38761e+07
9.80535e+07
7.05911e+07
1.61276e+08
1.72422e+07
8.84933e+07
9.05475e+07
8.43151e+07
1.79562e+08
2.12253e+08
1.41687e+07
1.27079e+07
7.08947e+07
9.97415e+07
3.57355e+08
3.30365e+08
2.15655e+07
5.54605e+07
3.22124e+08
5.69205e+08
5.1941e+08
6.6767e+08
8.28177e+08
1.26613e+09
1.59579e+07
2.45147e+08
3.97606e+08
1.09951e+08
9.21278e+08
4.4102e+09
2.71578e+10
4.18706e+09
2.34763e+09
1.49819e+09
1.48984e+09
6.45148e+08
6.64498e+08
2.32171e+08
1.13496e+08
6.74777e+08
1.41064e+08
4.57326e+07
2.07474e+08
4.26448e+08
4.35285e+08
1.60636e+07
7.27435e+06
1.84672e+07
1.43122e+08
3.19391e+07
2.93279e+07
8.4629e+07
3.87616e+07
4.43384e+07
1.77733e+07
7.06559e+06
1.23229e+07
4.10239e+06
6.09629e+06
7.47656e+06
1.08497e+07
1.03905e+07
1.97225e+07
4.76783e+07
1.52696e+08
1.91061e+08
3.21269e+08
2.285e+08
2.08567e+08
5.21886e+08
1.34385e+08
2.7533e+08
6.92154e+08
4.62814e+08
1.94896e+08
4.02923e+08
1.57787e+08
4.6516e+08
2.04234e+08
2.75083e+08
1.01862e+08
3.9213e+08
5.08326e+08
4.46576e+08
1.28652e+08
3.48698e+08
1.01659e+08
2.49788e+08
1.38123e+08
2.87514e+07
1.74114e+08
1.14078e+08
6.04242e+07
3.05628e+07
7.47007e+07
6.77397e+07
1.49418e+07
1.72092e+07
2.27175e+07
5.03908e+07
6.25141e+07
2.68756e+07
3.56185e+07
2.59465e+07
1.23959e+07
1.97347e+07
2.70104e+07
3.41262e+07
3.08789e+07
1.99031e+07
1.47148e+07
1.94691e+07
1.88908e+07
1.77114e+07
1.90069e+07
2.00103e+07
2.2844e+07
1.40446e+07
1.61133e+07
1.35788e+07
1.40126e+07
1.20074e+07
1.22434e+07
1.78704e+07
1.61312e+07
3.23413e+07
3.74986e+07
2.65161e+07
3.08627e+07
2.53556e+07
4.0962e+07
3.00915e+07
2.90577e+07
2.31163e+07
2.64981e+07
4.6385e+07
4.97614e+07
3.04405e+07
2.27801e+07
2.04665e+07
2.2715e+07
2.22193e+07
1.79668e+07
1.78834e+07
2.36088e+07
2.63989e+07
4.20695e+07
4.43461e+07
3.1546e+07
2.57822e+07
1.68865e+07
2.7284e+07
1.65428e+08
1.30294e+08
2.80429e+08
3.03232e+08
6.09655e+08
2.83287e+08
9.89397e+07
1.60892e+08
1.84999e+08
1.07708e+08
3.16464e+07
3.10108e+07
2.62723e+07
3.29753e+07
2.66999e+07
3.01865e+07
2.96811e+07
2.78026e+07
2.60373e+07
3.13862e+07
2.72584e+07
3.26388e+07
2.31399e+07
1.88555e+07
3.22715e+07
2.11191e+07
1.86071e+07
1.92696e+07
1.72698e+07
1.78726e+07
1.73148e+07
2.33829e+07
2.10589e+07
2.05714e+07
1.80343e+07
1.26642e+07
1.30688e+07
1.50032e+07
1.42934e+07
1.68044e+07
1.72076e+07
1.65229e+07
1.55814e+07
1.29621e+07
9.70709e+06
9.79438e+06
9.32202e+06
9.40633e+06
9.88707e+06
1.06484e+07
1.18137e+07
1.32105e+07
1.46987e+07
1.60399e+07
1.7043e+07
1.70158e+07
1.52385e+07
1.18641e+07
8.30853e+06
7.56918e+06
1.00187e+07
1.31599e+07
1.45776e+07
1.58155e+07
1.56279e+07
1.53743e+07
1.5341e+07
1.41236e+07
1.18585e+07
9.58652e+06
9.63015e+06
1.22372e+07
1.52871e+07
1.58722e+07
1.5238e+07
1.53909e+07
1.66485e+07
1.76696e+07
1.8117e+07
1.74654e+07
1.64594e+07
1.68709e+07
1.69443e+07
1.68841e+07
1.79816e+07
2.00469e+07
2.23817e+07
2.53955e+07
2.49633e+07
2.32174e+07
2.57713e+07
1.91307e+07
1.65718e+07
1.69395e+07
1.51273e+07
1.98385e+07
2.49222e+07
2.7427e+07
2.82856e+07
2.85461e+07
2.80043e+07
2.65208e+07
2.4818e+07
2.4497e+07
2.42456e+07
2.28531e+07
2.00906e+07
1.67563e+07
1.46631e+07
1.30933e+07
1.2674e+07
1.44771e+07
1.52675e+07
1.74383e+07
1.43745e+07
1.45443e+07
2.05652e+07
2.20335e+07
2.61287e+07
2.48048e+07
2.28388e+07
2.05532e+07
2.00161e+07
2.20489e+07
2.26548e+07
2.21426e+07
1.92925e+07
1.44748e+07
9.30665e+06
9.84403e+06
1.45834e+07
1.66923e+07
1.89354e+07
1.73677e+07
1.79948e+07
1.70914e+07
1.91956e+07
1.81751e+07
2.31678e+07
3.00888e+07
2.17378e+07
2.03023e+07
1.94672e+07
2.2066e+07
2.46674e+07
2.51437e+07
2.54241e+07
2.47189e+07
2.36567e+07
2.19573e+07
2.11588e+07
2.24208e+07
2.83716e+07
2.92803e+07
1.41494e+07
1.89875e+07
2.33999e+07
3.0902e+07
3.54191e+07
3.73398e+07
3.89354e+07
4.08396e+07
4.16121e+07
4.03154e+07
3.72128e+07
3.36652e+07
3.10042e+07
2.89559e+07
2.85691e+07
2.85895e+07
2.84311e+07
2.64949e+07
2.56737e+07
2.46578e+07
2.38113e+07
2.32131e+07
2.1456e+07
1.95098e+07
1.87927e+07
1.93981e+07
2.14793e+07
2.48028e+07
2.85793e+07
3.17637e+07
3.42201e+07
3.64594e+07
3.78961e+07
3.83845e+07
4.03071e+07
4.38681e+07
4.99384e+07
5.75527e+07
6.60808e+07
7.38823e+07
7.84393e+07
7.62161e+07
5.06475e+07
5.25616e+07
1.02735e+08
7.70647e+07
5.12313e+07
6.64893e+07
2.41093e+07
2.57475e+07
2.57491e+07
3.03232e+07
3.61096e+07
4.16527e+07
3.94636e+07
3.41398e+07
4.18286e+07
5.79331e+07
7.67386e+07
9.56453e+07
1.03335e+08
1.02342e+08
5.00622e+07
5.1693e+07
7.3096e+07
8.17304e+07
6.56089e+07
4.80907e+07
4.11439e+07
3.42131e+07
3.03621e+07
2.81754e+07
2.0767e+07
2.29843e+07
2.35548e+07
3.37405e+07
4.60063e+07
6.01789e+07
7.38853e+07
8.2478e+07
9.67951e+07
1.09544e+08
1.15353e+08
1.14828e+08
1.03468e+08
8.08798e+07
4.15267e+07
4.01459e+07
5.34311e+07
4.66015e+07
4.27529e+07
3.92703e+07
3.48315e+07
3.0073e+07
2.46547e+07
2.28217e+07
2.91981e+07
3.93241e+07
4.71043e+07
4.9982e+07
4.81921e+07
4.62615e+07
4.6031e+07
4.59073e+07
4.7301e+07
4.90141e+07
5.25578e+07
5.43405e+07
5.51709e+07
5.81115e+07
6.52935e+07
7.10088e+07
4.09869e+07
8.06284e+07
1.26185e+08
1.52343e+08
9.94807e+07
1.36911e+08
1.78806e+08
2.01987e+08
2.04775e+08
1.97454e+08
7.82499e+07
2.23057e+08
1.81852e+08
1.05861e+08
1.7206e+08
1.55587e+08
1.31873e+08
5.62406e+07
8.31681e+07
3.11944e+07
2.59647e+07
2.81383e+07
3.26725e+07
3.26569e+07
3.20798e+07
3.62315e+07
3.65961e+07
3.56848e+07
3.26738e+07
3.17849e+07
3.42405e+07
3.69668e+07
3.46678e+07
3.53409e+07
4.29023e+07
1.68382e+08
2.33406e+08
1.23948e+08
1.91992e+08
4.70136e+07
4.80677e+07
1.0871e+08
3.25425e+08
2.70648e+08
1.06714e+08
6.78306e+07
6.33518e+07
1.46437e+08
1.9537e+08
5.03826e+08
2.71459e+08
8.57201e+07
2.13962e+08
2.63968e+08
3.29301e+08
3.49732e+08
1.96297e+08
4.00924e+08
3.08664e+08
3.61063e+08
1.40134e+08
1.04785e+08
1.12701e+08
1.70416e+08
2.41725e+08
8.16016e+07
1.96302e+08
3.00586e+08
6.14342e+08
1.62276e+08
2.89875e+08
6.5751e+08
1.59712e+09
6.9539e+08
2.33835e+09
4.17038e+08
2.91833e+08
5.22524e+08
8.95291e+08
5.54253e+08
6.44605e+08
2.04311e+09
1.33463e+09
2.55898e+08
8.3519e+08
1.36745e+09
2.92882e+08
2.82254e+09
1.48146e+09
3.73259e+08
5.65007e+08
1.82572e+09
4.16477e+08
1.14897e+09
3.11515e+08
3.43822e+08
4.8442e+08
2.6837e+09
2.45621e+09
1.01658e+09
3.15343e+08
6.85262e+08
6.1024e+08
2.99844e+08
1.25584e+09
5.94949e+08
7.39536e+08
6.15908e+08
1.27203e+09
2.43816e+09
6.41471e+08
1.02235e+09
7.44467e+08
2.97693e+08
5.94379e+08
5.7658e+08
6.79271e+08
1.08787e+09
7.32899e+08
2.81415e+08
5.55615e+08
3.19432e+08
3.98054e+08
5.02416e+08
5.48099e+08
1.29998e+09
1.37276e+08
7.48568e+08
9.66614e+08
2.56382e+09
1.24989e+09
2.07304e+08
3.52908e+09
5.17831e+08
4.04616e+08
3.5342e+08
3.83708e+08
9.50333e+07
3.57052e+08
2.5697e+08
2.36397e+08
3.89664e+08
2.54974e+08
1.11785e+09
1.80929e+09
9.65744e+08
6.4783e+08
1.76839e+09
2.5867e+09
2.81543e+09
2.99817e+09
3.56293e+09
3.40561e+09
7.89576e+08
3.29611e+08
5.4475e+08
2.3213e+08
2.66595e+09
7.41534e+08
3.5752e+09
4.3843e+09
4.45507e+08
1.87513e+09
3.75618e+09
2.09175e+09
3.16672e+09
9.93603e+08
6.08622e+08
3.92289e+08
1.20949e+09
3.52151e+09
1.01106e+09
5.85699e+08
6.17389e+08
2.67657e+08
6.70429e+08
3.04808e+08
1.45304e+09
1.56521e+09
3.19598e+09
1.60117e+09
3.8399e+08
4.41365e+08
9.2262e+08
6.43793e+08
1.00735e+09
1.77516e+09
5.02174e+08
6.93764e+08
4.23341e+08
4.14979e+09
1.93396e+09
1.02938e+09
1.54951e+09
2.96275e+09
7.57581e+08
1.86473e+09
1.08835e+09
2.2937e+08
1.01452e+09
1.54963e+09
6.31172e+08
1.01271e+09
8.60896e+08
1.57118e+09
1.94129e+09
4.50731e+09
3.40671e+09
2.69583e+09
6.28376e+08
4.68879e+08
1.59601e+09
7.47376e+08
3.02098e+08
8.18001e+08
2.70878e+08
7.49379e+08
6.73537e+08
3.81396e+08
8.40053e+08
4.66688e+08
4.72866e+08
6.07215e+08
2.60089e+08
9.31917e+08
4.51395e+08
4.87236e+08
8.99788e+08
2.16419e+08
4.83604e+08
5.45538e+08
2.6954e+08
2.91712e+08
2.2312e+08
2.65714e+08
8.20711e+08
1.02577e+09
1.27579e+08
4.50856e+08
4.11721e+08
4.3587e+08
7.79331e+08
8.69117e+08
7.87641e+08
3.91442e+08
6.87345e+08
4.13825e+08
4.54796e+08
1.14986e+08
6.95178e+08
7.9982e+08
2.77146e+08
5.70627e+08
3.62055e+08
3.25339e+08
6.19082e+08
9.6862e+08
2.46595e+08
2.26625e+08
1.90965e+08
5.85312e+08
3.94706e+08
2.62078e+08
2.36268e+08
2.01972e+08
7.32187e+08
5.24738e+08
4.49522e+08
2.869e+08
6.96336e+08
7.53413e+08
9.62654e+07
4.31515e+08
2.03887e+08
6.72912e+08
3.47436e+08
2.99706e+08
2.48654e+08
4.23391e+08
4.11133e+08
9.10391e+08
1.26454e+09
6.25676e+08
1.4266e+08
1.7349e+08
1.403e+08
6.4301e+08
8.49124e+08
7.06189e+08
2.35579e+08
2.86315e+08
3.76931e+08
6.00351e+08
2.10391e+08
1.67265e+08
3.00975e+08
9.84537e+07
4.53921e+08
7.14039e+08
3.62368e+08
3.22192e+08
3.41612e+08
2.18538e+08
2.38206e+08
2.92837e+08
4.7327e+08
7.9622e+08
8.6344e+08
5.51068e+08
3.20403e+08
2.14268e+08
9.14271e+07
1.18467e+08
1.86752e+08
2.29134e+08
3.07846e+08
1.45944e+08
1.47779e+08
3.302e+08
2.58056e+08
4.81899e+08
4.52261e+08
2.73015e+08
3.90796e+08
2.4349e+08
2.51516e+08
1.85491e+08
4.12359e+08
4.39046e+08
3.59251e+08
2.37239e+08
1.75942e+08
2.34495e+08
2.24465e+08
1.66149e+08
1.8918e+08
1.98272e+08
2.80225e+08
3.24537e+08
1.67773e+08
1.60146e+08
2.8187e+08
2.99317e+08
3.47223e+08
2.32615e+08
1.58551e+08
1.06703e+08
1.10752e+08
9.38924e+07
9.65624e+07
6.72092e+07
5.69203e+07
7.69179e+07
1.52766e+08
1.67133e+08
1.67586e+08
9.37456e+07
1.78435e+08
2.73709e+08
3.1208e+08
1.84459e+08
1.18108e+08
1.2694e+08
1.51853e+08
1.36249e+08
1.47763e+08
1.45732e+08
1.57639e+08
2.9846e+08
1.67955e+08
3.98768e+08
3.74561e+08
2.41478e+08
8.45312e+07
1.77065e+08
8.70101e+07
1.91081e+08
1.21827e+08
1.45424e+08
1.89377e+08
1.64982e+08
1.53645e+08
1.21023e+08
1.26652e+08
1.69179e+08
1.49747e+08
9.21998e+07
2.44196e+08
3.14742e+08
3.92743e+08
1.4558e+08
9.74551e+07
1.09169e+08
6.14871e+07
1.03717e+08
1.21911e+08
1.25414e+08
1.03883e+08
1.24837e+08
1.55176e+08
2.35075e+08
1.60583e+08
1.46937e+08
1.92281e+08
1.90431e+08
1.79934e+08
1.2895e+08
1.19952e+08
9.51656e+07
1.71522e+08
2.05748e+08
3.66186e+08
3.96908e+08
5.10613e+08
1.37242e+08
3.72439e+08
2.01361e+08
1.52175e+08
1.61082e+08
1.65961e+08
1.33646e+08
1.63372e+08
1.49515e+08
3.54131e+08
1.84413e+08
1.33302e+08
1.27898e+08
1.27004e+08
1.3272e+08
1.57324e+08
1.80643e+08
1.84158e+08
1.8215e+08
1.37931e+08
1.57067e+08
1.69583e+08
1.54017e+08
1.42808e+08
1.39968e+08
1.49571e+08
9.86545e+07
1.3832e+08
1.85429e+08
1.26213e+08
1.65965e+08
2.22355e+08
1.47088e+08
1.66903e+08
1.96219e+08
1.17209e+08
1.26281e+08
1.50056e+08
1.4608e+08
1.69249e+08
1.80417e+08
1.05775e+08
1.57502e+08
1.58957e+08
2.05938e+08
3.06972e+08
3.40557e+08
6.47816e+08
4.5681e+08
3.61689e+08
1.0033e+09
2.4432e+08
1.12329e+09
1.13593e+09
9.72155e+08
1.32386e+09
3.16888e+08
6.47704e+08
3.92278e+08
1.66478e+09
1.69907e+09
8.36468e+08
4.69512e+08
2.39124e+08
1.44981e+08
2.68704e+08
3.5798e+08
1.72642e+08
2.03879e+08
6.96591e+08
5.29842e+08
3.30996e+08
8.30198e+08
8.01025e+08
6.08751e+08
1.19171e+08
1.71012e+08
4.72464e+08
1.42181e+08
4.69395e+08
3.15606e+08
5.83727e+08
3.43216e+08
2.24644e+08
1.13418e+09
3.12184e+08
8.65357e+07
8.79855e+08
6.7196e+08
1.70567e+09
8.48883e+08
7.1234e+08
1.73989e+09
4.18314e+08
9.3542e+08
1.13191e+09
1.71251e+09
5.70037e+08
7.96905e+08
2.09961e+08
4.89112e+08
1.87442e+08
5.82718e+08
1.14267e+09
1.17665e+09
3.15953e+08
8.16809e+08
4.38741e+08
3.69362e+08
8.33623e+08
4.5105e+08
2.47852e+08
4.15167e+08
6.66254e+08
1.11314e+09
2.13322e+08
8.92258e+08
7.93139e+08
2.61605e+08
6.03451e+08
6.39911e+08
2.0157e+08
3.68065e+08
6.56256e+08
4.65255e+08
1.21531e+08
2.19837e+08
2.63433e+08
4.60653e+08
8.12347e+08
3.87712e+08
3.96698e+08
2.30654e+08
1.59022e+08
1.56053e+08
3.45082e+08
4.06184e+08
1.51499e+08
3.70927e+08
3.59893e+08
2.06454e+08
2.10856e+08
1.46313e+08
1.55903e+08
1.36193e+08
2.28665e+08
2.0094e+08
3.18998e+08
2.4655e+08
6.15713e+07
1.8953e+08
1.72507e+08
1.55899e+08
2.08235e+08
1.1066e+08
9.5546e+07
7.84516e+07
1.50527e+08
8.35446e+07
1.37632e+08
1.29211e+08
2.08882e+08
8.03864e+07
1.94523e+08
6.94981e+07
1.45246e+08
2.0416e+08
1.73958e+08
1.172e+08
8.70482e+07
1.39773e+08
1.40344e+08
9.76117e+07
7.55622e+07
5.86476e+07
9.12569e+07
8.00584e+07
2.72419e+07
2.09051e+07
3.00201e+07
3.90362e+07
4.03953e+07
4.92548e+07
6.33169e+07
7.42557e+07
4.36432e+07
6.5342e+07
6.58513e+07
4.89379e+07
7.6881e+07
1.06929e+08
3.85349e+07
9.08544e+07
9.8246e+07
1.12784e+08
1.60134e+08
1.51076e+08
1.16098e+08
1.34108e+08
1.1769e+08
8.30802e+07
6.50736e+07
9.04795e+07
1.21809e+08
6.68111e+07
1.13695e+08
6.14213e+07
4.38804e+07
7.72859e+07
1.35817e+08
1.20115e+08
6.80432e+07
7.97493e+07
6.54647e+07
4.63249e+07
5.58215e+07
6.254e+07
7.87742e+07
7.44062e+07
3.66593e+07
6.07618e+07
7.81269e+07
3.57651e+07
3.97347e+07
5.58653e+07
6.85166e+07
7.60985e+07
8.19024e+07
5.26572e+07
2.82617e+07
2.3239e+07
3.20376e+07
4.38134e+07
5.84464e+07
7.44067e+07
7.59679e+07
4.30154e+07
2.3287e+07
2.73046e+07
2.8627e+07
3.69261e+07
6.67619e+07
1.16494e+08
5.48346e+07
2.44769e+07
2.55162e+07
3.09807e+07
4.49889e+07
3.88687e+07
7.6572e+07
3.42225e+07
2.30825e+07
2.67735e+07
3.80441e+07
3.43658e+07
6.1928e+07
3.75819e+07
3.66082e+07
3.18557e+07
2.52619e+07
2.25951e+07
3.10286e+07
3.85484e+07
7.20592e+07
3.58808e+07
2.27758e+07
2.83397e+07
3.47488e+07
3.76866e+07
3.64667e+07
7.17771e+07
1.22658e+08
1.10403e+08
1.02789e+08
8.08032e+07
2.3363e+07
2.67727e+07
3.78387e+07
4.4669e+07
5.115e+07
5.88901e+07
4.97907e+07
5.10525e+07
5.31612e+07
4.5336e+07
4.46826e+07
3.112e+07
2.94234e+07
3.93794e+07
8.80401e+07
8.17024e+07
1.13163e+08
1.28149e+08
1.11792e+08
1.22853e+08
1.11681e+08
7.88766e+07
8.02586e+07
1.02096e+08
6.67441e+07
5.44075e+07
4.57632e+07
3.82586e+07
3.85654e+07
4.14538e+07
4.23784e+07
4.72911e+07
3.12614e+07
3.14763e+07
4.26024e+07
5.09256e+07
4.54776e+07
5.48401e+07
2.27445e+07
2.54889e+07
3.19222e+07
4.64795e+07
4.39052e+07
9.49009e+07
5.12697e+07
2.51369e+07
2.21056e+07
2.36852e+07
2.74783e+07
3.03787e+07
3.88225e+07
5.37772e+07
8.85717e+07
3.77504e+07
2.07466e+07
2.09524e+07
2.5845e+07
3.36393e+07
3.96149e+07
2.65039e+07
4.40243e+07
2.03089e+07
2.11471e+07
2.10155e+07
2.00911e+07
2.10159e+07
2.16089e+07
2.35196e+07
3.60289e+07
4.33339e+07
6.51854e+07
2.27385e+07
1.87234e+07
2.13015e+07
2.79071e+07
3.14916e+07
3.19221e+07
2.91922e+07
2.55963e+07
2.59295e+07
2.89489e+07
3.40213e+07
2.58708e+07
2.07077e+07
1.86128e+07
2.12226e+07
2.62478e+07
3.24129e+07
3.18041e+07
3.6007e+07
2.48842e+07
1.86444e+07
1.83784e+07
1.89586e+07
2.28704e+07
2.76888e+07
3.14983e+07
3.54912e+07
3.67023e+07
3.28732e+07
2.7442e+07
2.18654e+07
1.88144e+07
1.83932e+07
1.9858e+07
2.15054e+07
2.20568e+07
2.10158e+07
1.92839e+07
2.00405e+07
2.1119e+07
2.25533e+07
2.4584e+07
2.70541e+07
2.91567e+07
3.05017e+07
3.09944e+07
3.08158e+07
2.997e+07
2.85873e+07
2.69522e+07
2.54747e+07
2.45015e+07
2.35729e+07
2.1228e+07
1.75863e+07
1.56499e+07
1.79426e+07
2.17208e+07
2.37417e+07
2.11922e+07
1.74555e+07
1.85762e+07
1.71901e+07
2.29979e+07
2.80597e+07
3.81249e+07
2.86481e+07
1.97136e+07
1.55938e+07
1.94473e+07
2.20599e+07
2.19315e+07
2.4125e+07
2.63472e+07
2.84874e+07
3.09201e+07
3.10536e+07
2.74759e+07
2.05714e+07
1.62975e+07
1.95272e+07
1.95693e+07
1.84668e+07
1.94848e+07
2.14167e+07
2.29836e+07
2.5429e+07
2.2684e+07
1.68817e+07
1.55842e+07
1.88989e+07
2.00334e+07
1.82504e+07
2.29388e+07
2.33321e+07
2.38536e+07
2.41519e+07
2.06295e+07
1.90392e+07
1.81198e+07
1.77883e+07
1.74309e+07
1.70282e+07
1.67285e+07
1.62245e+07
1.59046e+07
1.74392e+07
2.01901e+07
2.30535e+07
2.48646e+07
2.66593e+07
2.7153e+07
2.79983e+07
2.85104e+07
2.89303e+07
2.75461e+07
2.25884e+07
1.65985e+07
1.50181e+07
1.70283e+07
1.73333e+07
1.69415e+07
2.25292e+07
2.39739e+07
2.85861e+07
3.41657e+07
3.65555e+07
3.35614e+07
2.57315e+07
1.95613e+07
1.74164e+07
1.53136e+07
1.41433e+07
1.48745e+07
1.63447e+07
1.70434e+07
1.71745e+07
1.71171e+07
1.71192e+07
1.69133e+07
1.62506e+07
1.49845e+07
1.41103e+07
1.54963e+07
1.84592e+07
2.07234e+07
2.18579e+07
2.53556e+07
2.78867e+07
2.23335e+07
1.90625e+07
2.1457e+07
2.20177e+07
2.16282e+07
2.70092e+07
1.65767e+07
1.74448e+07
2.21811e+07
2.09027e+07
1.9661e+07
2.49091e+07
2.51685e+07
2.57376e+07
2.43777e+07
1.92566e+07
1.49546e+07
1.5942e+07
1.83333e+07
2.11524e+07
1.86633e+07
2.37814e+07
2.79944e+07
1.95499e+07
2.92185e+07
2.25508e+07
2.6699e+07
2.68632e+07
2.11884e+07
2.97432e+07
2.00204e+07
2.78603e+07
3.35172e+07
3.22682e+07
3.05389e+07
3.42581e+07
3.52621e+07
2.99351e+07
1.94429e+07
1.55394e+07
1.99526e+07
2.63258e+07
3.1409e+07
3.3333e+07
3.09682e+07
2.35226e+07
1.70383e+07
1.86966e+07
2.12622e+07
2.17213e+07
2.67751e+07
3.49824e+07
3.39581e+07
3.16435e+07
3.22735e+07
5.9345e+07
2.96564e+07
2.55203e+07
2.0121e+07
1.94028e+07
2.03954e+07
2.13557e+07
2.36083e+07
2.46419e+07
2.21554e+07
1.85169e+07
1.67068e+07
1.76225e+07
1.90864e+07
1.93167e+07
1.80673e+07
1.72457e+07
1.98217e+07
2.17507e+07
1.91032e+07
1.76363e+07
2.06457e+07
2.28139e+07
2.15962e+07
1.80393e+07
1.71986e+07
2.12217e+07
2.52702e+07
2.66572e+07
2.48721e+07
2.11617e+07
1.77319e+07
1.63861e+07
1.74409e+07
1.95432e+07
2.16589e+07
2.33986e+07
2.4263e+07
2.36324e+07
2.19146e+07
2.04354e+07
2.10956e+07
2.50345e+07
2.99147e+07
3.08006e+07
2.60541e+07
2.41004e+07
2.26273e+07
2.57229e+07
3.82874e+07
6.17284e+07
6.7487e+07
3.63722e+07
3.14956e+07
1.11804e+08
1.41119e+08
1.48285e+08
2.84082e+08
4.39608e+08
5.225e+08
3.92402e+08
6.98579e+08
6.50743e+08
7.63822e+08
4.3463e+08
6.36508e+07
9.38364e+07
9.61224e+07
3.65853e+07
2.25962e+08
2.63525e+07
6.51012e+07
1.09296e+08
1.79658e+08
3.5718e+07
3.52402e+07
2.68493e+07
5.73463e+07
8.44011e+07
7.53696e+07
7.52657e+07
4.04316e+07
3.22752e+07
2.8693e+07
3.12645e+07
3.84621e+07
5.27366e+07
6.54977e+07
3.52539e+07
7.49491e+07
3.48805e+07
3.07446e+07
2.77367e+07
2.8095e+07
2.44369e+07
3.52396e+07
4.86309e+07
2.16655e+08
1.10103e+08
2.09986e+08
2.4449e+08
1.16342e+08
6.24608e+07
5.00595e+07
7.29472e+07
5.70152e+07
3.49272e+07
2.59749e+07
2.15047e+07
1.98269e+07
2.02388e+07
2.11685e+07
3.05202e+07
2.81474e+07
2.85543e+07
2.50376e+07
2.51883e+07
2.51023e+07
2.35218e+07
2.19527e+07
2.01769e+07
1.97353e+07
1.99517e+07
2.04945e+07
2.12602e+07
2.1873e+07
2.20986e+07
2.35775e+07
3.55802e+07
5.76601e+07
1.57762e+08
1.77768e+08
1.89064e+08
1.03684e+08
4.52097e+07
2.52256e+07
2.1389e+07
1.97637e+07
1.89899e+07
1.925e+07
1.98683e+07
2.07502e+07
2.15659e+07
2.28786e+07
2.42844e+07
2.69903e+07
3.05135e+07
4.05644e+07
3.30811e+07
6.71389e+07
3.41686e+07
3.03009e+07
2.46268e+07
2.03361e+07
2.48749e+07
3.15276e+07
2.89454e+07
3.12214e+07
3.41152e+07
3.22666e+07
2.67538e+07
2.56686e+07
3.16652e+07
3.97305e+07
4.61659e+07
5.09438e+07
5.63433e+07
4.12203e+07
5.69342e+07
7.3496e+07
4.96871e+07
4.87112e+07
6.30144e+07
8.51296e+07
9.747e+07
7.92799e+07
8.92676e+07
3.32721e+07
4.3728e+07
8.18877e+07
8.90968e+07
7.22585e+07
5.63562e+07
8.16836e+07
1.49913e+08
1.46696e+08
1.39734e+08
2.81532e+08
2.73078e+08
2.89154e+08
2.57729e+08
4.14176e+08
2.9404e+08
1.59631e+08
2.08074e+08
1.9531e+08
2.33641e+08
1.53535e+08
8.38508e+07
1.27775e+08
1.1682e+08
2.41007e+08
5.44169e+07
3.84059e+08
1.59019e+08
1.27277e+08
3.64448e+07
5.14243e+07
5.42171e+07
5.16131e+07
3.58269e+07
2.11698e+07
5.0329e+07
8.68285e+07
1.41992e+08
2.59457e+08
1.51633e+08
5.80236e+08
1.10217e+08
2.16463e+08
1.96923e+08
7.01735e+07
1.38886e+08
1.1457e+08
3.76185e+07
4.5259e+07
6.35933e+07
3.28595e+07
5.82415e+07
1.34809e+08
2.26291e+08
3.45456e+08
1.08054e+08
4.94605e+08
8.20846e+07
1.6356e+08
8.7642e+07
8.00298e+07
6.95155e+07
6.82554e+07
4.56456e+07
3.61919e+07
1.02345e+08
2.49025e+08
4.9693e+08
6.41087e+08
1.74107e+08
3.51695e+08
5.16819e+07
1.54094e+08
1.76696e+08
1.77212e+08
7.16802e+07
1.04535e+08
1.48512e+08
1.46222e+08
1.81072e+08
3.62963e+08
5.54118e+08
1.06538e+09
2.49907e+09
3.7901e+09
5.05199e+09
4.87409e+09
1.52442e+09
7.00848e+07
2.63171e+08
8.84115e+07
1.1923e+08
2.2346e+08
8.03192e+07
3.65586e+08
5.9928e+08
1.07588e+09
7.44414e+07
9.99002e+07
1.02138e+09
1.2513e+08
2.7539e+08
5.61724e+08
2.31515e+08
1.34973e+08
2.50241e+08
6.00542e+08
4.98475e+08
9.84211e+08
7.51685e+08
1.86749e+08
1.1597e+09
2.43595e+08
1.76226e+08
4.09404e+08
8.13143e+08
6.60819e+08
4.27407e+08
4.96934e+08
8.14948e+07
1.78235e+08
9.48479e+08
1.07589e+09
9.0628e+08
1.13897e+08
1.32737e+09
4.28223e+08
2.17988e+08
7.68776e+08
6.85446e+08
5.81345e+08
8.20822e+08
1.97984e+09
8.96647e+08
1.05925e+09
1.0829e+09
1.00176e+09
1.26026e+09
5.62386e+08
1.85417e+09
6.9165e+08
8.8608e+08
4.84651e+08
2.10403e+08
7.79865e+08
9.03726e+08
3.63913e+08
9.65103e+08
6.16645e+08
5.74206e+08
2.45128e+09
2.31132e+09
2.82049e+09
2.08133e+09
3.98017e+08
5.08533e+08
8.7216e+08
3.08015e+08
1.44654e+08
3.55415e+08
1.42306e+09
1.45238e+09
2.5717e+09
4.86645e+08
1.25459e+09
7.26223e+08
2.21317e+08
6.90535e+08
5.69153e+08
6.35855e+08
1.04254e+09
1.29326e+09
1.24565e+09
3.31616e+09
1.37184e+09
9.90587e+08
9.57529e+07
2.60758e+08
2.0833e+08
4.11748e+08
1.39829e+09
1.955e+09
5.11266e+09
3.16572e+09
2.69536e+09
6.44356e+08
5.99132e+08
3.32215e+08
7.5433e+08
6.88505e+08
6.69004e+08
1.31142e+09
3.25235e+09
9.41211e+09
9.97888e+09
1.00533e+10
5.02641e+08
4.29861e+09
6.23533e+09
2.35178e+09
1.49077e+09
8.37867e+08
5.74365e+09
9.16654e+09
3.96944e+09
2.81868e+09
1.9819e+09
4.37445e+09
4.0888e+09
4.43736e+08
3.26926e+09
4.40554e+09
2.75972e+08
2.98088e+09
9.7756e+09
3.66362e+09
5.28018e+08
2.95659e+09
5.23722e+07
2.90473e+09
1.62614e+08
1.34909e+09
5.32493e+09
2.38968e+09
1.47784e+09
7.73441e+09
3.52669e+09
1.99701e+09
2.02599e+09
1.45294e+09
1.874e+09
2.37992e+09
7.8685e+09
4.09062e+09
2.8319e+09
4.93612e+08
3.59285e+09
2.6107e+09
4.23961e+09
4.28258e+09
1.19701e+09
2.79282e+09
5.4458e+09
2.58846e+09
1.0701e+09
3.91339e+09
3.43309e+09
2.69357e+09
5.75616e+08
3.68137e+09
4.6185e+09
3.00078e+09
4.41739e+08
2.13563e+09
3.25082e+09
1.64968e+09
1.43746e+09
2.94553e+09
1.91181e+08
2.99382e+09
2.34692e+09
1.12776e+09
3.93432e+09
3.6374e+09
1.43742e+09
1.31461e+09
4.55165e+09
6.16896e+09
4.5853e+09
2.83561e+09
1.12136e+09
2.77672e+09
4.30743e+09
4.60266e+09
5.91056e+09
3.39872e+09
1.11275e+08
2.44616e+09
5.14529e+09
7.21487e+09
4.91547e+09
3.67133e+09
1.50915e+09
2.16381e+09
3.78631e+09
5.60141e+09
7.93275e+09
7.12557e+09
1.11339e+10
8.17771e+09
1.13004e+10
8.78676e+09
9.87093e+09
8.61786e+09
1.06855e+10
8.245e+09
1.03381e+10
8.83335e+09
1.19538e+10
9.82945e+09
1.12336e+10
6.9559e+09
4.39318e+09
3.24453e+09
7.58529e+09
1.17133e+10
1.1145e+10
1.23392e+10
7.94707e+09
2.1643e+09
6.0117e+09
1.23096e+10
1.42114e+10
7.17037e+09
4.4333e+09
1.60668e+10
1.20878e+10
5.32092e+09
1.07256e+10
8.27445e+09
1.10686e+10
6.74916e+09
5.57109e+09
2.91401e+09
5.55687e+09
5.60892e+09
3.15673e+09
4.30439e+09
7.25323e+09
7.09447e+09
4.40063e+09
7.01231e+09
8.27267e+09
1.06409e+10
1.35752e+10
1.31488e+10
1.61454e+10
1.00677e+10
7.90654e+09
4.52007e+09
1.04119e+10
1.88484e+10
9.69898e+09
6.45622e+09
1.6136e+10
1.58481e+10
1.48957e+10
1.46939e+10
1.68997e+10
2.29268e+10
1.4086e+10
2.15453e+10
2.65812e+10
1.0433e+10
2.23433e+10
1.26716e+10
2.3241e+10
3.71644e+09
1.66217e+10
2.03496e+10
1.44167e+10
1.92441e+10
1.26835e+10
2.70545e+10
9.48858e+09
1.70063e+10
2.75763e+10
1.43707e+10
2.17046e+10
1.62717e+09
2.76254e+10
2.65825e+10
2.08204e+10
1.97407e+10
2.38039e+10
3.04219e+10
1.25513e+10
2.59586e+10
2.80864e+10
1.59056e+10
4.33107e+09
2.84469e+10
1.05622e+10
1.87827e+10
5.27561e+09
4.80772e+09
4.8033e+09
2.62197e+09
3.83982e+09
9.03474e+09
4.28045e+08
2.74418e+09
8.91225e+08
5.89857e+09
3.79731e+09
8.47992e+09
5.6592e+09
8.30507e+09
1.05335e+09
1.32143e+09
1.44318e+09
6.69366e+09
6.67476e+09
5.39316e+09
1.0057e+10
6.74418e+09
1.05371e+09
5.52803e+09
5.97758e+09
4.33485e+09
2.22219e+09
3.41809e+09
5.31338e+09
7.38789e+08
3.19555e+09
3.67461e+09
6.60494e+08
1.79596e+09
6.33094e+09
7.95766e+09
2.42268e+08
6.66748e+09
7.33096e+09
4.81215e+09
2.08878e+09
4.63514e+08
3.68523e+09
6.67648e+09
7.81755e+09
2.392e+09
1.16504e+10
3.97446e+09
1.65185e+09
1.20595e+09
4.37072e+09
6.60124e+09
4.04524e+09
6.39605e+09
1.12887e+10
6.31749e+09
2.17999e+09
2.46822e+09
2.74179e+09
3.3954e+09
2.90759e+09
1.7199e+09
8.19309e+08
3.44779e+09
7.33777e+09
6.86359e+09
4.01548e+09
7.70261e+08
1.22418e+09
2.48396e+09
3.23056e+09
3.69351e+09
2.51049e+09
9.49835e+08
4.5664e+09
5.93577e+09
6.14045e+09
4.15564e+09
1.88519e+09
1.3028e+08
1.90375e+09
2.67584e+09
3.49382e+09
2.82205e+09
1.89901e+09
7.87574e+08
3.98521e+09
5.69316e+09
5.34244e+09
4.04631e+09
2.6367e+09
1.04153e+09
4.84209e+08
1.78517e+08
9.74376e+08
7.88644e+08
2.75049e+08
7.40453e+08
7.08564e+08
7.47397e+08
8.51109e+08
9.77021e+08
1.13634e+09
9.91525e+08
1.15324e+09
1.06715e+09
1.0142e+09
9.86049e+08
9.42992e+08
9.99348e+08
3.69124e+08
5.34141e+08
6.02679e+08
4.34494e+08
4.59965e+08
9.99803e+08
1.52385e+09
1.95264e+09
2.32836e+09
2.06689e+09
2.2127e+09
1.96992e+09
1.95865e+09
1.50062e+09
1.30943e+09
1.46347e+09
1.82132e+09
1.72413e+09
1.46771e+09
1.43705e+09
1.45138e+09
1.82018e+09
1.64511e+09
1.52043e+09
1.68669e+09
1.41107e+09
2.86777e+08
5.0624e+08
9.60273e+08
8.51478e+08
1.02054e+09
6.94301e+08
7.24047e+08
1.26694e+09
8.64348e+08
1.17202e+09
1.06482e+09
1.33774e+09
1.76012e+09
8.92779e+08
4.91063e+08
1.5632e+09
2.68099e+08
1.62412e+09
8.126e+08
1.56959e+09
2.67815e+09
2.48557e+09
3.3237e+09
3.18221e+09
2.59395e+09
3.35572e+09
2.74209e+09
1.44759e+09
3.32128e+09
2.73128e+09
2.43605e+09
2.9613e+09
2.43706e+09
1.74351e+09
2.1132e+09
5.39609e+07
2.46328e+09
2.24309e+09
1.89148e+09
2.41215e+09
3.21614e+09
1.82524e+09
2.92365e+09
3.02783e+09
3.27322e+08
7.21048e+09
2.81327e+09
2.68773e+09
2.42489e+09
2.89801e+09
2.51652e+09
1.11445e+08
4.46864e+09
2.76691e+09
4.27183e+09
1.60497e+09
2.65906e+09
1.20181e+09
3.2749e+09
3.06863e+09
4.17477e+09
2.74252e+09
1.82158e+09
1.19378e+09
6.29245e+09
5.77329e+09
5.26286e+09
4.95339e+09
9.48664e+08
9.5555e+09
1.22432e+09
9.34777e+09
2.41344e+10
2.10627e+09
4.14054e+09
4.94207e+10
6.71462e+09
1.2164e+10
1.13591e+09
4.95568e+09
2.54846e+10
2.67097e+09
2.39449e+10
2.99301e+09
1.50408e+10
6.71093e+09
2.19327e+10
4.63804e+09
1.22527e+10
3.23718e+10
7.45356e+09
2.21242e+10
1.12758e+10
1.83893e+11
2.9221e+09
1.30132e+10
2.21177e+10
1.71143e+10
1.3881e+11
6.21814e+09
7.88761e+09
1.43234e+09
1.41775e+10
1.00459e+11
2.61244e+10
1.65078e+10
5.21652e+10
7.9926e+09
1.13186e+10
3.22389e+10
1.06632e+10
7.17046e+08
3.0554e+10
2.97329e+10
3.53851e+10
1.13835e+10
4.09393e+10
9.31792e+09
7.9356e+09
3.33107e+10
7.0911e+09
8.97543e+10
3.3765e+09
3.92774e+10
5.70654e+09
7.04701e+10
4.97242e+10
4.73689e+10
7.55825e+09
3.829e+10
4.68476e+09
1.08284e+11
2.7565e+09
4.72956e+10
2.2221e+10
8.14632e+10
1.04099e+11
1.68598e+09
6.2788e+10
5.46201e+09
5.13441e+10
9.00262e+09
7.89108e+10
7.74087e+09
7.44749e+10
9.45678e+10
5.19703e+10
5.69447e+09
3.22039e+10
1.23016e+10
8.64905e+10
2.12154e+11
3.19202e+10
8.01575e+10
7.53242e+10
1.35044e+11
6.08411e+09
1.30429e+11
2.50483e+11
7.14375e+10
1.28382e+10
6.80279e+10
1.59366e+11
9.68769e+10
7.25062e+10
2.65148e+11
1.16298e+11
5.17219e+10
1.41901e+10
4.84349e+10
5.25594e+11
1.03089e+11
1.294e+11
7.51588e+10
4.27309e+10
4.26544e+09
1.96446e+11
1.94525e+10
4.74131e+10
5.48687e+11
9.13053e+10
1.57766e+11
1.40303e+11
3.08241e+10
2.20954e+10
1.17253e+11
2.29153e+10
6.87134e+10
1.68595e+11
4.54808e+10
2.50355e+11
1.31657e+11
4.21687e+10
3.77605e+10
1.08738e+11
3.70315e+10
1.20258e+11
9.89618e+10
6.49467e+10
3.53692e+11
1.16755e+11
4.32668e+10
4.27251e+10
7.77061e+10
5.58953e+10
1.12819e+11
1.71945e+11
6.73256e+10
3.4312e+11
8.11326e+10
4.59283e+10
6.5381e+10
5.01836e+10
1.29951e+11
2.82278e+11
6.0079e+10
1.85727e+11
2.18612e+11
5.38833e+10
9.73895e+10
1.50317e+10
4.82404e+10
5.22958e+11
1.22979e+11
1.73898e+10
3.063e+11
6.52826e+10
1.86e+11
2.44166e+10
1.26849e+10
1.23074e+11
3.75651e+11
9.28972e+10
1.47612e+11
4.80091e+11
1.18374e+11
4.85837e+10
5.99576e+10
2.53211e+10
7.43668e+10
1.90752e+11
6.08271e+10
1.37795e+11
4.24806e+11
8.32879e+10
3.72739e+10
5.55176e+10
3.23051e+10
6.54598e+10
1.47064e+11
1.78689e+11
2.49843e+11
3.71807e+11
8.16925e+10
4.7443e+10
1.2416e+11
2.55621e+10
6.54717e+10
2.24631e+11
1.63435e+10
2.21586e+11
2.93799e+11
4.82668e+10
3.72714e+10
6.98988e+10
3.58541e+10
7.85668e+10
9.41935e+10
2.59118e+11
3.50459e+11
3.87873e+11
8.92179e+10
4.70003e+10
5.74442e+10
2.06359e+11
5.49524e+10
5.25857e+10
5.2216e+10
2.29332e+11
2.54753e+11
7.20404e+10
1.66459e+10
4.74217e+10
3.43667e+10
8.12879e+10
1.01981e+11
1.07786e+11
1.2518e+11
3.13204e+11
8.10332e+10
1.78857e+08
2.828e+10
1.93453e+11
3.57241e+10
7.24335e+10
1.47562e+11
7.11452e+10
2.29535e+11
1.3494e+11
1.96161e+10
1.58018e+10
2.2661e+11
2.96782e+10
5.81049e+10
1.37393e+11
4.41142e+10
1.87716e+11
1.50338e+11
3.72963e+10
2.74428e+10
1.10158e+11
3.04769e+10
4.63579e+10
1.32749e+11
3.3939e+10
1.06049e+11
2.54846e+11
5.02282e+10
3.45783e+10
5.85616e+10
4.61143e+10
6.16759e+10
8.3845e+10
6.53672e+10
4.03363e+10
2.80051e+11
7.38078e+10
3.18501e+10
2.75203e+10
1.06978e+11
3.29906e+10
5.89756e+10
8.3536e+10
2.54445e+10
7.40458e+10
2.17631e+11
2.90655e+10
3.45412e+10
4.94649e+10
1.06576e+11
3.24939e+10
1.05544e+11
4.8671e+10
4.67745e+10
1.10774e+11
1.97776e+11
1.96174e+10
1.7617e+10
2.9028e+11
3.19876e+10
1.56535e+10
1.46294e+11
2.75032e+10
6.26685e+10
1.83994e+11
3.89368e+10
3.30927e+10
4.31047e+10
5.71344e+10
1.83565e+10
9.9317e+10
8.06385e+10
6.88498e+10
1.07815e+11
2.09981e+11
4.09015e+10
4.04845e+10
2.53048e+11
2.85319e+10
2.97116e+10
1.67487e+11
8.65496e+09
1.45082e+11
8.8729e+10
4.69462e+10
5.37025e+10
1.2436e+11
4.23187e+10
9.37244e+10
1.82279e+10
3.21855e+10
5.80366e+10
8.96126e+10
1.22777e+11
1.89486e+10
2.7996e+10
1.91976e+11
1.32052e+10
1.24552e+10
3.64952e+11
2.84995e+10
4.21392e+10
1.37858e+11
4.52602e+10
3.58264e+10
1.02505e+11
2.92298e+10
3.74819e+10
8.78889e+10
5.81666e+10
4.79066e+10
7.81542e+10
1.73908e+11
4.1896e+10
2.30006e+10
2.89319e+10
7.68407e+10
5.60974e+10
1.01518e+11
8.21833e+10
6.01023e+10
9.75985e+10
1.44162e+11
4.40527e+10
2.8905e+10
1.47689e+10
9.36486e+10
1.4557e+10
6.28342e+10
1.00156e+11
5.03945e+10
5.56151e+10
1.71485e+11
3.96151e+10
1.44843e+10
1.43923e+10
1.26409e+11
1.64725e+10
3.6347e+10
1.15243e+11
2.84933e+10
2.20609e+10
1.42843e+11
1.13149e+11
2.8065e+10
5.35804e+09
1.54725e+11
2.2621e+10
1.89237e+10
7.67129e+10
3.60585e+10
4.5804e+10
4.07351e+10
8.67458e+10
1.62747e+11
2.51203e+10
2.56189e+09
1.62035e+11
2.73829e+10
2.40566e+10
1.07708e+11
4.8778e+10
3.57758e+10
7.4419e+10
7.12242e+10
1.4346e+11
1.01494e+11
6.27456e+10
3.33073e+10
3.50434e+10
1.52774e+11
5.79526e+10
5.19402e+10
3.90067e+10
5.18881e+10
3.17673e+11
7.87558e+10
5.06653e+10
1.71898e+11
7.53241e+10
2.70844e+10
1.53569e+11
7.97902e+10
3.35802e+10
3.71792e+10
5.57122e+11
8.57686e+10
1.59694e+10
4.85728e+10
8.85048e+10
5.06276e+10
1.16733e+11
8.3444e+10
4.68826e+10
1.32299e+11
8.26645e+10
4.28451e+10
3.01936e+10
9.01394e+10
5.23171e+10
2.51604e+10
2.10835e+10
1.48951e+11
1.08077e+10
2.03996e+10
1.28101e+11
6.42202e+10
2.7933e+10
1.23458e+11
4.87612e+10
3.03294e+10
2.32927e+10
1.35096e+11
4.03433e+10
5.06817e+10
8.34245e+09
1.54985e+12
3.95976e+11
7.46477e+10
3.76097e+10
4.82347e+10
1.68255e+11
2.45207e+10
8.53243e+11
1.15719e+11
3.42915e+10
2.82356e+10
6.3261e+10
1.01944e+11
2.23736e+10
4.15021e+11
3.35674e+10
1.51577e+10
4.02755e+10
5.55059e+10
4.78633e+10
1.88813e+10
2.24386e+11
2.12763e+10
2.45436e+10
5.73873e+10
5.3486e+10
3.32011e+10
2.91833e+10
5.41623e+10
2.43613e+10
5.55501e+10
1.05297e+11
1.70771e+10
1.42928e+10
1.36912e+11
1.4065e+11
2.28762e+11
2.35021e+10
1.12359e+09
1.11074e+11
4.41942e+10
1.90346e+11
5.53751e+11
8.55118e+10
1.80395e+10
4.10667e+10
7.99856e+10
3.50413e+10
2.79777e+10
4.4027e+10
3.06186e+10
5.34734e+10
2.29077e+10
6.95778e+10
2.14672e+11
2.90434e+11
3.32629e+10
9.01315e+09
1.9375e+11
1.21074e+11
4.0809e+11
7.75793e+10
1.06321e+10
3.40819e+10
9.02039e+10
7.48498e+10
1.31643e+11
8.21491e+11
1.92391e+11
4.26849e+10
2.38843e+10
8.76432e+11
2.02425e+11
5.03009e+10
7.74471e+10
2.23468e+11
9.41122e+09
3.16781e+11
2.7367e+11
2.85008e+11
1.17599e+11
1.12207e+11
4.30771e+11
2.77101e+11
3.27466e+11
4.35835e+11
2.70513e+11
3.06763e+11
2.70771e+11
8.07556e+11
2.43074e+11
3.75145e+11
5.42781e+11
8.24549e+11
3.34241e+12
3.59891e+12
2.09868e+12
2.85909e+12
2.75426e+12
2.78159e+12
2.8307e+12
8.76874e+11
1.9055e+10
7.51813e+10
6.58032e+11
5.92232e+11
1.88775e+12
9.54593e+11
1.01938e+12
2.5919e+11
1.37464e+12
9.76384e+11
5.81485e+11
1.9008e+12
1.16441e+12
4.38563e+11
3.14337e+11
4.47497e+11
7.63786e+10
2.17543e+11
4.05476e+11
3.03402e+11
1.41804e+11
4.11318e+11
7.57037e+10
4.62626e+10
4.5347e+11
4.39179e+10
3.01606e+11
1.70609e+11
9.78702e+10
1.94923e+10
1.06084e+11
2.9485e+11
3.91738e+10
6.41566e+11
1.65804e+11
1.77498e+11
3.90777e+10
1.54941e+11
8.91753e+11
1.58366e+12
6.65884e+11
3.84215e+11
1.11851e+11
4.78161e+11
9.84066e+11
6.44104e+11
1.87878e+11
6.56553e+11
3.23898e+12
1.85141e+12
2.48657e+12
3.08179e+12
2.0033e+12
2.80813e+12
2.05494e+12
7.5573e+11
1.73218e+11
1.33307e+12
1.058e+11
2.32004e+11
3.14642e+11
7.47468e+10
2.00686e+11
7.18777e+11
1.70516e+10
4.74869e+10
2.61912e+12
9.08276e+11
1.5155e+12
2.91511e+12
1.11153e+12
1.3068e+12
1.19321e+12
1.90575e+12
3.47566e+12
1.2728e+11
3.07913e+12
5.68238e+12
4.63518e+12
8.12469e+12
5.10972e+12
4.39257e+11
5.25968e+11
3.93008e+12
1.31369e+12
6.28106e+12
5.17277e+12
3.2241e+12
2.87851e+11
1.12031e+12
6.37287e+12
3.81108e+12
1.56013e+12
4.81247e+11
6.37099e+12
6.50167e+12
8.27762e+12
8.70882e+12
3.02314e+11
3.78856e+12
6.43303e+12
4.28893e+12
8.50335e+12
4.35522e+11
5.06178e+12
4.94846e+12
4.71223e+12
3.88479e+12
2.23926e+11
3.21387e+11
1.2012e+12
1.00768e+11
1.1132e+11
1.26119e+11
3.33747e+11
3.73587e+10
2.21062e+10
9.42144e+10
1.27847e+11
1.80637e+10
2.11736e+11
3.82473e+11
1.75097e+11
6.03726e+11
2.92509e+11
4.26228e+11
9.91813e+11
3.87056e+11
4.84182e+11
8.06341e+10
4.57955e+11
1.23484e+11
3.98889e+11
2.48181e+11
2.62586e+11
6.44546e+11
1.05182e+12
3.1047e+11
1.66947e+11
5.71685e+11
5.89092e+11
6.50672e+10
1.04523e+11
8.86354e+11
1.58766e+11
1.91102e+11
3.48339e+11
7.81501e+11
1.07947e+12
4.46025e+11
1.23081e+12
8.71294e+11
4.06845e+11
3.59182e+11
2.76395e+11
3.26146e+11
3.98872e+11
1.08713e+12
7.22373e+11
1.2081e+12
3.46226e+11
8.9874e+11
2.66755e+11
4.63237e+11
1.96016e+12
4.9679e+11
4.38607e+11
5.12563e+11
1.2775e+12
3.61137e+10
3.3678e+10
2.00879e+10
9.70799e+09
2.71927e+10
6.14127e+10
1.50744e+10
2.95117e+10
3.10624e+10
2.41345e+10
1.30214e+10
4.60234e+10
1.57544e+10
3.50068e+10
3.04036e+10
2.05333e+10
1.09261e+10
2.29246e+10
5.77005e+10
3.64301e+10
3.1275e+10
2.10083e+10
2.59762e+10
3.16613e+10
3.1552e+10
9.30158e+09
2.0585e+10
1.41337e+10
1.45422e+10
2.44451e+10
2.56241e+10
3.04586e+10
7.36177e+10
3.1845e+10
1.11019e+11
1.53623e+10
5.62768e+09
5.55248e+09
7.44734e+09
9.65437e+09
9.5596e+09
7.26203e+09
1.54682e+10
1.17051e+10
6.86759e+09
1.02409e+10
2.82595e+09
1.03119e+10
1.55039e+10
6.08158e+09
5.0752e+09
9.00968e+09
5.83955e+09
1.12609e+10
9.1091e+09
8.84666e+09
1.24326e+10
7.99703e+09
5.89313e+09
1.5218e+10
1.60234e+10
1.30092e+10
1.50874e+10
1.24806e+10
6.82559e+09
5.09585e+09
1.18249e+10
4.61356e+09
1.32044e+10
8.63921e+09
6.75331e+09
1.588e+10
5.69603e+09
8.9308e+09
1.18578e+10
1.26285e+10
6.3115e+09
8.12777e+09
8.40149e+09
6.39171e+09
5.81068e+09
1.3394e+10
3.71047e+09
8.20388e+09
1.47873e+10
1.45593e+10
1.54922e+10
1.27803e+10
1.0413e+10
5.80873e+09
1.19742e+10
4.02221e+09
5.07454e+09
1.22181e+10
5.53734e+09
1.1967e+10
1.5017e+10
9.50594e+09
1.24169e+10
1.06955e+10
1.12863e+10
6.24012e+09
8.19556e+09
1.15206e+10
5.64658e+09
1.1843e+10
1.41647e+10
8.55663e+09
8.99061e+09
6.60005e+09
1.17092e+10
9.65987e+09
1.58619e+10
6.70468e+09
5.84861e+09
7.98592e+09
8.68315e+09
4.72762e+09
6.20587e+09
6.30234e+09
6.4121e+09
6.67814e+09
9.59798e+09
5.50666e+09
1.16085e+10
9.45159e+09
7.77463e+09
1.11507e+10
1.31257e+10
7.15905e+09
5.55389e+09
9.4695e+09
1.28967e+10
8.24345e+09
8.43197e+09
8.44428e+09
4.9701e+09
6.0841e+09
3.63834e+09
5.45724e+09
3.69952e+09
3.39285e+09
6.47811e+09
3.46384e+09
5.22534e+09
1.0932e+10
1.08684e+10
4.84093e+09
4.5186e+09
3.06611e+09
5.73867e+09
8.62268e+09
3.58114e+09
4.06624e+09
6.23825e+09
6.21902e+09
4.28522e+09
4.10568e+09
3.86066e+09
6.60879e+09
5.15865e+09
4.26922e+09
4.27632e+09
4.81774e+09
4.57017e+09
2.54806e+09
3.44652e+09
4.39734e+09
2.74906e+09
1.07812e+09
1.25305e+09
5.42944e+09
6.00759e+09
4.74962e+09
6.84602e+09
7.61759e+09
1.28789e+10
1.41624e+10
9.31396e+09
4.92947e+09
6.79077e+09
3.90405e+09
5.65392e+09
1.07161e+10
7.34916e+09
7.93124e+09
9.74969e+09
1.45218e+10
9.9386e+09
8.96512e+09
1.31815e+10
9.55757e+09
8.15972e+09
1.32578e+10
1.11092e+10
1.37237e+10
1.31368e+10
1.30971e+10
1.07177e+10
1.24721e+10
6.16676e+09
1.52281e+10
8.39515e+09
1.17735e+10
6.53466e+09
5.66797e+09
6.95332e+09
7.17754e+09
7.46661e+09
4.45903e+09
3.19874e+09
4.68635e+09
1.00308e+10
5.9124e+09
6.66437e+09
7.44785e+09
6.28636e+09
2.95914e+09
4.57926e+09
8.16043e+09
5.37957e+09
9.56073e+09
8.13042e+09
4.63802e+09
5.14936e+09
9.10733e+09
6.42395e+09
3.69689e+09
3.90814e+09
3.119e+09
4.16729e+09
4.74421e+09
4.81984e+09
9.57583e+09
6.70992e+09
7.85914e+09
6.16623e+09
3.68534e+09
4.31807e+09
5.24445e+09
7.84211e+09
5.94448e+09
5.88336e+09
6.9103e+09
7.46954e+09
7.39331e+09
8.25688e+09
7.08895e+09
4.9884e+09
5.65742e+09
8.85148e+09
6.17336e+09
6.03726e+09
4.9504e+09
7.93988e+09
3.86558e+09
5.85699e+09
7.15422e+09
5.21018e+09
3.71564e+09
3.19826e+09
8.32182e+09
8.74192e+09
5.60689e+09
1.45589e+10
7.5409e+09
5.22384e+09
3.3263e+09
4.84586e+09
3.66789e+09
6.11917e+09
3.02998e+09
5.87788e+09
2.41395e+09
5.93058e+09
6.41739e+09
1.56238e+09
4.99566e+09
4.46504e+09
3.67059e+09
2.86981e+09
3.19615e+09
1.06644e+10
9.56105e+09
7.14067e+09
8.57064e+09
6.22481e+09
3.8898e+09
9.468e+09
6.84778e+09
4.48248e+09
3.28568e+09
6.61146e+09
2.97552e+09
4.91338e+09
2.10814e+09
2.8836e+09
3.11749e+09
2.32733e+09
3.65168e+09
1.51408e+09
3.63686e+09
4.20421e+09
2.78439e+09
1.29156e+09
7.48098e+08
3.55092e+09
2.78047e+09
3.28845e+09
2.13815e+09
1.30577e+09
1.44251e+09
1.7313e+09
1.05083e+09
2.87316e+09
3.27686e+09
3.40601e+09
3.12611e+09
1.4456e+09
1.26837e+09
2.71567e+09
1.39502e+09
1.38317e+09
1.52884e+09
3.42734e+09
6.76236e+09
1.91715e+09
2.31928e+09
2.55824e+09
1.90672e+09
1.4041e+09
1.8929e+09
1.48102e+09
1.02897e+09
1.67161e+09
2.06675e+09
1.22752e+09
3.16035e+09
2.21363e+09
3.54774e+09
1.89211e+09
3.69517e+09
2.27721e+09
1.68268e+09
3.53004e+09
1.97254e+09
3.8514e+09
3.67765e+09
4.19e+09
2.90437e+09
6.43196e+09
7.09126e+09
1.8089e+09
1.93788e+09
2.2131e+09
1.17974e+09
2.02664e+09
1.79721e+09
1.51386e+09
1.41325e+09
1.03467e+09
2.73825e+09
1.12914e+09
1.41819e+09
2.1277e+09
1.81088e+09
3.36606e+09
3.668e+09
4.53466e+09
2.73236e+09
2.34237e+09
2.52833e+09
4.47122e+09
2.23299e+09
2.98447e+09
3.01927e+09
3.75595e+09
3.60933e+09
1.21894e+09
1.73457e+09
2.44976e+09
2.21219e+09
1.98879e+09
1.96388e+09
1.13089e+09
1.3425e+09
1.95517e+09
1.97838e+09
3.11686e+09
2.14806e+09
7.03552e+08
8.68281e+08
3.89991e+08
2.47291e+08
4.61726e+08
7.91187e+08
2.32529e+08
4.25934e+08
4.74744e+08
7.42203e+08
4.81298e+08
8.28116e+08
1.06058e+09
1.05762e+09
7.19562e+08
8.08476e+08
1.56335e+08
5.09555e+08
1.16033e+09
6.87938e+08
8.94601e+08
4.02959e+08
4.897e+08
9.35673e+08
7.41421e+08
1.02431e+09
7.05846e+08
9.68901e+08
6.80805e+08
1.14695e+09
5.71826e+08
2.41092e+08
5.93868e+08
5.843e+08
2.2946e+08
4.41504e+08
5.53102e+08
3.08532e+08
3.16656e+08
6.49658e+08
1.05316e+09
4.07619e+08
5.03875e+08
9.47123e+08
7.29253e+08
6.91234e+08
4.51144e+08
8.03025e+08
9.29151e+08
3.51254e+08
5.90958e+08
7.10068e+08
8.07766e+07
5.372e+08
5.90769e+08
1.209e+08
6.04439e+08
6.16009e+08
1.93576e+08
6.08299e+08
6.15396e+08
1.95354e+08
6.14474e+08
5.89838e+08
2.27877e+08
5.64777e+08
5.68302e+08
5.81773e+08
4.81735e+08
2.98189e+08
7.8402e+08
4.77732e+08
5.32402e+08
5.40083e+08
1.75413e+08
4.07586e+08
1.00396e+08
4.94684e+08
3.12557e+08
3.92728e+08
6.17761e+08
1.34833e+08
4.68522e+08
2.50285e+08
2.86804e+08
2.88076e+08
3.50618e+08
5.17493e+08
2.58289e+08
4.76074e+08
5.43717e+08
6.93146e+08
1.97052e+08
6.91745e+08
5.24433e+08
5.52829e+08
2.42926e+08
4.16961e+08
1.76539e+08
4.34836e+08
1.65845e+08
4.0004e+08
3.00579e+08
4.26017e+08
4.52152e+08
4.14122e+08
1.62298e+08
3.27998e+08
1.335e+08
3.81666e+08
4.61481e+08
4.89548e+08
8.02403e+08
5.26919e+08
5.11559e+08
3.93445e+08
6.12157e+08
7.05621e+08
6.75317e+08
1.6421e+09
1.01323e+09
3.43221e+08
3.43343e+08
2.76542e+08
7.38432e+08
3.33959e+08
7.16357e+08
2.60168e+08
2.23586e+08
2.71014e+08
5.07664e+08
8.54026e+08
2.25292e+09
1.97608e+09
6.45325e+08
3.59201e+08
7.1436e+08
8.99384e+08
2.0377e+09
1.25626e+09
5.50289e+08
4.88548e+08
7.0478e+08
3.68246e+08
1.00808e+09
1.99635e+08
2.95418e+08
4.68124e+08
5.67736e+08
8.6178e+08
1.59821e+08
2.42729e+08
3.74745e+08
3.73522e+08
4.90286e+08
2.22607e+08
3.03488e+08
3.97982e+08
4.17987e+08
5.55785e+08
3.82652e+08
4.46825e+08
4.90909e+08
8.25238e+08
4.3833e+08
5.26259e+08
8.1068e+08
1.6433e+09
1.92401e+08
3.04344e+08
1.1318e+09
9.87578e+08
5.97716e+08
1.87143e+08
8.8665e+08
1.5803e+09
4.60578e+09
3.12576e+09
1.01939e+09
2.59014e+09
5.02458e+09
4.96896e+09
1.90086e+09
6.98836e+08
1.7587e+09
1.06952e+09
7.33738e+08
1.05124e+09
2.15921e+09
3.02614e+09
1.80871e+09
1.52843e+09
2.15496e+09
2.61107e+09
1.27975e+09
4.58952e+09
2.7869e+09
1.38609e+09
1.05413e+09
1.17269e+09
1.21259e+09
1.08939e+09
1.13811e+09
1.41232e+09
2.0882e+09
1.22347e+09
1.81811e+09
2.87994e+09
2.11327e+09
1.91096e+09
2.34137e+09
1.69749e+09
1.38346e+09
2.60693e+09
2.51401e+09
1.9114e+09
3.75567e+09
3.61174e+09
2.96055e+09
6.99354e+09
2.56974e+09
4.19849e+09
6.0179e+09
3.43618e+09
1.05573e+10
4.64441e+09
7.27433e+08
2.40579e+09
2.60412e+09
2.87707e+09
9.25459e+09
9.31212e+09
1.09142e+10
1.41608e+10
1.07081e+10
1.14146e+10
6.81356e+09
3.38047e+09
7.76421e+09
6.3416e+09
4.71698e+09
2.4774e+09
2.92589e+09
3.31167e+09
6.34331e+09
4.04353e+09
2.65689e+09
2.14038e+09
1.82744e+09
2.02205e+09
2.35244e+09
8.15172e+09
1.15098e+10
8.44253e+09
8.03007e+09
2.70631e+09
5.84288e+09
3.16161e+09
2.93733e+09
1.73035e+09
1.91658e+09
1.73089e+09
2.49945e+09
3.74571e+09
4.05756e+09
3.90282e+09
1.18973e+10
4.41102e+09
2.6196e+09
2.89254e+09
4.07496e+09
1.37998e+10
1.01724e+10
1.57146e+10
3.16193e+09
4.12033e+09
5.52298e+09
2.37512e+09
1.98377e+09
1.11144e+09
2.40926e+09
4.26612e+09
3.60915e+09
3.71416e+09
8.18787e+09
2.08824e+10
2.53246e+09
2.98839e+09
9.082e+09
1.37533e+10
1.01855e+10
1.04417e+10
1.40812e+10
2.66722e+10
1.72071e+10
7.76324e+09
7.58221e+09
1.83856e+10
6.12748e+09
2.22433e+10
1.27259e+10
3.31521e+10
2.36135e+10
2.26048e+09
4.78719e+09
6.62498e+09
1.06086e+10
8.48996e+09
4.20196e+09
1.8921e+10
1.20375e+10
4.23618e+09
4.99706e+09
7.76463e+09
3.20659e+10
1.13074e+10
3.42866e+10
4.39138e+10
1.64723e+10
7.11285e+10
8.08422e+09
2.47076e+10
8.55211e+09
1.36272e+10
2.09313e+10
6.44095e+10
1.09354e+10
2.11859e+10
7.52389e+09
1.97481e+10
8.46309e+09
8.76173e+09
3.76227e+10
5.18245e+09
1.50869e+10
3.39619e+10
5.40862e+09
3.61981e+09
5.8954e+10
1.14591e+10
7.87395e+09
4.21714e+09
1.67373e+10
7.83585e+09
1.74569e+10
7.25712e+10
8.71168e+09
5.83009e+10
1.63075e+10
4.69758e+10
4.7099e+10
1.22963e+10
1.45684e+10
1.00215e+10
1.89452e+10
1.23273e+10
9.75882e+09
7.5128e+09
1.07129e+10
5.4417e+09
3.89737e+10
5.96467e+10
5.82245e+09
4.33579e+10
5.61794e+09
7.01443e+10
8.27474e+10
3.12677e+10
6.30349e+10
1.54039e+10
5.65287e+09
5.30801e+09
1.39028e+10
1.2284e+10
1.94674e+10
3.19581e+10
1.13401e+10
1.40961e+10
3.42628e+10
7.49212e+10
1.16938e+10
4.78715e+09
1.06865e+10
2.35604e+10
3.13773e+10
2.69523e+10
3.50122e+10
1.36073e+10
4.79184e+10
9.87687e+09
4.12467e+10
3.23407e+10
8.16796e+10
2.16651e+10
3.10342e+10
4.7658e+10
4.47238e+10
1.02317e+10
1.30039e+10
1.33996e+10
4.15691e+10
1.91034e+10
1.2708e+10
7.87241e+10
2.26545e+10
4.40242e+10
3.16518e+10
2.00051e+10
7.55366e+09
1.53231e+10
2.75538e+10
4.37061e+10
2.77955e+10
3.87506e+09
7.45148e+10
6.86926e+10
5.43813e+10
5.3252e+10
4.68879e+10
1.72886e+10
2.23622e+10
6.43433e+10
5.15865e+10
4.15456e+10
4.98631e+10
6.72757e+09
8.42962e+09
1.82735e+10
3.4783e+10
3.82079e+10
5.98353e+10
3.80046e+10
2.41067e+10
5.47622e+10
4.25731e+10
2.80744e+09
2.22281e+10
3.02488e+10
6.73787e+10
2.81166e+10
3.97702e+10
8.91012e+10
3.75706e+10
8.64646e+09
4.02866e+10
7.16402e+09
6.14896e+10
5.90633e+10
5.8928e+10
6.70161e+09
5.73517e+09
8.08766e+09
1.28228e+10
2.18887e+10
1.48138e+10
1.80358e+10
6.17929e+09
5.44089e+09
9.83065e+09
1.00893e+10
3.21548e+10
1.78907e+10
4.08858e+10
1.15404e+10
3.63962e+10
9.18668e+09
3.90068e+10
4.8247e+10
1.15136e+11
1.90505e+10
3.69294e+10
4.40117e+10
1.41999e+11
1.52694e+10
1.80323e+10
6.41892e+10
1.12964e+11
9.38756e+09
3.42075e+09
1.53373e+10
3.41276e+09
3.58957e+09
2.60703e+09
2.17471e+09
1.45021e+09
2.44123e+09
1.50954e+09
1.40964e+09
1.55738e+09
1.69047e+09
2.19618e+09
1.48151e+09
1.55648e+09
1.84647e+09
1.98575e+09
4.13382e+09
4.12608e+09
7.41055e+09
6.83267e+09
2.54573e+09
2.64077e+09
5.1321e+09
1.24716e+10
9.09927e+09
1.62719e+10
9.35321e+10
6.62088e+10
1.24082e+11
7.12417e+09
2.35643e+10
1.11111e+11
9.46785e+09
1.03568e+10
8.36643e+10
6.81483e+10
8.12818e+10
4.47802e+10
1.80283e+11
2.07874e+10
1.11791e+10
1.83903e+10
4.01602e+09
4.15687e+10
7.59699e+10
1.99712e+11
1.69095e+11
8.26373e+10
2.74174e+09
6.01619e+10
6.09801e+10
9.87189e+09
7.13916e+10
1.30859e+11
5.15019e+10
4.27653e+10
6.77615e+10
3.82195e+10
3.08015e+10
3.53784e+09
3.85897e+10
5.47641e+10
1.97423e+10
1.62212e+10
3.469e+10
2.78581e+10
2.07875e+10
7.06471e+09
3.24241e+10
4.49931e+10
1.45292e+10
3.74993e+10
6.82907e+10
2.19924e+10
3.51646e+10
7.25286e+10
2.72315e+10
3.34603e+10
7.44757e+10
2.73036e+10
3.50512e+10
8.01492e+10
2.74951e+10
4.40185e+10
9.60004e+10
2.80465e+10
5.75453e+10
1.22293e+11
3.91101e+10
7.19058e+10
1.5608e+11
1.07356e+11
8.42869e+10
1.74625e+11
1.51606e+11
9.19856e+10
2.51465e+10
2.88552e+10
3.39707e+10
8.90881e+09
3.39542e+10
2.31818e+10
5.65998e+10
1.36511e+11
7.03597e+10
7.77064e+10
1.78077e+11
1.74294e+11
6.09801e+10
6.61506e+10
6.82939e+10
6.71766e+10
9.25636e+10
1.59797e+11
1.10842e+11
4.23616e+10
5.90349e+10
2.15355e+10
2.26148e+10
3.5239e+10
4.57617e+10
6.33763e+10
1.5301e+10
1.21071e+10
8.77445e+09
3.24326e+09
6.46192e+09
1.57659e+10
8.28496e+09
6.80136e+09
1.09447e+09
7.30927e+09
3.27935e+09
7.90789e+09
1.05323e+10
1.77882e+09
4.39351e+09
6.21796e+09
1.03277e+10
6.2663e+09
3.71135e+09
2.08995e+09
4.52664e+09
1.64146e+09
1.90011e+09
8.91388e+08
1.64874e+09
2.09628e+09
2.50636e+09
2.93279e+09
2.32802e+09
3.89459e+09
3.94007e+09
6.67545e+09
2.23459e+09
3.90033e+09
6.06863e+09
6.67647e+09
1.7477e+09
5.09225e+09
4.12239e+09
7.05591e+09
2.59139e+09
2.64555e+09
2.24374e+09
4.45069e+09
1.55152e+09
1.9832e+09
1.51958e+09
1.5559e+09
2.45238e+09
1.90335e+09
1.8952e+09
3.02269e+09
1.98656e+09
2.74316e+09
3.06141e+09
4.29578e+09
1.85857e+09
2.32102e+09
4.48237e+09
2.96347e+09
3.58005e+09
2.06069e+09
3.31786e+09
2.53337e+09
2.20531e+09
2.64184e+09
2.04121e+09
3.75211e+09
9.05429e+09
4.74501e+09
1.80263e+09
9.1922e+09
3.72998e+09
2.61451e+10
2.57242e+09
8.48775e+09
2.79503e+10
4.07087e+10
7.9337e+09
5.26705e+09
3.05754e+10
3.4972e+10
7.99381e+10
1.02034e+10
1.14736e+10
4.36475e+10
1.28591e+10
6.94096e+10
2.25067e+09
1.55226e+10
4.39553e+10
1.24488e+10
4.09754e+10
3.99593e+09
1.05662e+10
2.8496e+10
1.76582e+10
2.14056e+10
1.7796e+10
2.62641e+10
5.11316e+10
3.06648e+10
2.73794e+10
2.45439e+09
1.65898e+10
4.88704e+10
1.6429e+10
4.79559e+10
1.91297e+09
1.02219e+10
2.9513e+10
1.26478e+10
5.15319e+10
2.89879e+10
2.65777e+10
3.33719e+10
4.71527e+10
1.0782e+11
3.42431e+10
1.84671e+09
2.13951e+10
4.60747e+10
3.51675e+10
2.74448e+10
2.09239e+10
2.63224e+10
5.2642e+10
3.75295e+10
8.15308e+10
7.0733e+10
7.57522e+09
2.14692e+10
3.36282e+10
1.63754e+09
1.72694e+09
1.00885e+11
1.17644e+11
1.50549e+10
4.21582e+09
1.30563e+10
4.34818e+10
1.79446e+10
2.89346e+10
2.01194e+09
1.642e+09
6.93827e+09
2.53645e+10
9.80808e+10
5.57211e+10
4.09173e+10
1.79307e+10
4.51242e+10
6.33167e+10
2.96022e+10
2.6525e+10
1.53808e+10
2.78927e+10
1.47454e+11
1.78008e+11
4.89905e+10
5.0214e+09
7.59066e+10
9.84773e+09
8.75391e+10
2.79139e+11
3.84132e+10
1.63515e+10
9.49169e+10
3.51609e+10
1.74959e+11
1.56321e+11
3.16184e+10
8.62387e+10
1.70169e+11
2.43646e+10
4.8816e+10
4.33553e+10
2.12197e+10
8.22555e+10
1.23809e+10
9.54147e+10
6.72154e+10
1.23819e+11
7.01097e+10
2.19919e+11
1.1857e+11
1.8858e+11
8.01152e+10
1.17649e+11
1.0016e+11
1.24996e+11
4.927e+10
2.6881e+10
8.52254e+09
3.9038e+10
1.59221e+10
1.37994e+10
7.76807e+10
5.31694e+09
2.76738e+10
7.47562e+10
2.58128e+10
6.69263e+10
1.00956e+11
1.67425e+10
5.50056e+09
5.64318e+09
9.24365e+09
1.95375e+10
1.11848e+11
3.80255e+10
6.16592e+09
2.716e+09
2.49895e+09
2.18294e+09
3.22078e+09
2.78564e+09
3.54671e+09
