1427.27
5.39107
0.283732
0.185631
0.215302
0.257205
0.322635
0.449919
0.806413
3.24125
17.1213
10.1173
75.1088
29.139
56.8857
28.0009
19.6762
80.9208
25.6807
87.171
22.3091
2.09858
0.707922
0.198226
0.155724
0.146714
0.136143
0.12694
0.118292
0.110194
0.102785
0.0967477
0.0939037
0.0979924
0.116306
0.1502
0.17584
0.175898
0.167386
0.162623
0.158243
0.154226
0.150403
0.146505
0.142281
0.13783
0.133279
0.128723
0.124231
0.119852
0.115613
0.11153
0.107604
0.10381
0.100116
0.0965069
0.0929806
0.0895408
0.0861892
0.0829263
0.0797519
0.0766672
0.0736739
0.0707757
0.067977
0.0652831
0.0626998
0.0602326
0.0578862
0.0556644
0.0535693
0.0516012
0.049758
0.0480363
0.0464302
0.0449332
0.0435376
0.0422361
0.0410214
0.0398869
0.0388266
0.037834
0.0369022
0.0360242
0.0351932
0.0344043
0.0336551
0.032945
0.0322745
0.0316437
0.0310527
0.0305013
0.0299893
0.0295163
0.0290811
0.028683
0.0283214
0.0279961
0.0277059
0.0274505
0.0272294
0.0270418
0.0268872
0.0267647
0.026673
0.0266111
0.0265777
0.026571
0.02659
0.026633
0.0266986
0.0267855
0.0268919
0.0270167
0.0271591
0.027317
0.0274891
0.0276738
0.0278696
0.0280747
0.0282867
0.0285044
0.0287266
0.0289523
0.0291795
0.0294096
0.0296404
0.0298729
0.0301051
0.0303374
0.0305693
0.0307995
0.0310276
0.0312537
0.0314763
0.0316958
0.0319105
0.0321216
0.0323271
0.0325276
0.0327218
0.0329112
0.033094
0.0332704
0.0334406
0.0336033
0.0337594
0.0339087
0.034051
0.0341853
0.0343127
0.0344328
0.0345459
0.0346506
0.0347489
0.0348387
0.0349218
0.0349969
0.035065
0.0351258
0.0351792
0.0352253
0.0352652
0.035297
0.0353233
0.0353422
0.0353562
0.0353644
0.0353688
0.0353693
0.0353682
0.0353638
0.0353527
0.0353249
0.0352665
0.0351809
0.0350929
0.0350125
0.0349444
0.0348602
0.034775
0.0346866
0.0345943
0.0344971
0.0343951
0.0342891
0.0341776
0.0340623
0.0339421
0.0338169
0.0336867
0.0335519
0.0334129
0.0332683
0.0331186
0.0329651
0.0328059
0.0326421
0.032474
0.0323011
0.0321238
0.0319423
0.0317569
0.031567
0.0313748
0.0311774
0.0309776
0.0307741
0.030568
0.0303583
0.0301462
0.0299315
0.0297141
0.0294951
0.0292732
0.0290486
0.0288231
0.0285947
0.0283655
0.0281338
0.027901
0.0276664
0.027431
0.0271941
0.0269561
0.0267166
0.0264768
0.0262362
0.0259946
0.025752
0.0255089
0.0252656
0.0250214
0.0247775
0.0245333
0.0242885
0.0240439
0.0237996
0.0235549
0.02331
0.0230658
0.0228217
0.0225783
0.022335
0.0220922
0.0218498
0.0216079
0.0213667
0.0211266
0.0208866
0.0206484
0.0204101
0.0201731
0.0199366
0.0197017
0.019467
0.0192343
0.0190022
0.0187719
0.0185424
0.0183138
0.0180873
0.0178614
0.0176369
0.0174141
0.0171921
0.0169718
0.0167536
0.0165362
0.0163208
0.0161068
0.0158942
0.0156833
0.0154737
0.0152654
0.0150592
0.0148554
0.0146527
0.0144513
0.0142519
0.0140537
0.0138579
0.0136636
0.0134713
0.0132801
0.0130917
0.0129044
0.0127184
0.0125351
0.0123528
0.0121732
0.011995
0.0118176
0.0116429
0.0114701
0.0112993
0.0111297
0.0109622
0.0107963
0.0106327
0.0104705
0.0103101
0.0101514
0.00999486
0.00984008
0.00968631
0.00953504
0.00938503
0.0092371
0.00909071
0.00894638
0.00880414
0.00866276
0.00852336
0.00838568
0.00825035
0.00811572
0.00798369
0.0078526
0.00772344
0.00759611
0.00747001
0.00734655
0.00722376
0.00710235
0.00698343
0.00686572
0.00674954
0.00663484
0.00652232
0.00641075
0.00630073
0.00619257
0.00608493
0.00598024
0.00587582
0.00577372
0.00567301
0.00557294
0.00547505
0.0053785
0.00528322
0.00518947
0.00509663
0.00500604
0.00491577
0.00482747
0.00474134
0.00465508
0.00457047
0.0044875
0.00440552
0.00432494
0.00424543
0.00416733
0.00408993
0.00401456
0.00393998
0.0038668
0.00379437
0.00372305
0.0036532
0.00358465
0.0035172
0.00345015
0.00338509
0.0033205
0.00325687
0.00319465
0.00313353
0.00307282
0.00301366
0.00295588
0.00289848
0.00284221
0.00278628
0.00273174
0.00267827
0.00262615
0.00257411
0.00252303
0.00247309
0.00242404
0.00237586
0.00232832
0.00228155
0.00223607
0.00219153
0.00214698
0.00210297
0.00206061
0.00201869
0.00197728
0.00193675
0.00189731
0.00185873
0.00182025
0.00178222
0.001746
0.00170921
0.00167329
0.00163894
0.00160451
0.00157054
0.00153757
0.00150452
0.00147319
0.00144232
0.00141086
0.0013806
0.00135094
0.00132244
0.00129385
0.00126521
0.00123792
0.00121154
0.0011849
0.00115838
0.00113308
0.00110825
0.0010831
0.00105984
0.00103611
0.00101288
0.000990454
0.000967589
0.000946527
0.000924543
0.000903861
0.000883075
0.00086219
0.000843227
0.000823403
0.000804823
0.000786144
0.000767773
0.000749876
0.00073251
0.000714182
0.000698482
0.000681741
0.000665612
0.000649358
0.000634278
0.000618501
0.000602846
0.00058975
0.000575085
0.000561236
0.000547028
0.000533844
0.000520603
0.000507878
0.000494984
0.000482755
0.000470975
0.000459746
0.00044737
0.00043645
0.000424557
0.000414176
0.000403927
0.000393293
0.000384029
0.000373479
0.000363973
0.000354772
0.000345926
0.000336901
0.000328231
0.000320152
0.000311548
0.000302352
0.000295324
0.00028806
0.000280391
0.00027333
0.000265877
0.000259002
0.000251885
0.000245324
0.000239402
0.000233239
0.00022695
0.000220593
0.00021508
0.000210431
0.000203868
0.000200382
0.000193301
0.000189596
0.000183364
0.000180244
0.000174519
0.000170691
0.000165946
0.000162202
0.000158048
0.000154023
0.000151058
0.000146832
0.000143761
0.00013994
0.000136832
0.000132621
0.000130802
0.00012683
0.000123974
0.000121214
0.000118939
0.000115907
0.000113859
0.000111258
0.000109566
0.000106471
0.00010447
0.000102002
0.00010096
9.81443e-05
9.70466e-05
9.46345e-05
9.33535e-05
9.13478e-05
8.96483e-05
8.81847e-05
8.65789e-05
8.49776e-05
8.4416e-05
8.19746e-05
8.11287e-05
8.01457e-05
7.90986e-05
7.79586e-05
7.72522e-05
7.55673e-05
7.49097e-05
7.30971e-05
7.2737e-05
7.15834e-05
7.04843e-05
6.98209e-05
6.89867e-05
6.81276e-05
6.72828e-05
6.67871e-05
6.5862e-05
6.55156e-05
6.43997e-05
6.35421e-05
6.28239e-05
6.22904e-05
6.18065e-05
6.1229e-05
6.06968e-05
5.95855e-05
5.92118e-05
5.88934e-05
5.80763e-05
5.75586e-05
5.66338e-05
5.60833e-05
5.5915e-05
5.49683e-05
5.47653e-05
5.41354e-05
5.35257e-05
5.35457e-05
5.26824e-05
5.18919e-05
5.17851e-05
5.07823e-05
5.08447e-05
5.03811e-05
5.01454e-05
4.56581e-05
4.83034e-05
5.04792e-05
4.84536e-05
4.95849e-05
4.7956e-05
4.81752e-05
4.71705e-05
3.71424e-05
3.84199e-05
4.47895e-05
4.51709e-05
3.65969e-05
4.21761e-05
4.7372e-05
4.40856e-05
4.50397e-05
4.34741e-05
4.50532e-05
4.23287e-05
4.3318e-05
4.17336e-05
4.3626e-05
4.10501e-05
4.21983e-05
4.0439e-05
4.21838e-05
3.93312e-05
4.11166e-05
3.8753e-05
3.81443e-05
3.84435e-05
3.71902e-05
3.7741e-05
2.50091e-05
2.97326e-05
3.86997e-05
3.71881e-05
3.7437e-05
3.62783e-05
3.70307e-05
3.53194e-05
3.64942e-05
3.41501e-05
3.49809e-05
3.28789e-05
3.13815e-05
3.45137e-05
3.05999e-05
3.20389e-05
3.44284e-05
3.23688e-05
3.22823e-05
2.64694e-05
2.71043e-05
3.24648e-05
2.47242e-05
2.91344e-05
3.2871e-05
3.06222e-05
3.20789e-05
3.04219e-05
3.13841e-05
2.99533e-05
3.10199e-05
2.90984e-05
3.05928e-05
2.90669e-05
3.02028e-05
2.85678e-05
2.94845e-05
2.80236e-05
2.87997e-05
2.72107e-05
2.68634e-05
2.48802e-05
1.95987e-05
2.703e-05
2.76882e-05
2.84272e-05
2.66177e-05
2.7571e-05
2.63883e-05
2.71943e-05
2.61325e-05
2.69116e-05
2.55958e-05
2.66997e-05
2.5568e-05
2.63091e-05
2.50694e-05
2.59528e-05
2.46032e-05
2.51887e-05
2.43959e-05
2.51746e-05
2.40017e-05
2.43726e-05
2.39728e-05
2.42429e-05
2.35446e-05
2.39899e-05
2.32999e-05
2.36731e-05
2.25152e-05
2.30187e-05
2.22923e-05
2.28047e-05
2.19579e-05
2.21616e-05
2.14821e-05
2.1759e-05
2.1352e-05
2.17927e-05
2.09188e-05
2.11762e-05
2.07456e-05
2.07249e-05
2.04685e-05
2.03338e-05
1.99933e-05
2.016e-05
1.95311e-05
1.97782e-05
1.97758e-05
1.95283e-05
1.96429e-05
1.92255e-05
1.88622e-05
1.90124e-05
1.87581e-05
1.80225e-05
1.54086e-05
1.73799e-05
7.85696e-06
1.33148e-05
1.06945e-05
1.69562e-05
1.86698e-05
1.80673e-05
1.78135e-05
1.79111e-05
1.81946e-05
1.81935e-05
1.78473e-05
1.79888e-05
1.79556e-05
1.82887e-05
1.77048e-05
1.75862e-05
1.75052e-05
1.76492e-05
1.779e-05
1.75609e-05
1.74277e-05
1.77201e-05
1.78364e-05
1.77915e-05
1.8112e-05
1.76632e-05
1.76426e-05
1.81297e-05
1.80604e-05
1.7985e-05
1.74588e-05
1.78398e-05
1.79843e-05
1.80118e-05
1.76109e-05
1.79679e-05
1.74331e-05
1.70996e-05
1.67134e-05
1.74962e-05
1.77031e-05
1.79606e-05
1.76546e-05
1.70961e-05
1.72299e-05
1.7097e-05
1.74844e-05
1.7768e-05
1.76412e-05
1.78954e-05
1.71949e-05
1.70762e-05
1.73166e-05
1.67314e-05
1.67304e-05
1.69228e-05
1.7354e-05
1.67359e-05
1.70822e-05
1.62628e-05
1.73523e-05
1.73192e-05
1.68681e-05
1.71118e-05
1.74866e-05
1.72568e-05
1.69036e-05
1.62615e-05
1.59526e-05
1.60622e-05
1.63047e-05
1.62362e-05
1.55486e-05
1.6282e-05
1.61395e-05
1.66482e-05
1.64009e-05
1.6573e-05
1.59919e-05
1.60171e-05
1.659e-05
1.72251e-05
1.57364e-05
1.55315e-05
1.66538e-05
1.54385e-05
1.55882e-05
1.62201e-05
1.51139e-05
1.57616e-05
1.43692e-05
1.44948e-05
1.47255e-05
1.48431e-05
1.50853e-05
1.51508e-05
1.52834e-05
1.56338e-05
1.49706e-05
1.54608e-05
1.54252e-05
1.47926e-05
1.57062e-05
1.4949e-05
1.49609e-05
1.5038e-05
1.458e-05
1.52108e-05
1.31809e-05
1.36909e-05
1.3395e-05
1.47366e-05
1.36569e-05
1.32038e-05
1.35716e-05
1.28732e-05
1.29806e-05
1.32998e-05
1.27782e-05
1.24793e-05
1.27373e-05
1.26725e-05
1.35567e-05
1.21993e-05
1.22146e-05
1.37931e-05
1.22241e-05
1.1844e-05
1.16788e-05
1.26666e-05
1.18617e-05
1.10997e-05
1.1616e-05
1.2814e-05
1.297e-05
1.26467e-05
1.24982e-05
1.21362e-05
1.25549e-05
1.26021e-05
1.19117e-05
1.22369e-05
1.19814e-05
1.17925e-05
1.23872e-05
1.22488e-05
1.20194e-05
1.26643e-05
1.14532e-05
1.14115e-05
1.07209e-05
1.07382e-05
1.03436e-05
1.03873e-05
1.07474e-05
1.00383e-05
1.12348e-05
1.01939e-05
1.0397e-05
9.73527e-06
1.00717e-05
1.05326e-05
1.05316e-05
1.08687e-05
1.04697e-05
1.01266e-05
1.08963e-05
1.0099e-05
1.06694e-05
1.02123e-05
1.11413e-05
9.97606e-06
9.29444e-06
9.24815e-06
8.93882e-06
9.41713e-06
9.47146e-06
9.1257e-06
9.29181e-06
1.04558e-05
1.17042e-05
9.63059e-06
1.00142e-05
9.06758e-06
9.75551e-06
9.19748e-06
9.28345e-06
8.48463e-06
9.47649e-06
9.69888e-06
9.04714e-06
8.84377e-06
8.9583e-06
8.98955e-06
8.26664e-06
8.1613e-06
8.10198e-06
7.54902e-06
7.71013e-06
7.36616e-06
8.14292e-06
7.72035e-06
7.87424e-06
7.37866e-06
9.17889e-06
7.46307e-06
7.53067e-06
8.12984e-06
9.91651e-06
7.55379e-06
8.49188e-06
9.18791e-06
8.08026e-06
9.33455e-06
7.83348e-06
7.53187e-06
7.51898e-06
7.20575e-06
7.59916e-06
7.1063e-06
9.18931e-06
8.19803e-06
7.2969e-06
6.88086e-06
7.30367e-06
8.88471e-06
7.8407e-06
7.50554e-06
7.33006e-06
6.9157e-06
7.78748e-06
6.98792e-06
1.12136e-05
6.80592e-06
6.32718e-06
7.70111e-06
5.79074e-06
7.26703e-06
6.15121e-06
6.7071e-06
6.99232e-06
6.93456e-06
7.4686e-06
7.03767e-06
7.73531e-06
7.3587e-06
8.10021e-06
7.47684e-06
7.94074e-06
7.1723e-06
6.92689e-06
6.88741e-06
7.14207e-06
6.33465e-06
6.94718e-06
6.70406e-06
6.99254e-06
6.43407e-06
5.73856e-06
5.50293e-06
5.79491e-06
6.86269e-06
5.3003e-06
5.54133e-06
5.48032e-06
8.26297e-06
5.90429e-06
5.31139e-06
7.09222e-06
7.91944e-06
9.36067e-06
5.7295e-06
5.58229e-06
5.1838e-06
5.31585e-06
6.01813e-06
4.36507e-06
5.74812e-06
5.58222e-06
5.38207e-06
6.44599e-06
6.77522e-06
6.17758e-06
6.9452e-06
7.55766e-06
5.6977e-06
4.97976e-06
5.92444e-06
4.95983e-06
4.60009e-06
5.09646e-06
5.90362e-06
5.05346e-06
5.00365e-06
4.45462e-06
5.93789e-06
4.21964e-06
5.03294e-06
5.2018e-06
4.46214e-06
4.76205e-06
5.6458e-06
5.69069e-06
6.3588e-06
6.40381e-06
5.06793e-06
5.92158e-06
5.19218e-06
4.12491e-06
5.80996e-06
4.93333e-06
5.33908e-06
4.0247e-06
4.6744e-06
6.82175e-06
5.53116e-06
5.33941e-06
5.0173e-06
4.85683e-06
4.1841e-06
4.10594e-06
4.37863e-06
4.7628e-06
3.95791e-06
4.15242e-06
5.35176e-06
4.53831e-06
3.3825e-06
4.11123e-06
6.35298e-06
3.6705e-06
4.07128e-06
5.69561e-06
3.61199e-06
5.03598e-06
4.09424e-06
4.12515e-06
3.79964e-06
5.31006e-06
5.22884e-06
4.21669e-06
4.31968e-06
4.04745e-06
3.61442e-06
4.71761e-06
4.14466e-06
5.21859e-06
4.17241e-06
4.34278e-06
3.92223e-06
4.99164e-06
4.10535e-06
5.97896e-06
3.38451e-06
3.3361e-06
4.97532e-06
2.74769e-06
3.61688e-06
3.28166e-06
2.836e-06
3.493e-06
3.57445e-06
5.09634e-06
4.43947e-06
3.56293e-06
4.42255e-06
3.63006e-06
4.18786e-06
3.19313e-06
3.70572e-06
3.81024e-06
4.869e-06
4.83882e-06
4.68951e-06
5.45885e-06
5.59795e-06
4.85545e-06
3.96573e-06
3.0671e-06
5.61568e-06
2.73289e-06
3.22404e-06
4.61482e-06
3.41611e-06
2.93604e-06
4.23472e-06
3.30011e-06
4.52063e-06
2.8556e-06
5.4456e-06
3.23474e-06
2.64359e-06
3.36825e-06
2.28069e-06
4.12491e-06
2.60459e-06
3.61501e-06
2.404e-06
3.59186e-06
4.07593e-06
2.99983e-06
2.30784e-06
2.75303e-06
1.77001e-06
4.04958e-06
1.46407e-06
3.72485e-06
3.03719e-06
1.72144e-06
1.71528e-06
3.38229e-06
3.44981e-06
3.38048e-06
1.99099e-06
2.81038e-06
3.78826e-06
2.17364e-06
4.19917e-06
2.04184e-06
2.47398e-06
2.6212e-06
1.68311e-06
1.57567e-06
3.22114e-06
4.27843e-06
2.17161e-06
2.16485e-06
2.2462e-06
1.25553e-06
4.13685e-06
1.28757e-06
1.34715e-06
5.09101e-06
1.51799e-06
2.90938e-06
3.87923e-06
2.46957e-06
5.38081e-06
2.66521e-06
5.58425e-06
1.37768e-06
2.72423e-06
2.00439e-06
2.89464e-06
2.55904e-06
3.31745e-06
3.4977e-06
1.70502e-06
5.39566e-06
2.58338e-06
4.96419e-06
2.41035e-06
3.36938e-06
2.0056e-06
1.66978e-06
3.72489e-06
2.46906e-06
2.96809e-06
1.68613e-06
3.06808e-06
2.76833e-06
3.14898e-06
1.76974e-06
5.02761e-06
4.00511e-06
2.77483e-06
1.61927e-06
1.70308e-06
2.27156e-06
2.65581e-06
2.06546e-06
2.52049e-06
2.90142e-06
2.2319e-06
2.72868e-06
2.12763e-06
2.2621e-06
2.2776e-06
2.17441e-06
2.20785e-06
2.78323e-06
1.98403e-06
5.24126e-06
3.48512e-06
3.51112e-06
2.61967e-06
1.91425e-06
4.32778e-06
7.37342e-06
2.34982e-06
3.25263e-06
2.69176e-06
3.05406e-06
1.46729e-06
2.86876e-06
3.63011e-06
3.64818e-06
3.73853e-06
6.46423e-06
2.57762e-06
4.02547e-06
1.5825e-06
3.46343e-06
3.68036e-06
3.34735e-06
4.26631e-06
2.64116e-06
2.67352e-06
2.34467e-06
2.95139e-06
4.49698e-06
1.61594e-06
3.667e-06
2.51672e-06
1.9765e-06
1.71375e-06
2.41783e-06
5.43499e-06
3.18043e-06
4.3035e-06
2.10452e-06
1.18953e-06
1.76057e-06
1.20953e-06
1.88995e-06
3.14253e-06
2.82255e-06
2.06444e-06
2.28794e-06
2.10765e-06
3.34798e-06
3.39114e-06
2.19467e-06
1.88088e-06
3.60722e-06
1.1299e-06
4.94108e-06
1.51641e-06
2.84454e-06
2.20558e-06
2.54197e-06
4.22258e-06
2.38869e-06
3.85443e-06
2.79074e-06
3.54487e-06
4.1173e-06
4.17643e-06
3.16556e-06
2.10485e-06
2.63678e-06
3.05237e-06
1.9943e-06
9.00851e-07
8.9056e-07
3.48113e-06
2.1098e-06
1.95147e-06
2.16151e-06
1.06266e-06
4.27316e-06
5.30613e-06
3.56057e-06
2.78923e-06
2.47751e-06
2.19519e-06
2.43346e-06
3.98808e-06
3.74495e-06
2.51667e-06
4.43674e-06
2.63439e-06
4.10037e-06
3.00656e-06
4.21993e-06
1.97797e-06
4.04474e-06
1.28438e-06
2.73014e-06
3.4856e-06
2.73784e-06
3.3398e-06
1.37429e-06
2.09883e-06
1.51613e-06
3.16838e-06
2.11814e-06
3.55956e-06
3.63989e-06
3.12776e-06
2.48564e-06
2.36782e-06
2.42094e-06
3.61273e-06
2.1065e-06
1.79991e-06
3.20065e-06
1.84005e-06
3.25796e-06
2.95105e-06
1.56678e-06
2.28191e-06
1.56407e-06
4.00327e-06
1.71595e-06
4.09201e-06
2.28716e-06
1.60381e-06
1.96472e-06
3.21139e-06
1.56372e-06
1.76901e-06
4.46753e-06
3.71168e-06
3.01914e-06
1.55489e-06
1.11684e-06
2.43848e-06
1.22482e-06
1.28236e-06
1.36882e-06
2.77793e-06
3.34622e-06
2.57032e-06
2.92255e-06
1.55924e-06
3.07927e-06
1.83931e-06
1.9977e-06
2.98299e-06
2.97592e-06
1.94316e-06
2.93058e-06
2.2442e-06
2.30916e-06
2.26345e-06
3.70237e-06
3.21028e-06
2.78359e-06
4.12334e-06
3.3608e-06
2.63219e-06
1.61035e-06
3.16232e-06
1.3565e-06
1.68799e-06
1.6028e-06
1.5828e-06
2.03646e-06
3.53315e-06
3.07548e-06
3.47461e-06
2.75482e-06
3.60097e-06
4.32203e-06
1.49245e-06
2.53782e-06
4.4702e-06
3.9021e-06
3.59098e-06
2.25645e-06
1.88744e-06
1.75767e-06
2.80833e-06
3.15933e-06
1.50612e-06
3.89995e-06
2.61582e-06
2.22467e-06
1.90925e-06
3.57639e-06
4.77487e-06
5.80621e-06
4.10343e-06
2.53176e-06
1.42909e-06
3.90552e-06
3.88858e-06
2.01526e-06
2.90357e-06
3.27493e-06
1.30035e-06
3.04947e-06
2.6454e-06
2.34713e-06
1.49011e-06
4.31816e-06
2.52031e-06
3.56764e-06
1.43723e-06
3.84897e-06
2.66936e-06
3.5604e-06
3.85368e-06
1.33209e-06
1.33119e-06
1.8151e-06
3.86957e-06
2.25376e-06
1.779e-06
2.61358e-06
4.42655e-06
1.79418e-06
3.2003e-06
4.47601e-06
4.39689e-06
3.58415e-06
1.50005e-06
2.01731e-06
2.97885e-06
3.56778e-06
2.48807e-06
1.36637e-06
4.70038e-06
2.27714e-06
2.36037e-06
2.79288e-06
3.46933e-06
2.90177e-06
4.21864e-06
1.24238e-06
1.20924e-06
1.38425e-06
2.24088e-06
3.31687e-06
2.02939e-06
1.85408e-06
2.42415e-06
3.14298e-06
3.53535e-06
1.73241e-06
1.86807e-06
2.72232e-06
2.57038e-06
2.38705e-06
2.10393e-06
2.75547e-06
1.95456e-06
2.95792e-06
2.53114e-06
3.71655e-06
5.56853e-06
2.41936e-06
1.79374e-06
1.9961e-06
4.92919e-06
1.64598e-06
2.3309e-06
1.87417e-06
2.51209e-06
2.69454e-06
6.20408e-06
1.71395e-06
5.43869e-06
3.83107e-06
2.3341e-06
1.05974e-06
2.53595e-06
3.88921e-06
5.36345e-06
3.10018e-06
2.85308e-06
2.93856e-06
3.62649e-06
2.67553e-06
1.48647e-06
2.60107e-06
1.69217e-06
3.67695e-06
1.80255e-06
1.48011e-06
1.52626e-06
2.49573e-06
2.67126e-06
3.25598e-06
3.99031e-06
2.84455e-06
1.71825e-06
5.04853e-06
2.58135e-06
2.4704e-06
1.92804e-06
2.57062e-06
3.165e-06
3.28959e-06
1.78958e-06
3.88165e-06
1.06548e-06
2.05999e-06
3.57575e-06
2.45354e-06
2.06962e-06
3.38729e-06
4.66613e-06
2.62402e-06
2.58059e-06
4.754e-06
4.59034e-06
2.65181e-06
1.29277e-06
3.39379e-06
1.98433e-06
3.26852e-06
2.80022e-06
4.08088e-06
1.71e-06
3.14453e-06
1.80685e-06
1.71537e-06
3.95026e-06
3.41606e-06
1.8319e-06
5.7629e-06
2.81872e-06
4.73567e-06
2.35331e-06
2.68819e-06
4.11109e-06
1.92688e-06
1.85099e-06
2.21428e-06
3.64804e-06
3.09859e-06
2.88703e-06
3.44763e-06
4.93328e-06
2.52769e-06
3.57004e-06
1.85227e-06
2.97016e-06
1.57272e-06
2.62767e-06
3.02431e-06
2.79879e-06
5.16905e-06
2.7134e-06
5.62247e-06
1.85034e-06
2.44581e-06
3.79386e-06
2.03878e-06
2.78026e-06
2.30908e-06
3.06661e-06
2.87813e-06
8.5747e-07
3.93217e-06
3.66736e-06
1.6161e-06
5.11935e-06
2.99092e-06
5.76159e-06
1.69259e-06
4.5598e-06
4.75896e-06
3.57017e-06
2.21828e-06
4.4114e-06
4.21299e-06
3.83863e-06
2.9446e-06
7.66751e-06
3.96029e-06
4.02651e-06
6.60415e-06
6.07858e-06
4.23454e-06
4.88622e-06
4.41363e-06
4.4866e-06
2.24361e-06
3.11642e-06
3.97426e-06
4.22411e-06
4.80224e-06
4.0012e-06
5.77581e-06
4.11102e-06
7.30444e-06
2.95263e-06
2.32347e-06
4.39175e-06
3.44941e-06
4.38591e-06
3.29128e-06
1.80903e-06
6.72941e-06
4.36577e-06
2.39753e-06
1.00426e-05
3.4646e-06
5.25513e-06
5.56673e-06
5.19665e-06
5.44231e-06
4.80104e-06
3.60105e-06
9.66394e-06
7.30337e-06
1.08676e-05
3.6146e-06
5.22893e-06
3.00836e-06
1.8658e-06
2.0646e-06
2.04818e-06
2.08104e-06
5.54094e-06
1.11105e-06
4.07644e-06
8.98936e-06
2.84092e-06
2.78921e-06
4.95452e-06
6.09706e-06
6.64475e-06
6.06848e-06
3.40555e-06
5.12356e-06
5.09628e-06
9.39886e-06
5.69817e-06
2.20892e-06
4.06723e-06
3.99215e-06
5.43507e-06
3.10174e-06
6.23495e-06
2.17659e-06
4.07732e-06
6.07599e-06
3.38398e-06
6.38459e-06
2.03981e-06
2.08029e-06
6.728e-06
7.08524e-06
1.80197e-06
7.09346e-06
4.04303e-06
2.68415e-06
5.97909e-06
3.2296e-06
1.15229e-05
2.90687e-06
9.72048e-06
4.09853e-06
5.55577e-06
3.57823e-06
3.67686e-06
4.80786e-06
3.07543e-06
7.47688e-06
6.9216e-06
6.97793e-06
4.22412e-06
1.94581e-06
4.10139e-06
3.17089e-06
7.11854e-06
4.6629e-06
1.5181e-06
2.077e-06
5.6258e-06
5.44008e-06
5.77026e-06
8.44619e-06
2.57567e-06
4.71043e-06
3.68206e-06
2.506e-06
5.12518e-06
2.27011e-06
5.38328e-06
2.73648e-06
2.29984e-06
7.20368e-06
2.71411e-06
1.45516e-06
8.97165e-06
5.3124e-06
2.23873e-06
7.00779e-06
1.95261e-06
2.29655e-06
1.70156e-06
3.87713e-06
4.24474e-06
2.26044e-06
4.81306e-06
3.75894e-06
4.23626e-06
6.8436e-06
9.37096e-06
8.59557e-06
3.23431e-06
9.51316e-06
4.15993e-06
5.46092e-06
3.64836e-06
3.35525e-06
5.092e-06
3.37404e-06
7.57322e-06
5.80556e-06
3.79327e-06
3.38883e-06
4.50424e-06
6.78849e-06
2.98898e-06
2.0326e-06
2.69983e-06
2.67214e-06
4.14579e-06
8.56627e-06
7.23526e-06
1.95699e-06
6.33609e-06
3.23848e-06
5.64878e-06
5.76265e-06
5.09627e-06
3.65051e-06
7.20622e-06
2.8351e-06
2.292e-06
3.85339e-06
2.71338e-06
8.44196e-06
2.48148e-06
1.65906e-06
2.32358e-06
3.89711e-06
4.37947e-06
4.32421e-06
3.78171e-06
8.44513e-06
3.14638e-06
8.13994e-06
3.48968e-06
5.18676e-06
8.77997e-06
6.64527e-06
4.39647e-06
9.66309e-06
6.62774e-06
5.04509e-06
6.31388e-06
4.07387e-06
1.20351e-05
6.44634e-06
5.40204e-06
6.29142e-06
4.73742e-06
2.48725e-06
5.90351e-06
4.80982e-06
6.55418e-06
9.21685e-06
5.52762e-06
6.83847e-06
1.75896e-06
8.50737e-06
4.45767e-06
2.94662e-06
3.07083e-06
4.0935e-06
5.62879e-06
6.37372e-06
5.87013e-06
4.80494e-06
2.47465e-06
7.3123e-06
2.84631e-06
3.433e-06
6.31854e-06
2.34154e-06
2.34445e-06
2.42332e-06
3.96604e-06
5.70688e-06
1.91287e-06
4.17202e-06
5.26346e-06
2.24725e-06
3.07769e-06
4.41994e-06
8.9261e-06
1.00047e-05
3.83384e-06
5.86883e-06
7.04052e-06
4.21588e-06
3.03867e-06
6.8243e-06
8.72497e-06
4.71107e-06
5.26816e-06
1.87738e-06
2.44127e-06
7.1714e-06
3.96304e-06
5.35092e-06
4.65553e-06
3.98687e-06
1.39817e-06
6.49313e-06
3.30285e-06
4.60607e-06
2.04562e-06
7.24519e-06
4.62777e-06
4.8301e-06
2.25837e-06
7.318e-06
1.25898e-05
3.54033e-06
7.03638e-06
1.49627e-06
1.61796e-06
5.25207e-06
2.54419e-06
3.70541e-06
3.72793e-06
1.88947e-06
3.10714e-06
6.91616e-06
2.4576e-06
5.37083e-06
3.93236e-06
7.49328e-06
4.82513e-06
3.49999e-06
4.52186e-06
1.7754e-06
4.53085e-06
4.81188e-06
5.86106e-06
4.09468e-06
5.97597e-06
2.07304e-06
9.15264e-06
3.6894e-06
3.25271e-06
1.32138e-06
4.14569e-06
1.92104e-06
4.21831e-06
3.98702e-06
1.46737e-06
1.2004e-05
6.04223e-06
2.86256e-06
4.7264e-06
3.22641e-06
5.07384e-06
5.80898e-06
6.70696e-06
6.21686e-06
3.96804e-06
4.65642e-06
5.93447e-06
3.57077e-06
9.66128e-06
4.53797e-06
6.91066e-06
2.41128e-06
6.54655e-06
5.42608e-06
4.49519e-06
7.50828e-06
8.78494e-06
1.28234e-05
4.81695e-06
4.85829e-06
1.28849e-05
3.66698e-06
5.01256e-06
2.53837e-06
2.89871e-06
3.10377e-06
5.87977e-06
4.70162e-06
4.64837e-06
3.03185e-06
1.12664e-05
7.03397e-06
2.38734e-06
2.62407e-06
5.14739e-06
9.31992e-06
4.44053e-06
3.70905e-06
4.16683e-06
4.62869e-06
9.53641e-06
7.43777e-06
5.26123e-06
5.01806e-06
1.89943e-06
5.20966e-06
4.7919e-06
8.86842e-06
8.4536e-06
2.23547e-06
3.68217e-06
4.4927e-06
2.74914e-06
3.01032e-06
8.63405e-06
5.54221e-06
4.85122e-06
3.72827e-06
4.07293e-06
3.51091e-06
5.93088e-06
8.31666e-06
6.11792e-06
4.36635e-06
1.55958e-06
4.69929e-06
2.95536e-06
2.97355e-06
6.24695e-06
2.39319e-06
7.83711e-06
3.92226e-06
6.6351e-06
3.86498e-06
5.63657e-06
5.89652e-06
1.44098e-06
6.41272e-06
2.52671e-06
5.32861e-06
5.76255e-06
2.83861e-06
2.0778e-06
3.32246e-06
5.38017e-06
4.58693e-06
8.2247e-06
4.7743e-06
3.02268e-06
4.9061e-06
3.29322e-06
2.20238e-06
8.66855e-06
8.25559e-06
6.04681e-06
2.35442e-06
2.47056e-06
4.2234e-06
2.7545e-06
2.58691e-06
8.14042e-06
7.4614e-06
2.49134e-06
4.23604e-06
3.8346e-06
5.73731e-06
5.0478e-06
2.58778e-06
6.8877e-06
4.02244e-06
5.14037e-06
9.44874e-06
2.01393e-06
4.28023e-06
6.35508e-06
1.74814e-06
1.41111e-06
3.45282e-06
2.94871e-06
2.74695e-06
2.48881e-06
2.62823e-06
4.98954e-06
5.81387e-06
2.14534e-06
3.43265e-06
6.91439e-06
7.84843e-06
2.86868e-06
4.0197e-06
4.46594e-06
7.3227e-06
1.56831e-05
9.03516e-06
4.06539e-06
5.97518e-06
1.53954e-05
1.18647e-05
2.89288e-06
5.72369e-06
2.90752e-06
1.78572e-06
4.49239e-06
1.94987e-06
3.50523e-06
3.43504e-06
1.39215e-06
1.51064e-06
4.94224e-06
4.33415e-06
4.31239e-06
1.88539e-06
5.22292e-06
2.57086e-06
1.20418e-05
5.51555e-06
4.37363e-06
5.89165e-06
7.29629e-06
6.71596e-06
4.12776e-06
6.67481e-06
5.97412e-06
3.31045e-06
9.23674e-06
5.51246e-06
2.67639e-06
3.51495e-06
6.43591e-06
3.00034e-06
6.21576e-06
5.28361e-06
3.26237e-06
7.43837e-06
7.9312e-06
5.05235e-06
6.45827e-06
2.17471e-06
4.15891e-06
4.47644e-06
1.66158e-06
1.56244e-06
8.31771e-06
2.95698e-06
2.89171e-06
5.45846e-06
2.46314e-06
4.73717e-06
4.57502e-06
6.6978e-06
7.97532e-06
4.38645e-06
1.30918e-06
5.49066e-06
4.95704e-06
1.21943e-05
7.33153e-06
3.96814e-06
2.63867e-06
6.25592e-06
8.13971e-06
3.70222e-06
4.80719e-06
5.94786e-06
3.92173e-06
5.47603e-06
5.58389e-06
1.0406e-05
7.04116e-06
5.19412e-06
3.07765e-06
5.6887e-06
4.87896e-06
6.11298e-06
3.25862e-06
9.81297e-06
5.59557e-06
3.67467e-06
6.97076e-06
2.21272e-06
3.32756e-06
1.5945e-06
1.18684e-06
2.6746e-06
2.6854e-06
1.72806e-06
2.86078e-06
1.65727e-06
5.06035e-06
1.82201e-06
2.4314e-06
3.53885e-06
3.24202e-06
3.60832e-06
5.34957e-06
9.61571e-06
3.39587e-06
3.06207e-06
9.73654e-07
7.9823e-06
6.13949e-06
5.22578e-06
3.56356e-06
4.74297e-06
6.42253e-06
5.27618e-06
4.92368e-06
2.798e-06
2.94851e-06
5.6009e-06
2.60028e-06
6.4278e-06
6.00831e-06
3.69773e-06
5.60365e-06
6.16617e-06
4.54099e-06
7.09935e-06
4.80845e-06
5.51071e-06
3.26324e-06
5.4199e-06
3.4232e-06
1.74467e-06
5.40432e-06
5.33889e-06
4.71714e-06
7.38342e-06
6.83831e-06
2.17832e-06
6.70764e-06
4.36059e-06
3.42689e-06
3.67171e-06
2.76502e-06
3.07265e-06
3.35257e-06
1.81387e-06
3.81062e-06
2.66356e-06
6.69912e-06
2.31193e-06
2.98375e-06
2.03498e-06
2.73705e-06
2.31092e-06
2.81606e-06
2.86668e-06
2.21991e-06
1.93643e-06
7.32118e-06
4.43169e-06
3.11078e-06
6.9012e-06
6.53929e-06
3.98937e-06
1.96934e-06
3.03027e-06
1.92325e-06
3.73095e-06
6.85239e-06
1.15551e-05
5.93561e-06
7.92517e-06
3.36246e-06
5.54377e-06
6.74053e-06
6.34831e-06
3.7984e-06
2.84145e-06
8.54154e-06
9.08435e-06
8.07687e-06
6.46605e-06
4.11058e-06
3.12756e-06
8.54294e-06
9.2018e-06
2.32519e-06
5.01181e-06
4.78787e-06
2.38e-06
2.30075e-06
9.53577e-06
8.83236e-06
1.05629e-05
4.39314e-06
4.586e-06
1.28011e-06
1.30007e-05
7.87255e-06
8.35691e-06
6.01669e-06
3.58529e-06
5.30549e-06
6.45769e-06
8.83371e-06
3.47026e-06
9.65833e-06
3.15729e-06
2.33885e-06
9.22568e-06
7.40916e-06
4.52185e-06
1.02046e-05
2.89829e-06
4.93133e-06
6.2614e-06
3.51105e-06
9.41594e-06
2.3277e-06
2.01787e-06
3.27034e-06
4.74699e-06
4.87322e-06
5.18344e-06
5.60078e-06
2.42511e-06
1.97732e-06
4.44319e-06
3.16814e-06
1.27174e-06
2.84887e-06
4.49786e-06
1.11466e-06
1.34823e-06
1.05106e-06
2.07182e-06
2.22858e-06
2.13414e-06
2.1613e-06
5.01863e-06
3.83393e-06
6.62457e-06
2.80997e-06
2.47021e-06
4.2177e-06
3.51174e-06
6.14242e-06
4.57157e-06
3.52063e-06
2.9041e-06
4.23493e-06
2.626e-06
5.30333e-06
3.59767e-06
4.44601e-06
4.09831e-06
3.76517e-06
4.37477e-06
6.87449e-06
2.54971e-06
4.74512e-06
4.28715e-06
4.53935e-06
8.90006e-06
9.47573e-06
2.43684e-06
5.25133e-06
2.31013e-06
8.65804e-06
3.37396e-06
1.52424e-06
4.8275e-06
6.44438e-06
5.41405e-06
6.14272e-06
6.29391e-06
3.8165e-06
2.16126e-06
1.55283e-06
2.54367e-06
5.68763e-06
3.83613e-06
5.71818e-06
5.94529e-06
4.34825e-06
8.40628e-06
5.44375e-06
6.27138e-06
8.03908e-06
5.37119e-06
6.01474e-06
6.92745e-06
3.54096e-06
6.97525e-06
5.33279e-06
5.9292e-06
7.95947e-06
5.49402e-06
4.14222e-06
3.92714e-06
8.08153e-06
1.14015e-05
6.68841e-06
8.11688e-06
1.72834e-06
8.24567e-06
3.31717e-06
3.7349e-06
6.14568e-06
5.04352e-06
5.14523e-06
3.96632e-06
2.80531e-06
4.874e-06
3.46449e-06
5.2776e-06
4.47524e-06
7.79172e-06
7.82385e-06
2.88933e-06
1.34893e-05
5.04191e-06
5.35343e-06
2.35237e-06
4.2946e-06
5.24057e-06
4.25432e-06
7.94407e-06
8.67969e-06
1.89448e-06
2.01138e-06
4.50635e-06
4.37802e-06
5.12395e-06
3.56483e-06
5.19123e-06
3.347e-06
2.79021e-06
6.71248e-06
3.98922e-06
4.62757e-06
7.46029e-06
7.0227e-06
2.77727e-06
2.35319e-06
4.49499e-06
5.12247e-06
5.34214e-06
2.02802e-06
2.83033e-06
4.42746e-06
4.87749e-06
5.71713e-06
2.96635e-06
2.20495e-06
2.87712e-06
3.03649e-06
4.08331e-06
3.51591e-06
3.86562e-06
4.79207e-06
2.49442e-06
1.5648e-06
2.218e-06
4.43271e-06
1.50337e-06
2.6138e-06
1.29542e-06
1.48959e-06
2.83122e-06
1.58382e-06
1.8599e-06
1.55797e-06
1.07409e-06
1.05388e-06
3.4912e-06
1.20063e-06
3.9799e-06
9.85302e-07
9.85713e-07
3.46982e-06
8.36177e-07
2.5708e-06
1.42705e-06
2.21539e-06
7.36641e-07
1.91428e-06
2.8394e-06
2.46409e-06
3.42163e-06
3.86131e-06
2.69987e-06
3.24644e-06
3.32153e-06
3.31864e-06
3.36498e-06
1.34794e-06
4.58684e-06
4.8436e-06
2.8909e-06
3.84728e-06
3.17141e-06
1.12008e-06
1.95312e-06
2.46495e-06
2.07547e-06
4.07124e-06
5.76913e-06
9.70734e-07
6.73246e-06
4.77151e-06
2.8969e-06
5.77418e-06
3.19291e-06
4.82468e-06
2.65274e-06
9.0202e-06
3.75685e-06
5.10193e-06
6.20911e-06
3.97509e-06
2.81574e-06
4.5843e-06
3.51788e-06
5.66714e-06
5.53276e-06
3.58282e-06
7.27132e-06
4.48906e-06
3.11655e-06
2.79221e-06
3.3863e-06
3.15396e-06
8.2601e-06
5.41155e-06
4.53994e-06
3.25352e-06
4.93009e-06
3.03744e-06
4.44609e-06
5.78301e-06
6.4645e-06
5.15325e-06
6.69979e-06
7.16438e-06
3.02985e-06
8.32914e-06
2.95501e-06
3.66368e-06
4.29811e-06
8.822e-06
8.54139e-06
6.89233e-06
4.86527e-06
9.09866e-06
2.65793e-06
7.67761e-06
6.62286e-06
1.5806e-05
1.12463e-05
7.87348e-06
1.33468e-06
2.14691e-06
5.8777e-06
5.40467e-06
8.39253e-06
5.60849e-06
3.9699e-06
8.30383e-06
5.97306e-06
1.8596e-06
5.31456e-06
8.20241e-06
3.35583e-06
9.14882e-06
2.98486e-06
7.82134e-06
4.52828e-06
4.2952e-06
2.84004e-06
7.90079e-06
7.67448e-06
6.70487e-06
3.92404e-06
4.04825e-06
3.5962e-06
4.1624e-06
4.90229e-06
6.89032e-06
4.20591e-06
3.22402e-06
7.18114e-06
6.93859e-06
4.80804e-06
4.93962e-06
5.09626e-06
1.171e-05
6.76178e-06
5.77907e-06
3.41739e-06
1.057e-05
2.77197e-06
3.44171e-06
5.17116e-06
4.0649e-06
5.93094e-06
5.16189e-06
7.99415e-06
6.19183e-06
3.41914e-06
5.30677e-06
9.75836e-06
1.21686e-05
5.66817e-06
4.39553e-06
4.66336e-06
9.5728e-06
7.18539e-06
3.65808e-06
1.03079e-05
9.37035e-06
7.0489e-06
3.60227e-06
4.63318e-06
3.53911e-06
5.52828e-06
6.43582e-06
5.73279e-06
8.43908e-06
3.11902e-06
1.21651e-05
6.23663e-06
1.05442e-05
5.29312e-06
7.51426e-06
4.06622e-06
4.77037e-06
6.61519e-06
4.82924e-06
1.0712e-05
3.85901e-06
6.17269e-06
5.61295e-06
6.05967e-06
2.42556e-06
3.25153e-06
4.29177e-06
1.22423e-06
1.26419e-05
6.08374e-06
2.47914e-06
7.51748e-06
5.50081e-06
7.83053e-06
5.66244e-06
5.28118e-06
5.13958e-06
4.09659e-06
1.06173e-05
2.93675e-06
3.4021e-06
3.38615e-06
2.99087e-06
6.7885e-06
5.50629e-06
7.09942e-06
4.5705e-06
6.99261e-06
3.67668e-06
6.70145e-06
4.50857e-06
7.8503e-06
1.82272e-06
6.39701e-06
9.48962e-06
1.48138e-06
9.67571e-06
9.81934e-06
1.21171e-05
3.38441e-06
7.87884e-06
1.9849e-06
5.03557e-06
7.90956e-06
4.03768e-06
2.09041e-06
1.06632e-05
4.76625e-06
2.15295e-06
9.47011e-06
7.74074e-06
2.73601e-06
9.14949e-06
5.30623e-06
1.49079e-05
5.05391e-06
4.00436e-06
1.78527e-06
3.66949e-06
6.04647e-06
8.94081e-06
5.65538e-06
9.62703e-06
1.0426e-05
3.53576e-06
4.1311e-06
2.27427e-06
7.3556e-06
7.26293e-06
7.46367e-06
2.92244e-06
1.99948e-06
5.18648e-06
5.09985e-06
1.31687e-05
9.0248e-06
7.41129e-06
6.19452e-06
8.06935e-06
7.75338e-06
4.0424e-06
2.0966e-06
6.49271e-06
5.16988e-06
4.4131e-06
5.56608e-06
6.33591e-06
3.10549e-06
7.77471e-06
1.83219e-06
3.78771e-06
4.41205e-06
3.27859e-06
7.35924e-06
3.41708e-06
6.43089e-06
4.10904e-06
6.51842e-06
1.06584e-05
3.64579e-06
3.49234e-06
4.51918e-06
3.49832e-06
2.67028e-06
1.69424e-06
4.71282e-06
5.64437e-06
2.89527e-06
3.70927e-06
5.43104e-06
4.12311e-06
3.97309e-06
1.00919e-05
6.39137e-06
1.04857e-05
3.68342e-06
3.79008e-06
4.75588e-06
4.78655e-06
4.10704e-06
4.78295e-06
3.88838e-06
2.19202e-06
6.78048e-06
4.6625e-06
5.56866e-06
5.62935e-06
3.2651e-06
7.03573e-06
6.27068e-06
4.04944e-06
4.59924e-06
2.1535e-06
5.44076e-06
1.91538e-06
2.78271e-06
6.59656e-06
2.62904e-06
7.12642e-06
2.76068e-06
3.70369e-06
3.53254e-06
1.77516e-06
5.45968e-06
6.07935e-06
6.21967e-06
2.75659e-06
3.59713e-06
2.41515e-06
3.3308e-06
3.77649e-06
4.15241e-06
2.97656e-06
8.19567e-06
8.70979e-06
6.38923e-06
6.39533e-06
1.79723e-06
4.30044e-06
5.49751e-06
6.4884e-06
2.35562e-06
8.80848e-06
5.31494e-06
5.6443e-06
3.60007e-06
2.79451e-06
5.23208e-06
2.06199e-06
2.2132e-06
7.6639e-06
4.90726e-06
1.27446e-06
4.71816e-06
2.48252e-06
4.23599e-06
1.15741e-05
2.62732e-06
5.67319e-06
2.06195e-06
9.79727e-06
2.22701e-06
6.95301e-06
8.28966e-06
1.99792e-06
1.31916e-06
4.05622e-06
2.49944e-06
3.21557e-06
4.76862e-06
5.10798e-06
7.12614e-06
6.26839e-06
6.00093e-06
2.98984e-06
6.40602e-06
3.26199e-06
2.12966e-06
4.32272e-06
7.92936e-06
2.3498e-06
3.57127e-06
5.80492e-06
1.64097e-06
2.3149e-06
1.79337e-06
1.83807e-06
1.52765e-06
2.93631e-06
4.65807e-06
4.51496e-06
5.35656e-06
3.32453e-06
6.32736e-06
5.10116e-06
2.24016e-06
5.28718e-06
2.30986e-06
2.50994e-06
1.77343e-06
3.44469e-06
7.11222e-06
8.17128e-06
2.81376e-06
1.71699e-06
5.47985e-06
3.83091e-06
2.65144e-06
3.02584e-06
6.03453e-06
6.99404e-06
3.7129e-06
5.03885e-06
3.80005e-06
3.03225e-06
6.10239e-06
2.43449e-06
3.32147e-06
3.50122e-06
4.08311e-06
7.91438e-06
1.7769e-06
2.82211e-06
1.26741e-05
1.30605e-06
2.89293e-06
1.09362e-06
6.39979e-06
1.51231e-06
4.07441e-06
1.92126e-06
1.04624e-06
1.56638e-06
2.73051e-06
3.57538e-06
2.92771e-06
2.82799e-06
1.55603e-06
3.19792e-06
4.30031e-06
4.47387e-06
4.06252e-06
3.75145e-06
4.41126e-06
3.74452e-06
1.83153e-06
1.67604e-06
2.75673e-06
2.26647e-06
4.57945e-06
1.28525e-06
3.61303e-06
2.49121e-06
2.35773e-06
1.86712e-06
4.25473e-06
8.25122e-07
1.93482e-06
2.94794e-06
3.04847e-06
4.02452e-06
5.62581e-06
2.85208e-06
8.64441e-06
2.08045e-06
6.2282e-06
5.34913e-06
4.69759e-06
5.40131e-06
3.07077e-06
2.12051e-06
5.08683e-06
2.84531e-06
1.89139e-06
1.67057e-06
3.45602e-06
1.34139e-06
3.29062e-06
3.06159e-06
1.38092e-06
8.68114e-06
1.99214e-06
9.62539e-06
2.34597e-06
4.46495e-06
5.75148e-06
2.75772e-06
1.87207e-06
3.28129e-06
5.01413e-06
6.8398e-06
3.33188e-06
5.26006e-06
3.77864e-06
1.00945e-06
3.51398e-06
2.80697e-06
1.8728e-06
3.07624e-06
2.23198e-06
3.03054e-06
5.81883e-06
1.9442e-06
3.48295e-06
5.61411e-06
2.08982e-06
1.78515e-06
4.75137e-06
1.64435e-06
3.04987e-06
2.20698e-06
4.17801e-06
4.50938e-06
1.22234e-06
2.12882e-06
5.75258e-06
2.24177e-06
1.60971e-06
5.59501e-06
1.58266e-06
2.9074e-06
3.10421e-06
3.82831e-06
2.21678e-06
2.46676e-06
6.24465e-07
7.64886e-06
1.94932e-06
2.71244e-06
2.06243e-06
4.38534e-06
1.69625e-06
2.50829e-06
3.35244e-06
2.09697e-06
1.5943e-06
3.31908e-06
9.46832e-07
1.77707e-06
2.42339e-06
1.18848e-06
2.52694e-06
2.0491e-06
1.59554e-06
3.43251e-06
2.23634e-06
1.64945e-06
4.22976e-06
5.02483e-06
1.0261e-06
8.89876e-06
2.00809e-06
1.24937e-06
2.92565e-06
1.15902e-06
3.41001e-06
2.4237e-06
5.13065e-06
2.17069e-06
1.31315e-05
8.52784e-06
5.03156e-06
5.47906e-06
1.5337e-06
4.57021e-06
2.98538e-06
2.68548e-06
3.29079e-06
2.491e-06
1.78243e-06
1.17467e-06
6.81851e-06
2.51933e-06
3.00986e-06
1.36375e-06
1.6029e-06
2.94586e-06
5.10321e-06
3.04027e-06
1.70433e-06
2.4873e-06
8.38744e-07
5.09647e-06
2.72033e-06
3.99114e-06
1.51199e-06
1.41584e-06
4.00151e-06
1.20341e-06
3.25649e-06
8.60949e-07
3.17348e-06
2.29876e-06
3.02859e-06
3.38989e-06
1.77544e-06
2.76091e-06
3.08016e-06
1.79345e-06
1.35422e-06
6.73882e-06
4.89831e-06
1.66967e-06
1.57731e-06
1.59539e-06
1.69473e-06
2.90729e-06
7.01495e-06
4.23477e-06
1.71491e-06
1.30686e-06
4.15436e-06
4.19019e-06
1.34198e-06
2.1362e-06
2.55685e-06
1.75285e-06
1.5099e-06
8.2841e-07
5.00312e-06
3.03344e-06
4.5337e-06
5.89341e-06
3.55979e-06
1.89035e-06
2.15272e-06
1.63641e-06
2.98053e-06
2.0761e-06
1.2449e-06
2.29487e-06
4.5314e-06
1.59734e-06
5.53626e-06
4.88715e-06
2.70833e-06
1.89503e-06
1.23293e-06
2.5284e-06
9.5199e-07
2.11371e-06
3.34375e-06
1.84165e-06
2.77162e-06
1.40391e-06
9.3752e-07
3.06921e-06
1.55964e-06
1.15887e-06
1.87672e-06
4.57191e-06
6.79202e-07
8.53441e-07
3.66644e-06
1.494e-06
8.60119e-07
2.23713e-06
2.75551e-06
1.9582e-06
2.4747e-06
1.04807e-06
1.48599e-06
3.14533e-06
1.77734e-06
3.04658e-06
2.57202e-06
2.483e-06
2.78531e-06
2.11131e-06
1.94142e-06
2.44152e-06
1.63848e-06
7.89711e-07
1.64344e-06
4.47562e-06
8.08572e-06
2.80014e-06
2.88114e-06
1.83816e-06
3.76684e-06
1.1841e-06
1.16432e-06
1.70077e-06
5.71346e-06
4.29004e-06
1.74238e-06
1.37314e-06
1.91903e-06
2.56996e-06
3.34314e-06
2.92099e-06
1.93642e-06
2.73405e-06
1.19152e-06
3.86349e-06
2.08485e-06
1.77884e-06
2.43327e-06
1.87678e-06
1.06961e-06
2.29677e-06
2.48964e-06
3.9419e-06
2.61152e-06
2.81964e-06
3.15927e-06
1.70133e-06
2.25772e-06
1.74318e-06
1.10535e-06
3.2296e-06
1.18822e-06
1.8698e-06
1.93627e-06
2.87163e-06
8.6803e-07
7.80221e-07
3.20039e-06
1.63397e-06
1.27087e-06
6.24016e-07
3.48945e-07
2.00535e-06
1.12243e-06
8.25441e-07
4.5577e-06
2.78119e-06
4.49489e-06
1.52078e-06
1.39726e-06
1.65131e-06
1.41691e-06
7.99905e-07
5.83389e-07
2.41149e-06
4.73071e-06
8.32296e-07
1.1546e-06
7.49529e-07
2.28775e-06
3.29396e-06
2.87577e-06
1.66821e-06
1.06369e-06
3.07633e-06
2.32108e-06
1.15627e-06
4.98061e-07
2.63096e-06
8.22771e-07
1.99975e-06
7.78576e-07
1.36691e-06
6.00594e-07
1.09459e-06
1.57555e-06
1.16464e-06
1.28693e-06
2.17456e-06
1.01391e-06
1.28109e-06
2.32928e-06
6.7668e-07
3.21515e-06
1.05892e-06
9.07114e-07
1.696e-06
8.83819e-07
7.54774e-07
1.54798e-06
2.82404e-06
4.89408e-06
5.08346e-06
3.01534e-06
2.3879e-06
8.2464e-07
1.46682e-06
3.42704e-06
1.81068e-06
2.30051e-06
8.89552e-07
9.41622e-07
1.63742e-06
7.75855e-07
1.20721e-06
1.49508e-06
5.47608e-07
3.96999e-06
8.54448e-07
1.97497e-06
7.09859e-07
2.26598e-06
5.81136e-07
3.20153e-06
1.01348e-06
7.0426e-07
5.37585e-07
3.25381e-06
3.87703e-06
5.40799e-06
1.43815e-06
4.42333e-06
4.76649e-06
5.29033e-06
5.03666e-06
1.94604e-06
2.46049e-06
3.68641e-06
7.76506e-07
9.43069e-07
9.10045e-07
1.74697e-06
5.06903e-07
5.81544e-07
1.58058e-06
9.77916e-07
8.65686e-07
1.03117e-06
1.55244e-06
1.82969e-06
1.04635e-06
5.91268e-07
8.333e-07
9.39403e-07
1.30112e-06
9.51285e-07
1.76955e-06
1.38246e-06
1.21784e-06
1.48836e-06
6.96546e-07
1.43494e-06
9.72938e-07
9.93768e-07
6.60287e-07
6.17503e-07
8.07898e-07
1.46063e-06
2.17206e-06
8.61709e-07
5.66516e-07
1.18216e-06
5.26126e-07
3.75845e-07
8.75436e-07
4.94041e-07
7.35326e-06
2.74849e-06
6.71376e-06
2.21869e-06
1.34744e-06
2.77933e-06
8.61142e-07
2.98632e-06
2.49713e-06
1.42545e-06
1.03068e-06
7.38124e-06
1.91259e-06
4.14804e-06
4.90471e-06
6.57741e-06
8.71578e-06
4.4569e-06
1.57457e-06
1.48387e-06
2.83038e-06
8.3281e-07
7.37035e-06
2.17928e-06
2.84538e-06
1.33592e-06
6.57916e-06
3.01609e-06
1.33698e-06
1.30767e-06
4.98851e-07
5.8926e-07
2.74528e-07
7.19283e-07
2.99342e-07
2.54624e-07
2.27407e-07
3.73769e-07
1.84916e-06
7.20212e-07
7.81794e-07
4.32045e-07
2.08567e-07
8.72319e-07
3.60303e-06
4.90265e-06
2.45043e-06
8.03884e-07
6.66992e-07
8.20169e-07
5.07739e-07
4.97386e-07
1.13716e-06
3.66106e-07
1.32084e-06
7.66396e-07
1.13572e-06
6.91988e-06
1.94063e-06
1.39153e-06
2.55334e-06
5.39096e-06
2.03136e-06
5.78252e-06
1.4149e-06
1.89483e-06
1.54899e-06
6.78926e-06
2.02014e-06
1.63885e-06
1.33411e-06
1.12214e-06
4.56236e-07
9.07551e-07
2.59564e-06
1.03171e-06
1.1395e-06
6.88865e-07
6.05284e-07
4.95444e-07
6.75181e-07
5.38426e-06
1.53466e-06
3.56579e-06
1.16284e-06
7.50608e-06
2.31729e-06
1.83439e-06
1.37977e-06
4.05204e-06
3.98264e-06
3.34162e-06
2.35098e-06
4.21601e-06
1.23603e-06
1.32165e-06
2.76889e-06
1.53015e-06
1.01668e-06
8.84335e-07
7.81167e-07
7.98421e-07
9.08302e-07
3.75193e-07
7.447e-07
2.04676e-07
1.2711e-06
5.35885e-06
1.59807e-06
4.87801e-06
1.31264e-06
1.13805e-06
1.12907e-06
4.36571e-07
4.9018e-07
1.26298e-06
4.98368e-07
3.36601e-07
5.88516e-07
3.24264e-07
3.46095e-07
1.53231e-06
7.19138e-07
1.65778e-06
1.19235e-06
6.77025e-06
2.75897e-06
1.35694e-06
1.21544e-06
8.59e-07
3.10536e-07
5.36888e-07
6.14747e-07
8.289e-07
3.17247e-07
6.15038e-07
7.2201e-07
1.82696e-07
1.04164e-06
5.86915e-07
8.90902e-07
5.08144e-07
2.93901e-07
3.17387e-06
1.07844e-06
7.58913e-07
8.07549e-07
4.37892e-07
8.13518e-07
2.43444e-07
2.90494e-07
3.82077e-07
2.60181e-07
3.62281e-07
3.04064e-06
5.84209e-07
1.35274e-06
3.87871e-06
1.49547e-06
1.49268e-06
9.88014e-07
2.7194e-07
9.71428e-07
5.7014e-07
5.26821e-07
4.95366e-07
3.8932e-07
2.23465e-07
1.55655e-07
7.35488e-07
8.83032e-07
6.0987e-07
3.60699e-07
1.06081e-06
8.34261e-07
2.87976e-07
5.20041e-07
5.19222e-07
9.73701e-07
1.3547e-06
2.33379e-07
7.68221e-07
6.0414e-07
1.30935e-06
1.07296e-06
2.84648e-07
9.93948e-07
8.13142e-07
1.05873e-06
5.1606e-07
3.16507e-07
6.22217e-07
8.83516e-07
3.10223e-06
3.64196e-06
2.64117e-06
1.84065e-06
9.03948e-07
4.69662e-07
5.62524e-06
2.14159e-06
3.82023e-06
1.94911e-06
1.87336e-06
3.63126e-07
4.77687e-07
4.19663e-07
6.69896e-07
2.41427e-07
8.88298e-07
5.56471e-07
8.45349e-07
1.08525e-06
5.49392e-07
8.76292e-07
2.48625e-07
7.82198e-07
2.32215e-07
4.34333e-07
8.95241e-07
1.13496e-06
2.40748e-06
7.44758e-07
9.5585e-07
6.85589e-07
5.3619e-07
2.6485e-06
2.56257e-06
8.17454e-07
1.42126e-06
6.37783e-06
5.48926e-06
3.51899e-06
1.32902e-05
5.64722e-06
4.99564e-06
4.52049e-06
2.41852e-06
7.488e-07
9.59878e-07
2.32365e-07
8.04631e-07
2.94104e-07
9.60329e-07
6.525e-07
7.94867e-07
5.90063e-07
4.19401e-07
3.51854e-07
6.43028e-06
2.10768e-06
1.83672e-06
7.2265e-07
1.04231e-06
4.11422e-07
6.51834e-07
5.46987e-07
7.9576e-07
1.82332e-07
1.74431e-07
3.46177e-07
2.18168e-07
3.94427e-07
5.9294e-07
3.26639e-07
3.11409e-07
2.96537e-07
4.08952e-07
5.21015e-07
4.98443e-07
9.71634e-07
8.86515e-07
2.09534e-07
2.08866e-07
1.79551e-07
2.71524e-07
3.60575e-07
2.46843e-07
2.1469e-07
6.50207e-07
5.56473e-07
6.19797e-07
3.04617e-07
1.71558e-07
3.72049e-07
3.08943e-07
1.59678e-07
1.12827e-06
1.1475e-06
5.73999e-07
6.08092e-06
1.92173e-06
1.56181e-06
7.18812e-07
6.66674e-06
2.49651e-06
3.21042e-06
7.96674e-07
6.10349e-06
1.73376e-06
1.67816e-06
4.96086e-06
1.5477e-06
1.30315e-06
7.14963e-07
7.90676e-07
1.42963e-06
6.59999e-07
1.85051e-06
3.18857e-07
1.18827e-06
4.99326e-07
4.46216e-07
1.26593e-06
1.0374e-06
1.43242e-06
2.03104e-07
3.33246e-07
3.87363e-07
7.46393e-07
2.01891e-07
5.80042e-07
8.64752e-07
9.69531e-07
7.75837e-07
5.189e-07
4.65129e-07
3.48324e-07
6.06444e-07
1.6567e-07
8.88812e-07
8.04453e-07
2.01485e-07
4.49501e-07
7.66379e-07
1.20516e-07
7.88457e-07
3.4302e-07
1.05649e-06
1.98422e-07
2.82783e-07
9.36084e-07
6.53351e-07
6.75772e-07
3.13697e-07
9.08043e-07
5.79658e-07
2.71061e-07
7.44389e-07
2.0542e-06
4.31531e-07
1.56824e-06
1.25896e-06
2.90727e-07
1.2708e-06
1.41187e-06
1.32486e-06
3.41536e-07
1.14296e-06
5.80678e-07
3.88244e-07
2.56896e-07
1.04917e-06
8.29646e-07
5.01463e-07
4.9578e-07
3.53885e-07
4.5946e-07
3.84664e-07
4.61015e-07
4.58528e-07
8.51444e-07
4.57505e-06
3.43097e-06
2.52758e-06
9.71593e-07
1.37631e-06
6.29746e-07
1.70154e-06
1.68881e-06
1.30943e-06
4.88655e-07
1.1065e-06
6.97466e-07
5.6733e-07
4.41893e-06
1.97595e-06
1.45307e-06
8.67374e-07
5.97094e-07
2.86195e-07
4.15285e-07
4.19972e-07
2.47001e-07
2.37841e-07
1.4042e-07
3.73921e-07
4.06211e-07
2.30406e-07
1.50863e-07
1.98197e-07
2.03289e-07
1.56294e-07
2.84566e-07
5.52603e-07
6.37086e-06
1.77052e-06
4.52099e-06
8.66595e-07
5.93882e-06
4.87088e-06
4.00067e-06
1.34888e-06
1.28626e-06
5.71675e-07
3.43844e-07
4.21483e-07
4.92193e-07
3.59126e-07
3.64723e-07
3.95478e-07
7.91795e-07
3.93694e-07
2.27413e-07
3.99926e-06
1.32116e-06
8.54498e-07
7.42385e-07
9.71908e-07
3.95142e-07
6.60372e-07
5.21989e-07
2.30307e-07
6.5719e-07
2.59011e-07
7.65031e-07
5.67344e-07
6.88982e-06
8.749e-06
7.34595e-06
4.8573e-06
8.37909e-07
1.67532e-06
5.16169e-07
1.26003e-05
3.26848e-06
4.74703e-06
1.29151e-06
1.38413e-06
1.27602e-06
3.34195e-07
6.50422e-07
6.79135e-07
3.23762e-07
2.6183e-06
8.58699e-07
1.2187e-06
9.93224e-07
7.17669e-07
7.23333e-06
2.23995e-06
1.72694e-06
1.31689e-06
3.70851e-07
9.40439e-07
5.66423e-07
2.19755e-07
2.83113e-07
3.62767e-07
1.99291e-07
4.0617e-07
1.99905e-07
1.74186e-07
1.75826e-07
5.48371e-07
2.02994e-07
3.59354e-07
1.89311e-07
1.77137e-07
8.29822e-07
4.89366e-07
1.08141e-06
7.92186e-07
1.68695e-07
5.7835e-07
3.79817e-07
2.96382e-07
4.0201e-07
5.682e-07
1.07734e-06
1.0814e-06
2.57802e-07
6.35642e-07
5.04479e-07
1.82527e-06
6.78326e-06
2.02461e-06
1.30595e-06
9.35908e-07
2.63051e-07
3.28635e-07
9.98792e-07
8.16766e-07
1.20665e-06
6.12532e-07
1.14808e-06
8.50715e-07
3.72978e-07
7.61635e-07
3.69103e-07
8.13209e-07
6.07309e-07
1.00803e-06
8.35745e-07
5.55843e-07
3.27576e-07
5.09153e-07
5.61297e-07
2.5094e-07
2.8834e-07
7.05372e-06
4.8274e-06
4.05188e-06
3.08513e-06
2.38487e-06
5.62614e-07
2.93156e-06
9.87045e-07
5.85865e-06
4.87176e-06
3.00324e-06
4.64837e-06
6.52358e-06
3.62665e-06
3.93364e-06
2.27488e-06
5.76033e-07
5.54449e-06
2.00917e-06
2.2e-06
1.13647e-06
6.27395e-07
5.24589e-07
8.59767e-07
8.56757e-07
6.02208e-07
8.06789e-07
7.81622e-07
1.77512e-06
7.7622e-07
1.57536e-06
9.75527e-07
6.89193e-07
8.00691e-07
5.07799e-07
7.35492e-07
1.31912e-06
8.02071e-07
3.88739e-06
2.27653e-06
2.77422e-06
5.77678e-06
1.97456e-06
3.38338e-06
3.91779e-06
2.60664e-06
1.97094e-06
3.63995e-07
1.40427e-06
1.55993e-06
1.26253e-06
1.4411e-06
1.39421e-06
3.52461e-07
3.68491e-06
1.91758e-06
8.29944e-07
7.3622e-06
2.38318e-06
6.01525e-06
7.16842e-06
3.43018e-06
3.24443e-06
2.07569e-06
5.93788e-06
1.76866e-06
5.83206e-06
1.21965e-05
4.98191e-06
4.81215e-06
6.35895e-07
1.40458e-06
7.13395e-07
5.05752e-07
5.56372e-06
2.14914e-06
1.22438e-06
1.58265e-06
4.34355e-06
1.80669e-06
1.33458e-06
1.08034e-06
6.67541e-07
6.50159e-07
6.31154e-07
5.26592e-07
4.74653e-07
3.5634e-07
9.89881e-07
3.02347e-07
1.22968e-06
4.5038e-07
1.02543e-06
4.12062e-07
2.96776e-07
4.3581e-07
4.31964e-07
1.82621e-07
3.35387e-07
5.55188e-07
7.49152e-07
6.95851e-07
4.61485e-07
9.3223e-07
4.35828e-07
3.18598e-07
9.42984e-07
7.9685e-07
1.20997e-06
9.87979e-07
3.30706e-07
3.49669e-07
1.15305e-06
1.46254e-06
2.60747e-06
9.13648e-07
3.67591e-06
1.53264e-06
7.76018e-07
7.94341e-07
6.38047e-07
8.89484e-07
5.4533e-07
2.79465e-07
2.69286e-07
3.04046e-07
4.85015e-07
3.3911e-07
5.06538e-07
4.30648e-07
6.65657e-06
1.88583e-06
7.35461e-07
6.04874e-07
2.40404e-07
2.72301e-07
2.8249e-07
1.56625e-07
2.72786e-07
7.5738e-07
9.60447e-07
4.58604e-07
1.1189e-06
8.13579e-07
6.03484e-07
6.4346e-07
4.80673e-06
1.34385e-06
1.42254e-06
9.21664e-07
7.25021e-07
9.3089e-07
3.67414e-07
4.16716e-07
7.9126e-07
1.80185e-06
9.76832e-07
1.06179e-06
7.7859e-07
5.61636e-06
1.88214e-06
1.88382e-06
7.84501e-07
1.57181e-06
9.87391e-07
5.86886e-07
5.64332e-07
8.76492e-07
5.23712e-07
4.58107e-06
1.41674e-06
1.46812e-06
9.80021e-07
6.87298e-07
3.04811e-07
5.02623e-07
8.13944e-07
9.14894e-07
1.36509e-06
1.92788e-06
6.66926e-07
2.18303e-06
8.70287e-07
5.79128e-07
4.96776e-07
6.25954e-07
1.09451e-06
4.50522e-07
2.39057e-07
5.2858e-07
5.10548e-07
1.09011e-06
4.40057e-07
6.61898e-07
3.09385e-07
2.31644e-07
4.98462e-07
3.21407e-07
2.21728e-07
4.84471e-07
6.60961e-07
2.18411e-07
4.38086e-07
5.91731e-07
1.2167e-06
2.54011e-07
3.41487e-07
3.09295e-07
2.85367e-07
1.43969e-07
2.86241e-07
2.58549e-07
2.09344e-07
1.62829e-07
6.35944e-07
1.07534e-06
2.57241e-07
3.55775e-07
1.4941e-07
7.2847e-07
1.97996e-07
1.06975e-06
1.71245e-06
1.17371e-06
1.17885e-06
1.15026e-06
3.01401e-07
7.82313e-07
2.11056e-07
6.91523e-07
7.49827e-07
7.67995e-07
2.17976e-06
2.89511e-07
9.33481e-07
1.4397e-07
9.04108e-07
8.48364e-07
7.45146e-07
7.27157e-07
5.18092e-07
3.47821e-07
8.58901e-07
2.16297e-07
3.70658e-07
2.90863e-07
5.98788e-07
1.04638e-06
4.75379e-07
3.40342e-07
4.05457e-07
1.19188e-07
4.33263e-07
1.12706e-07
3.77837e-07
7.9207e-07
3.57533e-07
5.50071e-07
2.77276e-07
5.34665e-07
2.83249e-07
8.67203e-07
4.29799e-07
2.46306e-07
3.00529e-07
2.52686e-07
9.03057e-07
7.48647e-07
2.95037e-06
9.24996e-07
7.16149e-07
5.67582e-07
1.0196e-06
1.46369e-06
6.46376e-07
1.21071e-06
5.23876e-07
2.11948e-06
3.73009e-07
6.29869e-07
1.32975e-06
4.77115e-07
2.29187e-06
8.34328e-07
7.92439e-07
1.29666e-06
1.00791e-06
3.40771e-06
2.25683e-06
5.15287e-06
4.60942e-06
7.48907e-06
3.45527e-06
1.29347e-06
1.27139e-06
3.14801e-07
6.48023e-07
1.2462e-06
7.68724e-07
2.95726e-06
1.05091e-06
6.09383e-06
1.65751e-06
1.52115e-06
7.11178e-06
2.38141e-06
4.94875e-06
2.95154e-06
2.07607e-06
7.15902e-07
6.53196e-07
1.60972e-06
4.28924e-07
1.01893e-06
5.36315e-07
9.07793e-07
1.16149e-06
3.50868e-07
2.53185e-07
2.75988e-07
7.50881e-07
7.27953e-06
4.95737e-06
1.52848e-06
1.7625e-06
1.02261e-06
7.06041e-06
5.6594e-06
1.53892e-05
1.6917e-06
1.30402e-05
7.14843e-06
5.05004e-06
1.60189e-06
1.69439e-06
1.36364e-06
8.15756e-07
1.22599e-06
5.355e-07
6.77662e-07
2.97755e-07
2.42913e-07
1.44266e-07
2.11422e-07
5.08656e-07
6.20102e-07
4.30598e-07
3.9921e-07
4.90898e-07
2.87152e-07
7.8124e-07
8.72899e-07
7.34522e-07
4.14753e-07
2.89585e-07
1.24008e-06
1.33829e-06
1.29498e-06
5.2904e-07
7.16985e-07
1.25517e-06
4.12815e-07
7.556e-07
1.36341e-06
1.09965e-06
4.73683e-07
4.42031e-06
1.30757e-06
9.97676e-07
6.11315e-07
6.74395e-07
6.78828e-06
2.02087e-06
5.41309e-06
5.96606e-06
3.37069e-06
1.06936e-06
1.29913e-06
5.86061e-07
1.06089e-06
9.60841e-07
8.89455e-07
6.32242e-07
3.69008e-07
5.89945e-07
7.42569e-07
9.83764e-07
1.43078e-06
6.73214e-07
4.59927e-07
1.08649e-06
2.94952e-07
9.51099e-07
1.17183e-06
5.27357e-07
3.73278e-07
8.07121e-07
8.61622e-07
1.07558e-06
4.73957e-06
1.46759e-06
3.60443e-06
1.06414e-06
1.03833e-06
1.13673e-06
2.41633e-07
4.01128e-06
4.54818e-06
2.57127e-06
1.14487e-06
1.57406e-06
9.08886e-07
6.84442e-07
6.17443e-07
4.13234e-07
4.6858e-07
3.45025e-07
9.35288e-07
5.71345e-07
1.29102e-06
2.7672e-07
5.32541e-07
3.57553e-07
5.36869e-07
4.24902e-07
5.28842e-07
3.90202e-07
5.7806e-07
1.17296e-06
1.1977e-06
1.86595e-06
4.51374e-07
4.78076e-07
5.79503e-07
7.41075e-07
6.25108e-07
7.37735e-06
4.6973e-06
9.8023e-06
3.65608e-06
1.98809e-06
6.61177e-06
2.53052e-06
1.55523e-06
1.4085e-06
2.01693e-06
5.24683e-06
3.01586e-06
2.05789e-06
1.60032e-06
7.66442e-07
6.38725e-07
4.71955e-06
3.45428e-06
2.48101e-06
9.20027e-07
7.46121e-06
3.53113e-06
7.18086e-06
3.03149e-06
1.89539e-06
2.05463e-06
1.61704e-06
1.53756e-06
1.31715e-06
5.88581e-07
8.59477e-07
4.31155e-06
1.39239e-06
6.17258e-06
1.4909e-06
1.44443e-06
1.01354e-06
5.91252e-07
4.74862e-07
2.51938e-07
5.32067e-07
6.08745e-07
2.76641e-07
7.80657e-07
1.87867e-07
4.11584e-07
3.3186e-07
1.75476e-07
6.12267e-07
1.53151e-06
1.48805e-06
1.07095e-06
4.82679e-07
8.41785e-07
7.80103e-07
4.99005e-06
1.59773e-06
1.08524e-06
9.26279e-07
7.22437e-07
3.17602e-07
4.86368e-07
6.06687e-07
2.55806e-07
4.71888e-07
1.24641e-06
8.19277e-07
1.04195e-06
5.11339e-06
1.55366e-06
1.14885e-06
9.11094e-07
5.88295e-06
1.45907e-06
1.64511e-06
1.02069e-06
1.49017e-06
1.37821e-06
7.27862e-07
5.63079e-07
6.79708e-07
8.66648e-07
2.45877e-06
1.05455e-06
8.2368e-07
6.7926e-07
3.89726e-07
4.69411e-07
1.79023e-06
1.515e-06
5.30381e-07
1.52729e-06
1.06133e-06
6.84905e-07
3.99387e-07
5.25683e-07
2.23329e-07
1.03655e-06
3.36684e-07
8.03982e-07
9.82224e-07
4.12571e-06
2.13105e-06
3.51986e-06
1.26547e-06
5.44899e-06
4.20567e-06
2.61395e-06
8.21231e-07
1.05823e-06
4.51307e-07
3.67569e-07
4.75263e-07
2.07823e-07
5.66241e-06
1.7434e-06
1.17911e-06
1.02248e-06
8.7938e-07
8.32548e-07
6.26846e-06
1.86024e-06
2.99927e-06
1.00602e-06
1.20638e-06
7.56439e-07
8.1963e-07
8.93866e-07
4.83788e-07
3.56781e-07
1.93832e-06
1.57858e-06
1.01453e-06
6.83831e-07
6.71903e-07
6.35933e-07
6.22035e-06
2.63645e-06
1.21313e-06
1.11268e-06
1.04048e-06
5.37139e-06
6.64116e-06
5.68977e-06
1.40907e-05
5.71e-06
3.07092e-06
1.29271e-06
1.76181e-06
1.00993e-06
3.59294e-07
5.73031e-07
3.94971e-07
2.57008e-06
8.49714e-07
4.75676e-06
1.19142e-06
3.43639e-06
9.89836e-07
1.10724e-06
6.23192e-07
7.46954e-07
3.80167e-07
4.65758e-07
4.55385e-07
4.02928e-07
5.08894e-07
2.82406e-07
5.26797e-07
3.76884e-07
5.0502e-07
2.47374e-07
4.0858e-07
1.44579e-06
1.41143e-06
4.38863e-07
1.27896e-06
1.0897e-06
8.42421e-07
3.60507e-06
1.0429e-06
8.31351e-07
7.27393e-07
3.24437e-07
4.37167e-07
9.60961e-07
6.24136e-07
4.56638e-07
3.80027e-07
9.60346e-07
5.98622e-07
7.68003e-07
8.12543e-07
9.57157e-07
8.75034e-07
4.96197e-07
2.22294e-07
1.10491e-06
3.01764e-06
9.53434e-07
1.21271e-06
6.92039e-07
2.56898e-07
3.92227e-07
6.25302e-06
1.52959e-06
5.1866e-06
5.70375e-06
2.71303e-06
5.71181e-06
2.53999e-06
5.86154e-06
4.5453e-06
3.54737e-06
8.86972e-07
5.43386e-06
1.8652e-06
1.2249e-06
1.15804e-06
5.38428e-07
7.37761e-07
2.88391e-07
2.41774e-07
3.56246e-07
2.52642e-07
2.02108e-06
9.00636e-07
1.27549e-06
5.90981e-07
4.18808e-07
2.82297e-07
5.21712e-07
1.87145e-07
3.81119e-07
7.61397e-07
6.27402e-07
4.70402e-07
3.14284e-07
3.68235e-07
4.26249e-07
6.44649e-07
9.6969e-07
3.52385e-07
9.98871e-07
5.06297e-07
1.79465e-06
4.94481e-06
1.43221e-06
4.01771e-06
7.82497e-07
1.67355e-06
1.06363e-06
2.526e-07
6.47896e-07
8.51066e-07
1.35551e-06
5.11447e-07
8.49226e-07
3.86549e-07
7.75542e-07
7.86746e-07
3.94156e-07
6.31821e-07
3.733e-07
3.96631e-07
5.74566e-07
4.88878e-06
2.91212e-06
7.1178e-07
1.32226e-06
6.92821e-07
3.9988e-07
5.49151e-06
2.72132e-06
2.51798e-06
4.90894e-06
1.34115e-06
1.46706e-06
3.3401e-06
1.2739e-06
1.4217e-06
8.73328e-07
8.04314e-07
4.42849e-07
2.27047e-07
5.40834e-07
3.83406e-07
3.08564e-06
1.3425e-06
2.55774e-06
6.43441e-07
9.53967e-07
6.56032e-07
2.55103e-07
7.24117e-06
2.99645e-06
5.01637e-06
8.72449e-07
1.35044e-06
9.15288e-07
8.82698e-07
9.25538e-07
1.19851e-06
6.16585e-07
4.73254e-07
6.26465e-06
1.86492e-06
1.34986e-06
8.82867e-06
3.39808e-06
3.29645e-06
1.65065e-06
1.20032e-06
8.51066e-07
1.08941e-06
7.17513e-07
4.33419e-07
2.4213e-07
9.11522e-07
9.49657e-07
6.32125e-07
8.3288e-07
4.99925e-07
4.79751e-07
1.86297e-06
6.49759e-07
1.38294e-06
1.2391e-06
6.64225e-07
6.08218e-07
4.47676e-07
1.96724e-06
1.44738e-06
6.35954e-07
8.46963e-07
6.36535e-07
3.92367e-07
1.16617e-06
6.25333e-07
4.00981e-07
1.09464e-06
5.07831e-07
1.0085e-06
1.03086e-06
1.43967e-06
1.29483e-06
1.31622e-06
1.62535e-06
7.08923e-07
9.30531e-07
9.54851e-07
2.45397e-07
7.86262e-07
6.83249e-07
1.99074e-07
5.46227e-07
6.93448e-06
3.31228e-06
2.96029e-06
1.26697e-06
1.47724e-06
1.16665e-06
6.85735e-07
2.98232e-06
6.80116e-07
2.61202e-06
1.95212e-06
9.25745e-07
6.33478e-07
1.72821e-06
7.50692e-07
1.89601e-06
2.44371e-06
7.38991e-07
3.63243e-07
3.27754e-07
9.59663e-07
2.10729e-07
1.59062e-07
2.90301e-07
1.09298e-06
9.99539e-07
2.24004e-06
4.94212e-07
5.65778e-07
2.84035e-07
7.16168e-06
5.37775e-06
1.20637e-06
1.80836e-06
8.55754e-07
1.77074e-06
9.49786e-07
9.8784e-07
8.96562e-07
3.89706e-07
4.35378e-07
1.02359e-06
8.34454e-07
7.64873e-07
5.22684e-07
5.38096e-07
8.04859e-07
2.19329e-06
3.04028e-06
5.41678e-06
2.54879e-06
1.0498e-06
1.1112e-06
2.86903e-07
1.10288e-06
3.37509e-06
1.13513e-06
9.1365e-07
1.3706e-06
5.27134e-07
7.59222e-07
5.67662e-07
2.21403e-07
7.61801e-07
5.97231e-07
5.00322e-07
5.25335e-07
8.24599e-07
5.1282e-07
5.65031e-07
1.71439e-07
7.2059e-06
2.1689e-06
5.74946e-06
9.11547e-07
1.83109e-06
1.1897e-06
6.39181e-07
1.2871e-06
3.6079e-07
7.31385e-07
1.19064e-06
4.72079e-07
7.21875e-07
4.85549e-07
3.20773e-07
9.96619e-07
5.02974e-07
4.4962e-07
2.53318e-07
4.4329e-07
7.30098e-07
7.24487e-07
3.78891e-07
3.1702e-07
2.37447e-07
5.74844e-07
2.83574e-07
2.07335e-07
3.34223e-07
3.50924e-07
6.04855e-07
5.04044e-07
5.86046e-07
3.2075e-06
1.18531e-06
1.43352e-06
4.02732e-06
9.63451e-07
9.13337e-07
6.77397e-07
2.8807e-07
8.12599e-07
9.22142e-07
4.71367e-06
1.88624e-06
1.15283e-06
8.80941e-07
4.2386e-07
3.13073e-07
5.67764e-07
5.48843e-07
4.30382e-07
3.63023e-07
3.12737e-07
5.69608e-07
5.25975e-07
8.05143e-07
6.87259e-07
7.88806e-07
7.47276e-07
1.03115e-06
6.53089e-07
2.86199e-07
4.63172e-07
5.56037e-07
3.25241e-07
6.47293e-07
1.98839e-07
7.75044e-07
3.1715e-07
1.05578e-06
4.84511e-07
1.99226e-07
3.90071e-06
1.32192e-06
8.11679e-07
3.70145e-06
1.01122e-06
7.57092e-07
4.00093e-06
1.40352e-06
4.22445e-06
8.75142e-07
3.55307e-06
4.43197e-07
9.71839e-07
4.35502e-07
4.93811e-07
8.70895e-07
2.96212e-07
2.41e-06
6.54803e-07
4.66127e-06
1.16706e-06
1.22485e-06
7.55578e-07
8.87828e-07
2.30858e-06
1.14803e-06
1.01634e-06
5.02768e-07
4.70654e-07
4.22892e-07
7.10239e-07
7.5928e-07
2.39721e-07
7.13823e-07
9.27255e-07
3.91662e-07
9.3051e-07
6.96221e-07
4.60778e-07
6.95049e-06
2.07113e-06
5.54559e-06
1.1445e-06
1.29321e-06
7.13139e-07
5.13935e-07
2.65842e-07
4.41119e-07
5.02275e-07
8.44069e-07
4.03879e-07
7.82273e-07
3.85868e-07
1.23343e-06
4.54242e-07
3.87766e-07
2.42298e-07
3.40404e-07
9.73187e-07
9.8436e-07
1.01455e-06
6.9978e-07
1.14754e-06
1.06422e-06
6.65681e-06
4.23571e-06
3.25442e-06
3.5056e-07
1.1694e-06
5.24439e-07
3.24027e-06
3.97115e-06
2.56497e-06
1.78735e-06
5.22451e-07
1.10499e-06
5.07985e-07
7.33464e-07
3.59781e-07
7.33442e-07
6.12933e-07
4.46388e-06
1.67189e-06
3.99217e-06
8.15262e-07
1.49877e-06
9.13384e-07
7.97704e-07
8.97405e-07
4.0611e-06
2.02867e-06
7.19662e-07
9.28109e-06
2.55219e-06
1.9323e-06
1.29581e-06
2.31861e-07
1.44658e-06
6.28123e-07
1.05027e-06
4.50963e-07
3.42598e-07
1.96644e-07
3.18266e-07
2.84291e-07
1.7192e-07
4.86789e-07
5.50556e-07
1.3613e-07
5.5546e-07
6.22291e-07
6.20685e-07
3.02427e-07
4.12202e-07
4.24601e-07
8.74019e-07
2.04698e-06
9.69541e-07
7.39759e-07
5.64969e-07
6.94934e-07
5.11337e-07
5.96031e-07
9.73262e-07
3.81949e-07
5.5301e-07
8.09187e-07
1.78738e-07
1.00036e-06
2.2334e-07
1.01875e-06
8.23919e-07
3.08675e-07
2.39953e-07
3.71117e-07
4.71488e-07
2.31597e-07
1.77161e-07
1.48879e-07
2.38672e-07
5.35245e-07
7.69549e-07
2.58086e-07
6.87731e-07
5.66106e-07
3.041e-07
1.10821e-06
3.42204e-07
2.19798e-07
3.29915e-07
1.74573e-07
2.21774e-07
6.58517e-07
7.14936e-07
6.16906e-07
1.72381e-06
1.23808e-06
8.83384e-07
6.9322e-07
6.99665e-07
8.41915e-07
6.356e-07
2.5784e-07
4.08583e-07
1.01722e-06
2.20841e-07
3.75035e-07
8.02668e-07
6.72068e-06
2.14929e-06
1.42168e-06
1.19384e-06
1.70379e-07
4.73044e-06
1.22074e-06
1.2531e-06
8.48579e-07
3.03817e-07
4.62123e-07
2.8579e-07
8.15489e-07
3.79507e-07
3.58887e-07
6.63142e-07
4.52491e-07
2.53253e-06
1.18237e-06
6.59538e-07
1.19441e-06
3.31212e-07
2.86027e-07
2.23957e-07
1.3293e-07
3.46815e-06
1.10596e-06
1.10924e-06
8.73704e-07
2.67146e-07
1.15583e-06
6.17522e-07
8.46337e-07
5.14774e-07
3.18178e-07
4.40508e-07
8.49499e-07
9.03541e-07
4.094e-07
5.35718e-07
6.18192e-07
1.17125e-06
6.80668e-07
5.525e-07
6.38143e-06
2.12886e-06
3.78278e-06
2.06007e-06
1.03633e-06
2.72997e-06
8.93859e-07
1.25717e-06
1.50985e-06
6.02936e-07
1.783e-07
2.46232e-07
5.08865e-06
1.42155e-06
1.07218e-05
2.61945e-06
2.22597e-06
1.60861e-06
1.05891e-06
1.49121e-06
4.58359e-07
1.04684e-06
1.32909e-06
7.07139e-07
8.98399e-07
1.05453e-06
4.38048e-07
6.41647e-07
1.10259e-06
6.45419e-07
1.5798e-06
1.46414e-06
6.65887e-07
1.86607e-06
4.72546e-07
7.81905e-07
7.56048e-07
5.57119e-07
6.20774e-07
6.30619e-06
2.04814e-06
2.77471e-06
3.24625e-06
1.23147e-06
1.01024e-06
1.21132e-06
3.05081e-07
8.29446e-07
1.06944e-06
1.69626e-06
9.46071e-07
7.96096e-07
8.44161e-07
1.96086e-06
1.17535e-06
3.30092e-07
7.90841e-07
6.833e-07
3.61026e-06
6.81646e-06
2.35045e-06
1.62408e-06
7.46199e-06
1.7445e-06
1.76003e-06
1.21005e-05
3.95497e-06
2.29055e-06
4.71479e-06
1.89913e-06
9.10012e-07
8.0953e-07
2.55363e-07
9.41557e-07
4.23991e-07
2.6721e-07
9.88903e-07
8.02964e-07
1.30812e-06
1.38989e-06
1.06675e-06
4.53495e-06
1.58919e-06
5.19642e-06
1.85689e-06
1.0774e-06
6.13013e-06
2.27398e-06
1.90896e-06
7.17652e-06
4.04719e-06
1.04629e-05
2.61902e-06
3.46661e-06
1.82071e-06
9.59495e-07
9.73841e-07
2.39377e-06
1.61963e-06
9.77544e-07
6.17138e-07
4.15654e-07
2.49565e-07
5.73566e-06
2.48455e-06
1.35118e-06
1.46534e-06
5.16062e-06
2.77971e-06
1.96791e-06
4.8928e-07
6.41044e-07
6.22095e-06
1.8851e-06
1.48089e-06
9.21225e-07
3.74863e-07
4.16264e-07
5.76765e-06
1.59517e-06
5.88077e-06
1.74155e-06
4.61122e-06
1.50971e-06
3.59563e-06
1.06265e-06
9.58951e-07
3.3148e-06
3.80917e-06
1.93665e-06
4.39734e-06
