2846.37
25656.1
4.24227e+09
3.18659e+11
1.73948e+13
1.02232e+15
4.21587e+15
2.07619e+17
2.60799e+17
3.72958e+19
2.88393e+19
2.25131e+18
1.99949e+22
9.74447e+20
6.95241e+20
1.97346e+21
2.96849e+21
9.06052e+23
3.15014e+22
2.50575e+22
8.41855e+21
1.53107e+20
6.17988e+21
4.21001e+21
4.9901e+21
6.82746e+22
1.20517e+22
9.83889e+21
2.76683e+27
1.61881e+22
3.39983e+21
5.5642e+23
3.67031e+22
1.84873e+22
1.70349e+22
1.4909e+23
4.13506e+24
5.63139e+22
1.20181e+25
8.98837e+22
4.0787e+22
2.852e+24
1.713e+24
1.88108e+22
1.86227e+22
8.28867e+24
3.33572e+24
6.0892e+24
5.55278e+22
2.67893e+25
7.60831e+22
1.89886e+24
5.21725e+23
3.54801e+25
1.06007e+24
4.92752e+25
2.25937e+24
1.68505e+23
8.57787e+30
8.19103e+24
1.03413e+26
2.51185e+25
1.86152e+25
4.93762e+24
1.48308e+26
1.0965e+26
5.28817e+22
6.74641e+26
5.61031e+24
2.00097e+25
1.67752e+25
2.55352e+24
2.35175e+24
1.70613e+24
4.98717e+28
1.40339e+26
5.75917e+24
2.13189e+25
8.51993e+26
1.83063e+26
5.70294e+23
4.97276e+25
2.43445e+28
8.24516e+23
1.0582e+25
3.23302e+26
9.02738e+26
8.50305e+24
2.20602e+25
6.66693e+24
3.78901e+25
6.4173e+25
4.06792e+26
6.18813e+27
1.57654e+24
2.87155e+25
8.83304e+28
5.96998e+28
1.7576e+24
2.07637e+25
8.70029e+25
7.2587e+26
2.17868e+26
8.55026e+27
1.1479e+27
1.72744e+26
1.28112e+27
1.36666e+27
1.80632e+28
2.25616e+25
1.27209e+28
9.77604e+25
9.79746e+26
1.17275e+27
1.09272e+27
4.11975e+28
3.20725e+27
7.7541e+27
6.84481e+25
8.35124e+25
2.65346e+26
4.38028e+29
6.8439e+26
1.21968e+25
1.38268e+26
1.41963e+26
2.30275e+25
7.15657e+25
5.01667e+25
5.76375e+27
1.16837e+27
1.18793e+27
1.43472e+26
2.20101e+26
1.48062e+26
4.54274e+26
3.4e+27
6.12366e+27
1.48377e+27
6.82833e+28
1.35774e+27
1.15205e+28
2.15174e+26
6.03676e+26
4.99087e+25
2.42625e+26
6.55301e+25
9.80756e+25
4.20475e+25
2.85516e+27
5.01035e+26
1.89272e+26
8.95094e+26
1.27736e+26
1.88847e+27
3.71917e+28
6.97962e+27
1.23229e+26
9.7045e+26
5.07086e+25
2.4489e+26
7.49825e+26
3.80597e+32
5.26442e+26
7.48917e+26
1.22841e+28
3.2211e+26
1.26602e+26
6.82588e+26
6.26623e+26
2.49635e+28
6.45319e+27
1.52093e+27
5.3558e+26
4.13474e+27
2.29153e+26
3.36235e+26
5.37467e+27
1.43093e+26
1.47875e+27
4.75489e+25
5.35811e+26
9.95252e+26
1.05861e+26
4.32271e+26
7.84706e+26
2.93969e+26
2.79264e+25
7.41048e+26
2.07281e+26
2.07511e+27
4.77384e+26
1.07884e+26
9.8754e+25
2.68966e+26
6.83269e+26
1.69361e+28
5.20719e+26
9.54476e+26
2.07355e+26
1.0224e+28
6.87779e+28
1.44538e+29
3.19418e+28
4.70944e+29
1.19388e+28
2.84088e+27
3.36001e+27
1.59476e+27
5.01615e+28
2.05353e+27
5.86495e+27
2.0841e+28
8.95713e+30
3.19355e+28
8.12835e+27
1.40347e+27
4.00234e+28
1.88789e+27
1.16314e+28
3.88487e+28
1.80644e+28
6.0402e+26
2.72737e+27
2.86582e+27
4.33733e+26
2.55276e+27
1.99586e+28
3.7879e+30
2.66631e+30
1.61335e+26
6.29303e+28
9.05159e+26
1.6087e+27
5.85571e+28
3.89967e+27
1.68081e+27
1.97217e+30
7.98122e+27
3.1017e+27
2.3147e+27
1.09889e+28
5.58769e+26
1.82258e+30
9.85167e+29
1.65092e+27
1.41758e+27
7.07804e+27
8.07936e+28
5.47055e+27
3.32634e+27
9.60937e+26
4.99388e+27
2.52025e+29
4.49578e+26
2.18182e+26
1.48675e+27
3.237e+28
5.44927e+27
8.30578e+29
3.39391e+27
4.25537e+27
6.58368e+28
3.53656e+27
3.87396e+27
7.63313e+27
3.85713e+28
1.28434e+27
3.02056e+28
1.85038e+30
8.71468e+28
5.00174e+29
2.38726e+29
3.43718e+28
2.95773e+29
6.94904e+29
1.55714e+28
7.43018e+27
6.86784e+27
2.02843e+27
2.11625e+27
5.21561e+27
1.89556e+27
2.0723e+27
4.67865e+28
3.62692e+28
4.26277e+28
4.39424e+27
9.09733e+27
3.32182e+28
8.07799e+27
1.55548e+30
5.46275e+27
3.30425e+27
2.48371e+27
2.20991e+28
7.12673e+31
1.82339e+27
1.30301e+28
1.02506e+30
4.29595e+28
7.1284e+27
4.15255e+28
3.11269e+27
8.53258e+28
7.6821e+30
1.69386e+28
4.67271e+29
7.14469e+29
1.04243e+28
2.02356e+29
1.54396e+31
5.75771e+29
8.51371e+28
2.58014e+30
7.43348e+27
9.43098e+28
5.19781e+27
1.46981e+29
1.65068e+29
1.12507e+28
2.67027e+27
2.04569e+28
4.72482e+29
2.12402e+28
5.36287e+29
9.73652e+29
5.91823e+28
8.5769e+28
1.29697e+28
6.44432e+29
2.20779e+29
4.75994e+28
6.36483e+28
3.30557e+29
1.10378e+28
2.17741e+29
8.79667e+27
4.77915e+29
3.84833e+31
6.27854e+28
6.56528e+28
6.23591e+28
2.64622e+30
6.85303e+27
4.52549e+30
5.73436e+28
1.05686e+30
4.38108e+29
6.0129e+27
2.70734e+28
1.35134e+29
6.57085e+29
8.19809e+27
1.49798e+28
1.86714e+30
8.16536e+28
5.36106e+29
4.23642e+32
2.02747e+29
6.89702e+28
1.01129e+29
7.30351e+27
3.80781e+28
6.19173e+28
2.81565e+28
9.46454e+27
5.26617e+27
9.95738e+28
3.022e+27
9.53177e+28
1.02959e+29
2.13007e+28
2.31876e+31
7.29936e+29
1.72544e+30
1.86473e+28
3.50948e+30
3.75911e+33
9.80986e+27
1.77989e+28
2.66635e+29
2.42748e+28
1.20308e+31
3.08764e+28
1.76062e+28
3.14488e+29
1.05561e+28
2.12823e+29
1.13323e+28
2.77968e+28
1.63234e+29
1.48491e+28
3.14432e+28
1.51926e+29
7.36314e+29
6.2624e+28
3.36628e+28
2.07829e+28
1.56122e+28
1.55682e+30
2.80721e+28
7.79224e+28
3.87162e+29
1.87988e+30
3.13782e+29
3.96309e+30
5.36736e+31
6.35346e+29
3.17566e+31
1.79453e+29
7.01841e+28
9.68693e+28
2.77598e+30
2.90947e+31
8.44651e+29
9.27549e+28
6.09876e+28
1.8443e+28
1.4468e+28
1.44378e+29
8.42796e+31
1.01629e+30
8.99618e+27
6.9043e+28
2.01728e+28
1.63084e+28
4.27658e+31
3.41205e+28
1.97754e+29
4.57148e+31
1.1435e+30
1.81653e+29
5.87512e+27
2.95328e+29
1.1808e+28
5.34691e+28
4.48872e+28
9.83812e+28
1.03738e+30
2.32815e+31
1.42628e+30
3.87391e+29
1.42833e+29
9.90944e+28
4.92626e+30
7.83023e+27
1.16063e+30
4.94302e+29
3.96067e+29
1.47982e+30
1.87763e+30
3.69838e+29
1.02144e+29
3.16935e+29
7.75763e+28
7.08878e+29
1.67213e+29
1.63354e+29
6.95443e+31
4.66464e+28
3.94122e+28
4.36861e+27
6.33863e+27
5.30749e+29
5.20016e+30
5.93705e+28
5.64464e+28
5.97382e+28
1.94067e+30
2.79806e+28
5.51711e+29
2.57211e+29
1.73235e+30
1.29401e+33
1.98919e+30
2.43967e+29
5.04922e+29
1.15857e+32
2.59386e+28
1.68715e+29
4.37601e+29
1.41693e+29
7.5174e+30
8.83882e+28
1.03148e+30
1.39707e+30
3.33022e+30
6.74955e+28
1.94111e+31
1.18187e+29
1.02192e+30
8.17803e+29
2.01597e+28
1.66864e+29
4.48792e+28
3.26018e+28
1.19715e+33
9.04731e+29
1.23392e+29
1.00236e+30
7.38472e+29
1.893e+30
8.8758e+28
5.07821e+30
2.01189e+29
1.58608e+30
1.57637e+31
2.67502e+30
6.79447e+29
4.29689e+29
2.86669e+30
1.5571e+29
3.15422e+30
4.99692e+28
1.14942e+30
7.90587e+28
6.34839e+29
1.41123e+31
1.87654e+30
1.02727e+29
2.50518e+28
1.85261e+28
9.72524e+28
4.11431e+30
1.71257e+29
4.88995e+29
3.6426e+30
2.85655e+30
5.53219e+29
1.07507e+29
1.88855e+29
3.5593e+28
1.40569e+28
5.68712e+29
1.51465e+32
3.06547e+30
2.16454e+28
3.92702e+28
8.50314e+29
1.73659e+30
1.3222e+31
5.34027e+30
3.38216e+29
5.05366e+32
2.41144e+29
4.29183e+30
7.45667e+28
5.25224e+28
2.3492e+28
7.04821e+30
1.43656e+29
3.55625e+29
1.24697e+31
6.71675e+28
1.11191e+28
9.1457e+28
8.72182e+27
1.56689e+29
3.02851e+28
6.17088e+29
5.94137e+31
7.11206e+30
7.66421e+28
4.68777e+30
4.58811e+30
2.11701e+28
2.50075e+30
2.73672e+30
5.17339e+29
7.76009e+28
3.81928e+32
2.35211e+30
9.04958e+33
2.32216e+30
1.01721e+32
6.19596e+30
4.66287e+30
1.29862e+30
5.33967e+29
1.88387e+29
1.8143e+30
2.87885e+29
9.26075e+30
2.91834e+29
1.2411e+29
7.73307e+31
7.20416e+32
6.0274e+29
1.11173e+30
1.46782e+30
2.44008e+29
1.1862e+29
3.31376e+29
9.24362e+28
1.24995e+29
9.34984e+29
5.72935e+28
1.12309e+30
2.07514e+29
1.49361e+31
1.48675e+29
9.07508e+29
1.40936e+30
1.12385e+30
2.35823e+31
2.26122e+30
1.5905e+30
8.906e+30
3.04208e+33
5.9056e+30
2.10035e+33
6.19396e+29
2.58443e+29
2.65739e+32
4.26743e+29
4.41912e+29
2.20535e+29
2.52934e+29
5.07782e+29
1.02478e+29
4.52492e+29
3.28508e+28
2.60408e+31
9.6319e+30
3.79162e+29
1.5352e+30
1.24462e+29
5.12839e+32
1.19796e+30
3.90799e+29
1.5013e+29
1.09345e+32
5.50627e+30
6.9772e+29
2.91828e+29
5.0378e+30
9.26567e+30
7.81934e+29
1.59301e+31
1.58029e+32
4.01332e+30
1.07804e+31
4.1757e+31
7.06955e+30
1.5045e+30
4.00486e+30
2.23922e+29
1.67189e+30
6.58034e+33
3.54369e+29
3.09609e+29
1.30111e+29
8.50322e+31
2.07775e+29
1.15326e+29
2.29256e+30
1.85678e+30
4.23742e+29
8.88714e+30
9.32644e+29
1.65363e+30
1.9685e+29
6.64049e+30
9.14147e+29
5.63172e+30
7.55493e+30
2.96758e+29
7.28698e+29
6.3388e+29
4.30385e+29
2.52372e+29
1.67845e+30
7.8429e+29
8.88262e+29
3.05326e+32
5.63496e+31
2.57188e+31
5.31358e+30
3.24309e+29
6.73655e+29
5.30326e+32
4.44537e+30
3.11084e+32
2.09331e+32
6.31245e+30
1.32641e+30
3.50517e+33
2.39875e+29
3.60535e+29
1.97762e+29
7.01011e+29
3.91589e+29
1.05468e+31
7.18592e+29
1.23934e+30
6.86875e+30
9.70703e+29
5.78449e+29
6.39955e+29
4.70049e+31
9.34884e+29
9.71203e+30
1.32665e+31
4.48794e+29
3.66705e+29
7.25218e+29
1.04474e+30
5.77381e+29
1.20336e+32
8.353e+31
1.03085e+31
5.76663e+31
1.87328e+30
9.05968e+29
1.51011e+30
3.33031e+29
1.52735e+29
3.30528e+29
5.10434e+29
3.48478e+29
6.00821e+29
4.4585e+29
7.15166e+28
2.14921e+29
1.32025e+33
4.04708e+29
8.93607e+28
4.77104e+28
2.13406e+30
4.92967e+28
2.2947e+29
4.50688e+28
2.00198e+29
3.65912e+29
1.70195e+29
9.26928e+29
1.39155e+29
9.91204e+31
1.97845e+30
7.6526e+31
4.03987e+29
1.25332e+30
5.75951e+34
5.28091e+33
2.61929e+32
1.58216e+28
1.16565e+30
6.48925e+29
6.79114e+29
4.10162e+31
1.07738e+29
2.0858e+30
9.69115e+29
1.23645e+31
3.04198e+29
1.30458e+30
1.67724e+30
4.06032e+29
1.60924e+30
2.58008e+29
2.65112e+29
7.43667e+30
6.00773e+32
4.53602e+29
1.78132e+30
2.15417e+30
6.97947e+29
2.06587e+32
1.89805e+29
2.03506e+31
4.54829e+30
3.14959e+29
1.86949e+29
4.98051e+30
4.40604e+29
5.62578e+29
1.48157e+31
3.91476e+31
5.89869e+30
1.23545e+30
7.29657e+29
9.04327e+29
1.5062e+31
2.95868e+30
1.51886e+29
1.81822e+30
1.3649e+30
5.82919e+29
6.88325e+29
7.5594e+31
3.97941e+29
5.12414e+29
3.74136e+29
2.67883e+30
1.72561e+29
1.93923e+29
5.62972e+30
8.36711e+31
2.29597e+30
1.16884e+31
2.93638e+32
1.96197e+30
7.10231e+29
1.69265e+30
2.23214e+29
1.72699e+30
1.37573e+30
5.45851e+29
1.47886e+30
1.62175e+30
3.68573e+31
9.89805e+30
2.52644e+30
1.91218e+30
2.23483e+32
5.07442e+29
4.35567e+29
1.98616e+29
4.93074e+30
2.93795e+29
1.69144e+29
2.21901e+30
4.81693e+29
5.97177e+31
3.60138e+29
4.93209e+30
1.14574e+29
6.54546e+28
9.80524e+28
6.62886e+28
4.66976e+29
7.07862e+28
9.63464e+30
9.6006e+31
1.01957e+30
4.13203e+30
2.09706e+29
1.72389e+31
3.32797e+30
5.64385e+29
5.72236e+29
1.21149e+29
1.9218e+29
1.25796e+30
1.73578e+31
1.14664e+33
3.07897e+30
1.80562e+30
2.03749e+30
6.89452e+29
4.91156e+29
7.2411e+30
3.23696e+29
1.28111e+29
3.56798e+30
1.69419e+30
3.27558e+28
3.35316e+30
2.14526e+29
7.28443e+29
1.02143e+32
7.89716e+29
1.31835e+29
1.50891e+29
9.30246e+29
2.8312e+28
1.0187e+31
2.29733e+29
1.81241e+30
1.48768e+30
1.43062e+31
9.93872e+29
7.04003e+29
1.52717e+29
8.945e+29
2.81698e+31
1.35753e+30
4.66109e+30
3.61166e+33
1.30932e+30
2.90889e+29
2.17935e+32
1.83584e+30
1.3319e+29
2.08606e+33
8.47328e+29
9.45531e+30
3.85509e+30
2.43463e+31
8.9315e+28
1.81243e+29
8.88131e+29
3.55456e+29
4.4851e+30
7.58345e+30
3.02473e+30
3.15008e+30
2.99382e+31
5.59946e+30
2.49114e+30
2.57595e+30
1.77397e+30
7.42735e+29
9.74275e+29
1.89677e+30
3.74943e+30
1.87407e+30
2.11175e+29
8.95385e+29
1.40434e+31
1.59613e+30
1.50141e+31
1.00945e+32
1.02964e+31
6.60712e+33
3.25247e+30
1.22364e+30
3.70326e+29
2.548e+32
1.39322e+30
3.21459e+30
8.37877e+29
1.20918e+30
8.56819e+31
6.58221e+28
4.29468e+28
2.58455e+30
2.68529e+30
3.10509e+30
1.1082e+30
4.18776e+30
3.09504e+29
8.14493e+29
6.40008e+28
3.73395e+29
1.73576e+32
5.47547e+30
7.85847e+29
2.42696e+30
1.63389e+30
6.02952e+32
1.67036e+30
2.93359e+30
1.77963e+32
7.93494e+30
3.16001e+32
9.5009e+31
2.21294e+30
3.4456e+30
9.1045e+29
8.49399e+31
2.84778e+30
1.1885e+30
1.89331e+32
2.5888e+33
9.81068e+29
9.4572e+29
3.67178e+29
6.20003e+29
4.98629e+29
1.34085e+30
1.49634e+30
1.71091e+32
9.62093e+30
1.11118e+31
4.03735e+30
1.14486e+29
1.46207e+31
1.79177e+30
5.22148e+29
4.98957e+30
8.3024e+29
7.2894e+29
2.01466e+30
1.73445e+30
4.7911e+31
1.07255e+30
2.58786e+30
2.64718e+31
3.43813e+32
4.63282e+31
7.59825e+30
7.25961e+29
5.83794e+30
8.08828e+29
2.25622e+30
8.05578e+30
2.17858e+30
3.35307e+30
5.9393e+30
2.08159e+30
4.42741e+29
1.06084e+30
4.99705e+32
1.29168e+31
2.31857e+31
9.48039e+30
1.09216e+31
1.17303e+30
2.59556e+30
1.8414e+31
3.06181e+30
2.19362e+31
1.3486e+30
7.50212e+29
1.65122e+29
3.02362e+31
3.92609e+29
3.15058e+30
1.9012e+30
1.14752e+32
1.04122e+30
1.8955e+32
2.69115e+34
2.19368e+30
2.25083e+31
3.14438e+33
8.0466e+29
8.47274e+30
5.08099e+29
1.20222e+30
1.53543e+31
2.67363e+32
1.89551e+29
6.05176e+31
1.82553e+29
2.84234e+30
4.9864e+29
4.79414e+29
1.10412e+30
4.9602e+29
2.81209e+31
3.57895e+31
6.04274e+31
3.43115e+28
1.59675e+30
4.7855e+29
1.19634e+30
1.58722e+30
4.20495e+30
4.66222e+30
4.56747e+30
3.34889e+30
1.54446e+31
1.87531e+31
1.41753e+31
2.24694e+31
4.22293e+32
1.52198e+31
1.64948e+30
3.2253e+32
3.92466e+31
1.05398e+30
1.70759e+30
9.91741e+29
4.10345e+32
2.67617e+30
6.75931e+29
1.45429e+30
6.37195e+29
1.24117e+31
2.66808e+31
1.60321e+30
1.16607e+30
2.65619e+30
1.0854e+30
8.81313e+29
1.42818e+31
6.3412e+30
2.57218e+30
1.75996e+30
6.73541e+30
3.61496e+30
8.66473e+30
7.45334e+30
1.02883e+30
3.92376e+31
2.97322e+30
1.08297e+31
3.30039e+31
2.00618e+32
4.75455e+30
8.43147e+31
2.28516e+34
4.66601e+30
3.40789e+32
1.40485e+32
5.34524e+30
3.85412e+30
1.62924e+29
1.76284e+30
2.69434e+30
4.71574e+29
4.40522e+31
7.91542e+31
5.29529e+30
3.18695e+30
2.54858e+32
1.97072e+30
4.45788e+30
5.72265e+30
2.2849e+30
1.42025e+30
3.72433e+31
1.00757e+31
1.27618e+30
1.12466e+30
2.53609e+30
1.37522e+30
4.90405e+30
4.39192e+32
2.19988e+30
4.95783e+30
2.04698e+31
4.05499e+31
4.26014e+31
8.24114e+30
1.02304e+31
1.45826e+31
4.09756e+29
8.73593e+30
3.21924e+30
2.28226e+29
1.32085e+31
6.58637e+30
2.33644e+30
9.60888e+31
5.16112e+29
2.44032e+31
1.99464e+30
4.52078e+30
8.9314e+29
2.77744e+30
9.81902e+31
1.11531e+30
5.49628e+29
3.90355e+32
1.89252e+31
6.5258e+29
1.01466e+30
1.76962e+30
3.61143e+29
1.1454e+30
8.03199e+30
5.40176e+29
2.10577e+30
2.46232e+31
1.21239e+32
5.34788e+34
5.83846e+30
4.3093e+30
8.13149e+29
1.09559e+30
3.96025e+30
1.07735e+30
1.17393e+33
3.9958e+30
1.56988e+30
5.86982e+30
1.87279e+31
4.91304e+29
3.67527e+29
6.60231e+31
6.62218e+31
1.1808e+30
3.26395e+29
2.99098e+30
5.6095e+29
1.69871e+30
1.28945e+31
1.83011e+30
2.87057e+32
4.22391e+29
2.36435e+30
3.14087e+30
8.34171e+31
7.92568e+30
1.11034e+30
1.10307e+31
3.22365e+32
3.13081e+31
8.64524e+30
4.90018e+32
1.44577e+33
4.88991e+30
1.50862e+30
2.2527e+30
3.87698e+31
1.49629e+31
8.36562e+31
2.19087e+31
1.72881e+32
1.33636e+31
9.23504e+31
8.5689e+31
4.26266e+30
1.31919e+30
1.32448e+30
6.94645e+30
7.06208e+30
7.14163e+29
5.29451e+31
7.01429e+30
9.36316e+33
1.37385e+29
1.54751e+31
4.4412e+31
8.40835e+29
1.06916e+31
1.52093e+30
2.21643e+31
9.36508e+30
1.01668e+33
2.14821e+31
1.47096e+31
5.0136e+31
4.54636e+31
1.5784e+30
2.06326e+34
7.66526e+30
1.69621e+32
1.31606e+31
1.53713e+30
5.79789e+30
4.97727e+30
1.20181e+30
1.15555e+31
4.90825e+31
5.8836e+30
1.79644e+30
9.2738e+30
6.5035e+29
5.24019e+30
1.16465e+31
2.08943e+31
1.00007e+30
1.06655e+30
4.91015e+30
1.11931e+30
1.11256e+31
9.32955e+29
1.55705e+31
2.28245e+30
2.43511e+32
2.13166e+31
1.02663e+31
3.57143e+31
1.2078e+30
6.3862e+30
2.25851e+32
4.22918e+31
8.86769e+31
1.82721e+30
1.63376e+31
1.63467e+30
2.69425e+29
1.58271e+30
1.63353e+30
1.00693e+31
7.04577e+30
5.55461e+30
1.27331e+31
1.65452e+30
3.94251e+29
4.76593e+30
2.56259e+31
6.50387e+29
4.12206e+31
1.1318e+30
5.11316e+30
2.90984e+30
1.63776e+29
1.07179e+33
2.17868e+31
1.66758e+30
1.18255e+31
3.28101e+31
8.17519e+31
1.704e+31
2.30777e+31
1.35449e+30
1.18366e+30
7.05753e+31
4.11996e+33
6.49554e+31
2.07274e+31
9.4851e+30
4.46102e+30
3.84481e+30
4.33299e+32
2.60757e+31
6.17817e+31
4.44976e+30
1.90031e+31
5.61466e+29
7.1422e+30
1.1928e+34
1.86296e+30
1.19207e+34
4.63039e+29
4.29434e+31
1.19216e+32
4.28169e+30
3.70694e+30
7.24295e+30
4.71179e+31
5.17016e+30
3.74586e+30
4.17946e+31
6.7477e+30
8.21587e+29
2.07454e+30
9.87112e+30
4.14097e+30
4.10047e+31
1.71117e+30
3.71398e+31
9.56369e+32
6.02713e+31
2.38234e+31
1.03317e+31
1.25163e+33
6.67468e+30
7.87011e+30
2.13191e+33
4.10348e+30
4.38718e+31
9.80828e+30
4.018e+32
3.15446e+30
5.23257e+30
5.15915e+31
2.69768e+31
4.23275e+30
1.78391e+31
1.48888e+30
9.1302e+31
9.27681e+29
2.30786e+32
1.13344e+31
3.45308e+31
7.92326e+30
4.36892e+30
1.05134e+32
6.06588e+29
2.51784e+32
4.86796e+30
3.00585e+31
2.19242e+30
4.80644e+31
1.55792e+33
3.71135e+32
6.5909e+31
1.19166e+31
7.13015e+30
1.34477e+31
1.24901e+32
1.68471e+31
3.14588e+30
2.17444e+30
1.98644e+30
2.42889e+30
9.48634e+30
1.29734e+31
6.90072e+30
3.16647e+31
1.19081e+31
1.00428e+30
2.98747e+31
8.53288e+30
3.7448e+30
3.46762e+30
5.54912e+30
7.73337e+32
2.90167e+29
1.9023e+31
7.32439e+31
5.19967e+30
5.9411e+30
1.38455e+31
1.12098e+33
7.52697e+30
4.02543e+30
1.7328e+31
8.17162e+32
2.64878e+31
3.41861e+31
1.55678e+32
6.27636e+31
1.4905e+34
2.38997e+31
2.60881e+30
3.11e+31
2.37689e+31
2.98289e+31
3.21553e+32
4.32714e+30
6.41102e+30
2.32872e+30
1.34532e+29
6.23402e+30
1.22099e+31
2.25975e+32
6.77035e+30
6.19596e+30
2.28224e+31
7.58001e+29
1.18648e+30
4.89105e+30
8.66166e+30
9.65353e+29
2.11237e+30
1.87177e+30
1.15216e+30
2.93926e+30
4.63395e+30
2.51379e+31
7.57449e+31
8.14301e+33
1.52093e+31
1.86068e+31
1.88497e+31
5.12696e+31
5.53949e+30
2.1312e+31
4.96291e+31
3.93763e+29
3.03595e+30
4.71636e+30
2.12677e+30
7.23617e+29
5.66912e+29
2.80086e+30
2.06735e+30
3.52425e+31
4.91895e+30
5.79272e+30
2.21872e+30
8.81513e+31
7.61408e+30
5.78249e+31
3.33948e+30
1.5386e+30
3.98063e+30
3.33516e+31
7.79856e+29
2.08443e+30
4.93559e+32
1.52703e+31
1.05578e+31
6.16853e+32
1.29777e+32
2.74043e+32
3.33437e+31
8.60606e+31
5.76674e+31
5.06328e+31
3.85594e+30
6.17157e+30
9.13862e+30
4.16602e+34
1.57055e+30
5.05882e+31
2.1153e+30
7.70114e+32
1.5716e+31
2.0203e+31
2.42808e+31
1.11932e+32
9.12868e+30
1.25658e+33
6.51045e+31
1.79078e+30
5.08873e+32
2.08188e+30
8.46729e+29
4.80909e+31
2.63755e+30
1.26889e+30
9.1421e+29
1.49274e+32
1.23246e+32
3.2497e+30
2.64052e+32
3.17712e+32
2.05954e+32
2.24799e+32
2.77035e+31
8.47135e+30
1.10409e+31
6.16076e+30
5.94657e+29
7.59475e+37
4.8896e+31
4.7838e+30
1.73592e+30
6.92433e+30
5.79845e+31
1.61625e+30
3.4127e+31
6.4925e+30
6.41808e+30
1.51298e+31
7.63497e+30
3.71015e+30
2.6178e+30
5.98047e+31
1.79553e+31
1.23032e+30
8.85842e+30
1.14949e+31
1.67422e+33
1.12609e+34
2.11013e+30
5.58829e+30
6.43646e+30
1.29388e+31
1.47576e+31
4.64425e+30
4.76223e+30
1.99072e+32
1.16409e+31
2.90955e+31
2.49345e+30
5.0455e+30
2.09323e+34
1.67913e+30
5.3145e+30
5.36208e+30
4.67269e+30
1.01615e+30
4.58237e+30
7.79493e+31
2.25402e+29
5.00843e+31
1.58643e+31
2.58798e+30
1.37698e+30
2.42589e+30
7.3431e+29
5.93523e+31
1.10313e+29
7.49087e+30
1.07459e+33
4.10309e+31
2.5037e+30
2.69954e+31
8.90146e+31
1.62387e+32
1.44349e+31
3.97372e+30
8.98138e+33
3.67967e+31
1.69887e+35
9.36995e+31
2.17213e+31
5.79559e+30
1.04838e+30
9.28508e+31
8.27901e+30
8.98655e+30
1.67926e+32
1.28446e+31
1.77836e+30
3.79485e+29
7.72512e+32
4.94886e+31
5.74545e+30
1.98698e+30
2.65451e+30
1.11025e+34
1.3195e+30
5.81768e+30
1.92289e+30
2.96752e+32
5.37211e+30
2.99282e+29
3.21431e+33
1.08605e+32
1.28032e+32
1.0058e+31
2.38764e+30
3.08302e+31
3.06906e+31
2.90685e+32
1.09586e+31
9.18867e+31
5.42512e+32
7.37185e+31
5.21227e+31
4.14364e+30
1.28757e+32
1.74667e+30
4.06287e+30
6.8831e+30
6.79424e+29
1.16268e+32
1.53003e+31
1.28776e+31
1.73806e+30
1.07946e+32
1.75472e+30
1.02165e+30
1.48141e+33
1.40342e+30
6.19428e+31
3.9419e+31
1.24409e+33
6.12396e+30
2.65188e+32
1.67356e+31
9.31508e+32
3.61287e+31
1.11716e+31
1.51022e+30
8.51434e+31
6.00701e+31
3.34527e+31
4.43767e+30
4.84962e+32
1.15353e+32
1.05861e+33
4.35692e+31
2.02706e+31
1.62917e+33
1.91573e+30
4.6567e+30
8.44799e+30
1.055e+32
9.35938e+31
1.41969e+30
3.62666e+30
3.6182e+32
1.37991e+31
1.8717e+33
5.68012e+31
1.30061e+31
4.74692e+30
2.17732e+30
2.00754e+30
5.11364e+29
5.93205e+31
1.34602e+31
1.03487e+31
1.15977e+33
3.38905e+30
1.06493e+31
8.4943e+32
1.04944e+32
5.59642e+30
9.13728e+30
8.58979e+30
9.29968e+30
3.29352e+31
9.42916e+32
9.39481e+31
3.14358e+31
9.68479e+32
7.47964e+30
1.73397e+33
1.03917e+33
5.87755e+30
3.20755e+30
1.28719e+30
6.93278e+29
3.54389e+32
1.42508e+32
1.24492e+31
1.50449e+31
4.2409e+30
2.06297e+30
3.02774e+30
9.8062e+31
1.12007e+30
2.31513e+32
8.71633e+30
6.77378e+30
1.0384e+31
2.49983e+30
5.225e+30
8.74283e+31
2.79578e+33
4.07103e+31
1.60713e+31
1.36676e+31
1.82608e+31
7.4357e+30
9.20496e+30
3.59903e+34
1.62692e+31
2.67987e+32
3.38211e+31
1.4181e+32
4.45348e+31
3.9747e+32
1.7156e+31
5.48646e+31
8.90559e+32
5.90008e+30
1.24582e+30
2.23481e+31
3.30979e+31
4.77521e+29
2.34491e+30
1.19536e+31
2.84754e+31
1.27617e+31
3.45925e+32
7.98116e+33
1.02569e+33
4.07209e+30
8.67137e+31
1.87921e+31
2.35132e+32
8.13383e+30
2.14649e+31
7.69564e+31
6.03335e+31
1.62638e+30
7.20587e+30
3.84308e+31
8.94178e+32
1.11918e+33
8.33372e+31
4.15262e+31
3.49602e+32
1.81689e+33
1.01931e+30
1.02128e+31
7.78612e+31
1.17212e+30
1.62809e+32
1.60458e+32
5.0247e+32
2.04515e+30
7.66871e+30
3.45897e+30
3.74848e+33
3.19288e+32
2.12506e+31
4.40988e+32
9.74443e+32
3.82905e+30
2.43398e+30
7.01955e+30
3.21823e+32
1.05833e+30
1.51433e+31
6.33972e+30
7.53049e+31
4.00423e+30
1.20926e+31
4.24218e+33
2.21831e+31
3.908e+31
4.50137e+32
9.25057e+32
1.67908e+32
2.98311e+31
1.68089e+31
9.80547e+30
3.59889e+30
6.24977e+31
1.70956e+31
1.5061e+31
1.60851e+31
3.16978e+30
2.03362e+32
1.88308e+31
4.41312e+30
1.4654e+32
4.88447e+31
3.30832e+31
1.43854e+32
8.28693e+30
6.48805e+30
2.28263e+33
5.44258e+31
1.92147e+33
1.65368e+33
2.72644e+31
7.13003e+30
6.31192e+30
3.10193e+31
4.1204e+32
9.87032e+31
1.46071e+31
6.10537e+31
2.62203e+31
5.7109e+32
3.3559e+32
3.28491e+31
1.45787e+31
1.22069e+30
1.3931e+31
3.79892e+30
7.51358e+31
2.76631e+31
1.3943e+31
1.39941e+31
1.82532e+32
2.94474e+30
1.39036e+32
1.34479e+30
2.99374e+34
1.35041e+31
4.5303e+31
3.4049e+30
2.54356e+30
1.32615e+31
1.65645e+31
3.94978e+31
1.76661e+31
6.5923e+29
1.74199e+32
4.37636e+30
2.26914e+31
6.45886e+31
8.32305e+30
4.315e+29
3.64637e+31
1.0161e+31
9.29649e+31
1.15512e+33
6.37454e+31
2.44326e+31
3.70625e+31
2.16628e+31
5.30803e+31
1.39805e+32
5.92036e+33
3.54943e+30
3.15068e+32
3.7677e+31
4.48308e+30
8.53171e+30
3.9069e+30
1.75851e+30
2.57539e+31
1.39134e+31
1.2843e+31
1.22958e+31
2.4854e+32
2.04354e+33
1.20405e+32
3.28047e+32
6.61276e+32
9.52885e+30
2.16906e+32
2.42895e+34
1.65184e+31
2.08141e+31
3.94068e+31
2.7383e+31
1.27815e+31
6.25457e+31
2.76169e+32
3.74021e+32
2.02421e+32
4.17912e+32
2.84201e+31
4.49699e+30
2.305e+32
4.99221e+31
4.32855e+30
4.38213e+32
4.92315e+30
1.74646e+31
1.08652e+34
1.16419e+31
4.35051e+31
4.08771e+31
3.99356e+32
1.4084e+33
2.95198e+32
4.45188e+32
4.85262e+31
5.45801e+33
7.41669e+31
9.45311e+31
4.89856e+31
1.23318e+32
7.41952e+32
1.0514e+33
4.4212e+31
1.06389e+31
4.674e+32
7.87513e+31
1.25468e+32
1.36292e+32
1.34105e+32
1.31484e+33
1.55163e+32
1.07349e+30
3.13842e+31
2.93457e+31
1.85321e+31
4.01348e+30
1.23792e+31
1.23274e+32
1.13555e+31
3.4202e+31
4.95102e+30
1.36945e+30
2.68213e+30
1.08223e+30
4.27343e+30
1.11672e+32
1.0597e+33
8.5793e+30
4.67317e+31
2.67364e+30
6.38424e+31
5.26328e+31
6.91186e+30
3.45533e+30
8.50251e+30
6.63179e+30
1.80074e+31
5.78852e+31
1.10315e+31
2.96559e+32
4.4734e+31
1.0811e+31
2.61915e+33
4.09283e+31
3.78918e+32
2.7551e+32
1.8811e+31
6.19942e+30
1.35242e+31
4.13381e+29
6.9238e+31
1.90198e+30
5.96339e+32
1.06944e+34
2.43424e+30
2.66324e+31
1.69831e+37
1.67658e+31
1.19329e+32
5.94955e+30
2.25707e+31
2.04683e+30
1.01883e+31
1.48682e+31
1.24875e+33
1.3254e+31
4.2645e+30
6.06088e+30
8.73637e+30
5.63615e+30
9.22347e+31
1.62233e+33
3.4191e+31
2.23978e+31
2.85518e+31
3.27005e+32
1.66333e+34
1.33759e+34
5.8782e+33
5.02458e+31
2.19981e+30
1.52459e+31
2.20064e+30
1.3492e+31
3.07797e+30
8.71674e+31
9.06291e+30
3.25235e+32
1.66075e+31
2.29204e+32
5.95791e+31
6.6148e+32
2.26918e+32
1.78213e+35
1.01005e+32
3.86196e+31
1.85888e+31
1.30049e+33
1.60701e+33
2.35463e+31
4.41447e+30
6.61516e+30
9.60262e+30
4.65665e+30
7.83912e+32
9.95048e+30
2.12131e+31
2.62894e+31
4.00947e+31
1.95477e+32
9.81424e+33
1.5753e+31
4.89906e+31
1.8251e+31
7.02539e+32
3.92584e+30
1.45453e+32
7.65309e+31
2.88031e+33
1.51007e+31
3.16634e+30
6.32632e+30
3.4172e+30
1.66921e+34
3.48041e+30
6.14282e+31
6.79211e+31
4.74814e+30
7.62757e+30
1.47263e+30
4.48119e+33
9.34027e+30
4.57397e+34
4.8416e+30
2.22167e+31
7.40898e+31
3.4339e+30
1.39177e+33
3.6548e+31
3.45236e+32
4.32057e+30
1.24936e+31
2.23005e+32
1.93911e+32
1.63796e+33
1.16898e+32
6.13704e+31
3.20833e+31
4.51574e+32
3.23761e+34
4.13275e+32
6.65161e+31
1.03151e+31
8.64973e+33
1.44679e+32
3.3318e+31
2.17634e+31
6.80391e+31
1.62426e+31
2.16157e+31
3.37876e+30
2.85109e+31
1.60686e+33
3.68701e+31
1.07895e+32
1.87976e+31
7.21218e+31
1.4006e+33
8.16768e+31
1.70374e+30
9.853e+30
2.63068e+32
1.24188e+32
3.86134e+33
4.4173e+31
2.16898e+35
9.49012e+31
9.9165e+32
5.16994e+31
1.26323e+32
2.6294e+31
3.93438e+30
3.68788e+31
1.28323e+32
6.84436e+30
1.2174e+31
2.33563e+30
2.17121e+31
5.97395e+32
9.64927e+31
1.30267e+32
4.39708e+35
2.92954e+31
4.72467e+31
3.87567e+32
2.25072e+31
1.25288e+31
2.34576e+30
5.46537e+32
7.8435e+34
4.02168e+31
3.71135e+33
6.97879e+30
1.02169e+33
1.20061e+34
9.59273e+30
6.94883e+32
5.466e+31
8.10115e+33
7.17516e+30
7.34806e+31
1.19403e+34
1.51728e+32
7.91088e+31
9.37285e+30
4.50012e+31
3.60011e+31
1.89091e+32
1.71754e+32
8.60731e+31
1.2753e+32
4.89933e+31
3.51162e+31
2.3042e+33
2.61138e+31
3.6262e+31
1.87546e+33
9.85893e+32
2.05428e+30
3.59115e+32
1.74311e+30
4.82133e+30
8.40483e+32
1.53531e+31
2.17283e+32
3.72456e+30
8.70942e+31
5.32661e+30
1.42785e+31
4.79617e+32
2.37009e+32
1.41218e+32
1.78167e+32
1.10153e+32
1.02416e+32
2.24678e+33
1.32426e+33
2.63729e+31
9.00074e+35
4.42987e+31
3.81951e+31
4.69003e+30
6.38792e+31
8.7224e+33
3.34861e+31
5.07792e+31
8.96866e+30
1.03573e+31
2.4677e+31
8.58108e+30
2.33051e+31
3.4149e+32
6.77359e+30
3.55811e+31
4.22043e+31
2.81754e+31
7.95554e+30
2.1337e+30
8.60707e+32
4.48933e+31
5.05206e+30
5.47564e+31
8.08204e+32
1.22089e+32
2.45505e+31
3.04561e+31
2.56032e+31
1.32225e+32
5.77149e+31
3.87186e+33
1.99914e+32
1.00664e+32
6.30275e+31
3.78556e+31
6.03782e+31
1.69272e+33
1.75457e+31
1.17501e+33
2.30896e+32
3.18584e+34
3.46601e+31
4.47219e+33
4.5032e+30
5.14687e+31
1.78176e+34
1.31644e+32
1.42988e+33
1.04791e+32
7.77462e+32
1.19423e+33
3.6288e+32
5.31216e+30
1.28813e+31
3.65349e+31
3.75825e+31
2.80264e+33
1.10991e+31
1.10451e+32
1.09357e+32
3.02333e+31
9.27059e+31
2.73834e+31
2.14644e+33
3.84636e+32
7.77611e+33
9.90463e+31
1.8169e+31
6.94764e+31
2.08097e+31
1.18144e+31
2.12248e+31
1.30667e+31
2.96004e+30
1.85305e+32
1.89022e+33
5.33955e+32
1.30684e+31
2.4594e+32
2.54728e+30
1.90151e+31
1.71211e+32
4.02397e+32
1.25172e+32
6.16731e+31
7.57553e+31
1.07814e+32
1.87574e+31
8.71857e+30
3.90279e+33
1.13877e+31
1.61151e+31
6.86198e+31
1.66683e+31
2.00838e+32
1.83383e+30
4.42985e+31
2.25971e+34
1.98859e+32
3.63414e+30
5.32812e+31
1.95084e+33
2.11402e+31
1.49217e+31
3.65819e+31
3.01588e+31
1.51475e+31
1.93613e+32
3.17836e+32
5.09209e+31
3.89181e+31
1.79138e+31
6.66367e+30
9.09037e+31
4.85535e+32
4.6127e+32
6.35864e+30
1.54055e+33
8.51658e+30
7.42707e+30
7.76092e+31
2.29865e+31
5.48947e+31
1.5495e+32
3.22115e+33
2.48586e+31
2.46555e+31
3.6996e+32
2.77753e+31
1.69756e+31
5.36092e+32
1.97517e+34
5.93832e+31
4.00966e+31
5.37991e+32
1.18011e+31
5.69921e+31
8.78208e+32
8.89776e+33
1.42205e+32
1.62895e+32
2.54295e+31
7.99703e+31
1.01e+31
1.2134e+33
2.24269e+31
2.31376e+32
6.75728e+31
2.31027e+31
1.20531e+33
1.48611e+32
3.5291e+31
3.62082e+32
3.65814e+34
6.10143e+31
1.18713e+31
5.09836e+31
2.30999e+31
7.25885e+31
5.9064e+32
2.8853e+32
2.50709e+31
2.11515e+32
7.43377e+33
6.64453e+32
9.7497e+33
7.25098e+32
5.05761e+30
1.56613e+32
1.21483e+31
9.89756e+30
7.19352e+32
6.60418e+31
7.7147e+30
1.66839e+31
6.70626e+30
3.26815e+31
3.07405e+31
2.1545e+33
9.3221e+34
5.91863e+30
1.06338e+35
5.56264e+33
2.74815e+31
3.91926e+30
3.25359e+31
3.09893e+32
1.45611e+31
2.33937e+31
1.39812e+31
2.77757e+32
6.28153e+32
2.1787e+31
7.68767e+32
4.03402e+31
8.03094e+31
1.49035e+31
1.06937e+35
7.05726e+33
2.52869e+33
3.15061e+32
4.73358e+32
4.83056e+33
9.70967e+31
9.21058e+30
5.55991e+33
7.76936e+31
6.15351e+31
6.57897e+32
1.35488e+32
1.30242e+32
1.13848e+31
4.05469e+32
6.65495e+30
9.54329e+31
1.9872e+31
2.46433e+31
1.71803e+35
1.20005e+32
1.11677e+31
2.45085e+31
1.70124e+31
1.51598e+31
2.75193e+33
6.10047e+32
1.41731e+31
2.70301e+32
1.71487e+31
2.90115e+31
6.48416e+32
1.11222e+32
3.83815e+31
3.39552e+32
7.65414e+31
3.01769e+32
1.76132e+33
4.69699e+33
5.07781e+31
4.29484e+31
1.23967e+31
5.55107e+33
1.57454e+31
9.59001e+30
3.92041e+31
8.0405e+31
1.20982e+31
2.131e+32
1.9202e+32
1.71367e+33
7.00096e+32
3.51878e+31
5.31032e+31
8.48385e+30
8.32595e+31
8.81766e+31
2.49877e+30
5.68083e+31
1.06995e+32
3.25339e+31
3.24712e+32
9.67133e+31
5.3542e+32
5.46633e+33
9.52957e+33
2.1828e+33
5.70288e+31
2.64011e+35
3.82308e+32
1.77466e+32
1.04916e+32
4.02515e+33
8.95485e+30
2.01768e+33
3.54646e+31
3.33923e+34
1.04598e+32
3.53846e+32
1.70357e+31
4.25807e+31
2.67493e+31
6.44602e+31
4.8365e+31
5.29849e+31
1.42243e+32
1.27541e+31
6.44617e+31
1.49826e+31
1.5566e+32
2.29253e+32
2.33027e+31
1.2823e+33
1.63075e+32
3.02318e+31
4.46668e+31
6.04015e+31
1.34138e+34
3.08063e+33
6.77582e+31
7.7406e+32
1.98246e+33
3.08951e+33
2.5765e+32
7.16865e+32
1.06766e+33
5.53155e+31
3.76319e+31
6.35675e+31
5.74933e+31
5.09093e+31
3.55881e+31
7.39794e+31
2.31423e+32
1.66537e+33
7.49059e+31
1.71588e+33
7.09367e+32
1.01901e+31
3.0557e+31
2.35477e+32
5.49038e+31
2.65012e+31
1.26149e+32
8.53523e+31
1.08537e+32
1.16673e+32
5.07352e+31
6.31569e+33
1.76163e+32
2.7381e+34
4.62018e+32
3.91345e+32
8.10134e+31
1.55322e+33
1.00478e+34
6.82032e+33
6.94504e+33
1.75775e+32
1.63011e+32
1.83288e+32
4.30616e+35
5.46274e+31
2.32445e+34
4.46324e+32
4.63144e+33
1.35496e+34
2.74576e+32
2.15535e+31
1.09853e+33
6.7558e+31
9.06332e+32
9.93243e+31
5.26987e+32
4.63094e+31
1.94902e+31
4.89905e+33
6.75029e+31
2.37521e+33
1.00886e+34
1.02362e+32
1.71339e+32
3.62165e+36
5.39327e+31
3.32093e+33
4.96811e+32
2.09197e+32
8.25078e+32
1.62292e+33
9.69499e+33
2.78665e+33
3.32663e+34
2.15128e+32
2.57196e+32
4.64121e+31
5.14123e+32
1.21456e+32
7.14576e+31
5.71434e+32
1.34684e+32
3.54969e+34
4.71445e+31
1.16866e+33
1.21874e+31
5.04835e+33
1.36164e+35
1.89148e+32
5.65017e+32
7.36793e+31
1.24372e+33
6.9229e+33
5.70637e+32
3.24152e+32
1.46089e+32
1.0865e+32
8.01315e+32
1.02014e+31
3.93354e+34
6.97082e+32
1.2089e+32
8.81834e+32
1.3076e+37
2.08816e+32
1.91936e+35
3.98492e+32
1.20272e+32
8.36395e+32
5.46544e+32
4.38248e+32
1.00654e+32
4.25872e+32
8.08181e+33
8.26019e+32
2.35473e+31
1.58426e+33
3.85939e+32
2.51478e+32
6.67312e+31
1.4079e+32
6.56849e+31
1.39316e+31
1.03355e+33
1.05255e+33
3.71719e+33
7.57219e+31
1.33954e+33
7.37476e+32
8.55321e+33
4.71467e+32
2.14026e+32
2.05903e+32
1.09136e+32
5.05653e+34
1.36317e+32
2.90618e+33
2.62145e+32
6.38538e+33
1.25453e+34
2.88081e+33
2.59236e+32
2.20018e+32
1.62708e+32
6.40021e+31
1.18221e+33
9.99909e+32
1.38878e+32
4.82448e+31
7.34189e+33
3.1351e+31
1.28443e+32
6.3975e+32
1.54384e+33
2.02439e+33
1.26219e+34
3.84452e+32
7.30992e+31
2.72859e+32
3.31711e+32
9.79263e+31
1.66907e+32
6.05726e+32
6.58283e+31
1.61759e+32
4.55606e+31
1.04733e+35
2.5461e+32
2.27586e+32
1.91222e+32
7.21156e+32
4.0904e+32
1.79983e+33
4.43841e+33
9.20806e+32
8.78572e+32
4.79975e+34
2.88917e+32
1.48073e+33
6.58518e+33
1.06055e+32
6.68584e+31
4.41788e+32
1.28734e+32
6.44406e+33
1.64444e+33
1.29877e+33
6.64884e+30
6.27218e+31
1.85347e+32
3.69771e+35
3.9435e+31
2.86315e+33
1.92348e+33
8.28408e+34
9.93499e+31
7.26694e+31
1.63833e+33
4.75852e+32
8.77173e+31
1.80138e+32
1.18729e+32
2.78089e+32
2.65336e+32
7.73928e+32
1.05066e+33
5.19898e+34
4.06107e+33
3.04716e+32
1.69616e+32
9.38096e+32
1.81341e+32
1.18538e+32
1.1174e+33
1.06169e+34
7.16228e+31
7.43327e+32
1.17895e+33
3.14294e+32
2.9243e+31
6.74714e+33
5.31948e+31
2.93987e+32
1.01563e+32
4.79468e+33
4.56249e+32
4.11557e+32
2.39609e+32
3.57961e+31
8.88667e+37
4.77134e+31
6.25758e+32
1.01397e+32
8.56424e+35
1.10742e+35
1.68077e+32
2.84741e+32
5.07797e+34
4.08566e+32
1.28503e+33
5.63409e+35
5.75617e+32
3.64497e+32
1.38816e+33
2.13078e+32
1.32254e+33
1.69862e+33
6.88938e+32
4.08305e+32
2.93601e+31
5.55101e+32
8.52018e+32
2.84909e+32
3.02331e+32
3.40878e+32
1.30684e+32
3.51574e+31
8.68004e+31
6.44966e+32
1.92586e+34
3.55026e+32
7.30241e+31
1.28385e+32
5.65722e+32
5.62319e+31
4.36953e+31
4.36368e+32
1.65493e+32
7.36833e+31
7.68838e+32
7.44175e+35
3.80509e+31
1.03721e+33
6.69641e+32
2.88822e+34
9.00706e+32
2.15114e+32
1.30772e+32
2.10519e+32
6.42422e+31
5.63838e+31
5.41297e+31
2.80498e+32
5.49113e+31
1.60455e+32
1.22942e+33
1.60715e+34
5.9896e+32
1.44314e+32
2.39735e+32
7.19714e+31
6.88433e+31
2.87074e+31
4.2717e+31
9.10395e+32
3.68901e+31
7.42522e+31
2.57157e+34
2.68926e+32
4.63866e+34
1.16022e+36
1.2374e+33
7.30535e+32
3.98037e+32
5.79904e+32
1.56353e+31
9.20283e+32
8.26945e+33
1.41827e+33
3.3535e+33
4.26711e+32
7.73849e+31
1.02276e+32
4.50856e+33
1.32067e+32
2.89471e+32
1.82068e+32
3.06666e+31
2.29286e+31
1.81832e+33
4.11449e+32
1.77539e+32
4.52528e+31
1.1835e+32
1.00049e+32
3.27547e+31
6.66606e+33
1.62272e+33
3.28134e+31
3.89348e+31
1.66946e+32
8.2923e+32
5.25539e+33
5.44236e+32
2.68156e+32
9.37715e+31
8.41851e+35
2.03238e+31
9.80734e+31
2.61131e+32
1.76333e+33
3.57928e+34
8.59148e+31
7.33852e+32
1.19624e+32
3.69229e+31
7.66449e+30
6.42321e+31
2.39641e+33
5.33856e+31
3.36539e+32
2.39269e+31
2.01844e+31
3.09942e+31
9.2317e+33
4.59827e+31
2.6664e+31
2.71061e+32
1.13288e+32
5.98756e+32
3.69886e+31
9.67604e+32
6.60172e+33
5.90601e+32
2.74808e+31
3.83215e+32
1.5922e+34
4.70221e+34
8.26051e+31
1.03194e+31
1.18874e+31
3.65277e+32
3.94283e+31
2.11353e+31
1.7406e+33
2.04336e+36
4.66208e+31
2.19289e+32
2.21852e+32
4.40253e+31
5.87918e+32
5.19895e+32
4.63877e+31
1.66743e+31
8.45988e+31
9.61023e+30
1.12644e+32
2.77003e+31
1.02465e+32
5.22866e+31
1.02248e+31
4.71787e+32
3.28209e+32
1.72289e+32
6.55948e+32
4.81179e+33
1.48073e+32
3.79617e+31
4.21246e+31
2.86869e+31
1.2069e+33
1.87378e+31
2.53507e+32
9.71073e+37
7.21796e+32
6.03611e+33
3.46396e+32
9.61719e+32
5.60205e+33
5.16953e+33
2.07483e+32
9.71849e+31
2.24838e+32
3.69982e+32
4.08154e+32
7.10412e+30
1.64067e+32
4.40617e+32
4.44157e+31
1.55535e+32
4.08968e+32
4.15834e+33
2.66584e+32
1.29307e+32
3.2948e+32
2.9956e+33
4.19235e+31
4.68906e+31
9.91523e+31
4.79664e+34
2.02187e+33
2.81033e+34
6.62992e+31
4.02876e+31
1.57152e+35
7.58398e+34
1.61997e+32
1.43251e+32
5.6879e+31
8.53559e+32
6.98297e+32
2.83836e+32
1.24811e+34
6.51459e+33
3.22723e+32
1.34358e+32
2.076e+32
3.14135e+33
4.12497e+33
2.49842e+32
6.30653e+30
4.5373e+31
1.74218e+31
1.30796e+35
7.02184e+31
1.03556e+31
5.86125e+32
5.14892e+33
1.28607e+32
1.5322e+31
1.38414e+33
5.89177e+30
5.10617e+32
1.30057e+31
4.79504e+31
1.22939e+31
6.62027e+31
1.86904e+32
1.73382e+31
2.97264e+31
3.02438e+31
2.47358e+31
1.11323e+32
2.65579e+32
5.20178e+32
2.20282e+32
1.11008e+34
1.00077e+34
4.25113e+33
3.05959e+31
4.46742e+32
7.69595e+31
8.50385e+30
3.60506e+31
5.27685e+31
1.85153e+32
1.77219e+32
1.64651e+34
5.65651e+33
4.17823e+32
5.53394e+34
2.88974e+32
6.03718e+30
4.49047e+33
7.01535e+30
2.16864e+32
3.65662e+31
2.25753e+31
1.93732e+32
3.17968e+33
7.4433e+31
1.22849e+34
2.8697e+32
1.27181e+35
4.69555e+32
2.24963e+31
2.78061e+34
1.21119e+32
5.17658e+32
7.17904e+31
2.0878e+38
1.0876e+33
6.14662e+35
5.90389e+32
8.06305e+32
6.22836e+30
4.30012e+31
2.22019e+31
7.4257e+35
1.56457e+31
1.00731e+33
3.46476e+31
3.22763e+32
6.76691e+31
1.25187e+34
2.59447e+32
2.7196e+32
2.16901e+32
5.78344e+32
8.19254e+32
2.90029e+31
5.37403e+31
2.36368e+31
6.14599e+30
3.47545e+33
6.34843e+32
1.60189e+33
1.30902e+32
5.38155e+33
3.39042e+31
2.65764e+32
1.11138e+32
1.62567e+33
7.83859e+32
2.00556e+34
4.65801e+32
1.59835e+35
3.08468e+34
1.08315e+32
5.6811e+33
6.17432e+31
4.01352e+31
1.69227e+32
6.0036e+31
3.46606e+31
4.01411e+33
5.67559e+31
1.15525e+32
5.6294e+31
7.75821e+32
1.2156e+32
3.12267e+31
6.20338e+32
2.2775e+31
7.75828e+31
2.56654e+33
4.09552e+34
3.62621e+31
2.37741e+34
4.41049e+31
1.542e+32
1.32464e+32
3.19879e+32
8.93407e+32
5.13877e+31
8.75648e+31
3.37681e+32
1.55009e+33
1.77615e+32
4.68567e+32
2.61075e+33
3.30903e+33
5.00742e+32
1.7426e+33
1.62666e+33
7.87948e+32
8.68109e+30
1.37696e+32
2.71356e+32
8.98454e+33
5.13064e+31
1.12735e+32
1.05522e+33
2.80868e+31
5.67543e+32
1.84163e+32
4.66172e+32
2.46509e+32
1.73719e+33
1.83999e+32
1.829e+33
3.52926e+31
3.67447e+31
2.5469e+32
3.37547e+32
5.46419e+31
1.19557e+32
8.01695e+32
7.64231e+32
8.47431e+32
9.77754e+32
1.13663e+34
3.46056e+33
5.06947e+32
3.68728e+32
1.12489e+32
1.00482e+32
2.3959e+32
4.36328e+31
1.66999e+32
9.04937e+31
1.01657e+33
3.70632e+33
2.7641e+31
6.68653e+32
4.62361e+32
5.09209e+32
3.89858e+31
2.35927e+31
1.75726e+32
1.31204e+32
1.97367e+32
2.08786e+34
9.77067e+33
7.06415e+31
1.21654e+33
3.624e+31
6.87001e+31
1.96192e+31
7.69963e+33
3.62659e+33
9.37887e+30
2.72512e+33
1.0776e+33
7.11046e+32
3.77197e+35
6.49031e+34
4.84686e+32
9.40524e+34
2.16873e+32
1.47765e+32
4.49546e+32
4.10993e+31
2.46185e+31
4.91286e+32
4.89431e+31
2.30135e+36
3.9175e+34
9.84052e+31
1.39242e+32
3.83502e+32
1.38431e+32
2.40785e+33
3.37063e+32
9.53743e+33
2.67569e+33
1.21942e+32
5.03255e+37
1.40467e+33
7.77536e+32
1.15885e+32
7.58903e+32
1.25074e+34
3.76789e+32
1.93965e+31
5.46872e+33
1.81506e+33
5.09911e+32
1.85724e+32
1.90275e+34
3.12912e+33
3.96978e+32
3.23983e+32
1.22652e+32
1.05586e+32
3.55331e+31
1.31493e+32
2.90296e+32
1.93412e+33
7.42659e+34
5.47285e+32
1.46586e+32
1.65831e+32
1.38225e+32
5.27661e+33
1.08261e+32
1.26518e+34
2.22635e+31
1.31915e+32
9.92308e+32
6.33018e+31
6.35471e+31
8.83461e+32
1.23298e+31
1.92992e+33
9.03322e+31
3.53649e+32
1.02153e+32
2.82889e+32
2.51659e+32
1.20454e+33
1.39611e+33
1.78483e+34
1.91331e+34
2.62431e+33
5.54026e+32
1.47962e+33
2.45019e+32
3.5088e+33
8.46244e+31
5.50025e+33
4.58396e+32
6.50886e+32
2.22804e+32
1.83658e+33
2.43279e+32
5.97253e+32
7.15425e+31
6.08489e+33
9.45819e+32
5.19652e+33
3.84191e+31
4.53706e+33
2.74064e+31
2.16062e+33
3.85757e+31
8.45621e+31
5.61116e+31
9.21334e+31
7.50819e+32
3.0789e+32
3.60365e+32
1.47008e+32
2.39548e+34
2.37605e+33
1.8464e+33
2.93268e+34
3.12055e+33
1.07504e+32
9.24417e+32
6.65436e+31
5.22889e+31
9.93565e+32
5.05416e+31
3.95401e+32
1.16429e+35
1.83137e+36
7.07734e+32
1.44535e+34
2.69965e+31
1.41084e+32
3.8362e+32
1.60493e+32
6.0415e+31
1.06271e+37
1.44702e+31
4.57175e+32
5.23513e+31
3.06852e+33
1.49001e+33
5.35863e+31
2.70175e+32
1.60764e+34
1.47085e+32
7.11267e+31
1.9818e+32
4.14111e+32
5.19212e+32
1.92999e+31
5.62809e+33
1.50392e+36
1.11799e+33
1.43631e+33
1.16702e+32
4.0718e+33
1.77326e+33
2.44685e+32
3.00081e+31
4.95385e+34
2.2298e+33
8.63737e+32
1.87004e+32
1.2029e+32
7.24717e+32
1.29832e+32
2.02127e+33
5.83178e+32
2.51019e+33
3.8742e+32
2.04697e+32
7.81755e+32
4.83277e+32
2.25105e+32
7.15612e+32
3.72193e+33
2.9152e+31
3.51472e+32
1.23872e+32
9.59755e+32
3.92762e+31
3.87967e+34
2.6312e+32
2.64775e+34
8.58547e+33
7.59248e+34
2.74268e+33
1.86317e+33
1.54674e+33
2.8091e+32
1.67036e+32
8.67269e+32
2.50343e+32
5.76423e+32
3.22986e+35
1.65055e+32
4.6826e+32
4.07766e+31
5.38531e+32
1.0801e+33
5.71145e+31
4.70273e+34
1.06029e+32
1.26174e+32
8.88385e+31
3.00862e+33
4.00702e+32
2.72277e+34
7.47174e+32
4.2295e+32
2.41804e+31
1.57108e+34
1.32678e+31
6.31762e+32
1.31068e+32
2.33799e+32
3.95724e+33
8.42318e+32
1.69379e+33
5.39873e+33
9.96108e+33
8.77124e+32
1.38955e+33
1.62159e+32
6.31768e+32
3.55513e+32
6.10661e+30
1.24078e+33
1.24373e+32
3.42863e+32
2.52165e+32
4.0558e+33
9.19406e+31
3.63596e+33
1.10533e+32
1.00515e+34
7.74085e+32
7.49101e+32
1.20808e+33
6.55632e+31
8.41128e+30
5.49169e+32
2.86975e+32
3.51172e+32
3.10281e+32
4.75232e+32
4.59426e+31
1.3359e+32
3.42589e+34
7.49139e+31
2.96804e+32
4.00785e+33
1.57724e+34
1.23382e+34
1.50652e+33
4.76169e+33
1.86452e+32
3.33052e+32
1.2348e+32
8.0646e+32
4.05826e+32
1.29347e+36
4.82456e+31
4.07771e+32
5.33323e+31
7.20243e+31
2.33379e+32
1.25174e+32
1.95459e+33
1.55327e+33
8.34972e+32
8.65258e+31
1.10191e+33
1.04532e+34
1.10665e+33
2.55111e+32
1.76237e+33
1.06922e+32
6.99152e+32
3.83091e+33
1.96552e+32
3.20715e+32
1.73587e+32
6.93831e+32
3.1069e+33
7.3607e+33
1.72113e+37
8.42225e+33
1.47042e+33
3.23734e+33
1.97537e+33
7.94603e+32
8.41499e+33
3.00136e+32
2.24128e+32
1.94918e+32
2.49582e+31
8.41927e+31
1.09749e+33
5.26216e+32
2.24155e+33
1.9676e+32
6.94598e+33
3.35152e+35
1.4931e+33
2.37004e+32
7.01234e+35
2.78749e+33
7.26361e+31
1.0853e+32
7.9937e+32
3.97844e+32
1.32426e+32
1.63409e+33
8.52253e+33
3.0518e+34
2.56264e+32
4.69056e+32
2.70066e+33
1.40999e+34
1.01725e+34
1.92908e+33
4.3738e+32
3.43546e+32
2.58772e+32
8.98917e+32
4.00591e+33
1.53058e+33
1.47183e+35
6.77913e+31
3.46676e+34
1.03199e+32
1.75409e+32
1.62849e+34
1.28625e+32
3.19811e+32
1.60447e+33
5.70438e+32
6.08249e+32
5.91329e+32
8.45343e+31
1.81883e+32
8.87442e+32
1.56992e+33
1.78464e+32
3.91064e+33
1.00036e+35
2.74394e+32
9.72709e+32
2.99663e+32
6.15622e+34
1.75863e+33
7.39027e+32
5.03556e+33
3.34637e+34
2.59847e+33
5.24677e+33
8.63768e+32
7.11275e+32
7.12036e+33
2.45085e+32
2.06423e+32
2.53509e+32
3.01294e+32
1.58707e+32
5.75614e+32
9.29408e+31
1.67353e+33
1.67443e+35
2.85222e+33
1.63802e+32
2.31864e+32
1.38949e+32
5.68727e+32
2.47428e+34
2.31632e+34
2.28096e+32
1.92233e+36
6.13279e+32
8.34343e+34
2.78908e+34
2.33612e+32
6.55263e+34
9.37184e+32
8.92938e+32
2.01111e+33
5.29349e+33
1.47388e+35
6.26636e+33
5.24704e+33
1.94966e+35
3.92623e+32
1.89913e+33
1.87139e+33
6.04079e+32
6.54945e+34
1.65596e+32
2.48922e+33
3.96898e+34
6.03462e+32
5.82815e+32
1.76308e+33
2.47678e+32
2.59923e+32
1.56575e+32
2.46204e+32
1.2946e+33
1.91485e+32
2.55909e+35
7.06416e+32
2.03857e+33
1.13337e+33
1.77899e+33
1.90978e+36
3.87663e+33
1.74919e+32
3.81677e+33
6.12658e+32
2.15535e+32
8.96538e+33
9.28978e+33
1.33266e+39
6.70408e+34
4.29578e+33
4.56858e+32
2.95508e+32
1.59969e+34
1.62195e+32
4.35251e+32
1.72111e+32
3.9345e+33
4.86009e+32
2.73892e+32
5.60553e+32
1.01203e+33
6.23081e+31
6.17553e+33
3.97989e+32
6.60645e+32
3.84326e+34
1.61587e+32
3.23545e+34
2.64578e+32
1.00349e+32
3.24959e+32
1.29723e+32
3.04388e+35
5.19969e+32
6.27892e+32
6.9194e+34
4.73451e+32
4.51854e+32
8.86314e+33
1.39253e+33
2.00716e+34
5.06776e+34
2.51462e+33
4.15639e+32
2.28184e+33
3.16875e+32
1.25143e+33
3.73308e+32
4.23479e+34
1.7499e+32
3.55472e+31
1.16685e+32
1.48005e+33
5.29098e+33
1.17263e+31
9.20043e+31
6.31594e+33
3.32535e+32
1.11062e+35
2.77499e+32
1.18144e+32
2.87249e+33
1.77204e+33
5.4296e+34
1.17183e+34
7.55564e+31
1.73132e+32
2.27062e+32
7.48708e+31
3.50607e+32
1.63739e+32
4.16453e+32
1.59819e+33
2.87678e+33
3.28527e+34
2.16881e+34
3.18325e+33
7.12535e+32
6.70938e+32
8.34547e+32
4.3267e+34
1.37092e+33
7.42088e+33
1.50476e+32
8.36057e+33
8.21139e+32
1.47143e+33
5.06838e+33
6.98466e+34
3.94785e+33
4.51719e+31
8.75799e+32
9.38158e+31
3.29916e+32
1.52069e+32
3.11836e+32
6.81112e+32
5.33527e+32
3.36663e+32
2.6921e+32
3.41426e+34
7.84975e+32
6.07999e+32
5.55945e+32
4.85519e+33
1.47491e+33
8.90653e+32
1.34698e+33
1.14172e+35
7.37231e+33
3.92704e+34
2.35113e+33
1.08203e+33
1.27321e+33
3.98435e+32
1.16641e+35
2.15988e+32
1.19254e+34
3.86305e+33
8.03339e+32
5.71055e+32
7.34733e+31
3.97703e+34
3.69896e+32
8.30831e+33
5.90859e+33
1.7111e+33
2.80465e+32
1.6219e+34
3.22572e+32
1.09832e+33
1.19076e+32
4.75931e+32
3.13879e+32
2.07787e+32
7.81791e+32
3.08391e+32
1.2713e+32
2.76949e+32
3.93554e+33
2.08042e+33
1.40199e+34
2.99167e+37
9.59709e+33
7.13867e+31
6.78382e+32
6.58414e+32
4.08751e+32
1.86897e+33
7.66083e+32
6.05244e+33
2.84938e+31
3.03913e+33
2.94113e+32
2.78319e+33
8.55683e+31
1.16047e+34
1.05979e+32
1.22344e+32
3.46345e+31
3.48864e+32
3.59747e+33
9.47186e+32
1.5671e+31
6.83138e+32
1.79611e+32
8.52781e+31
8.53812e+32
2.10599e+32
3.49513e+35
3.12147e+33
6.77921e+33
4.02329e+33
2.21111e+33
6.28566e+33
7.90793e+33
1.11963e+35
9.66851e+33
1.97381e+33
5.58516e+32
3.66949e+32
4.39949e+32
2.48603e+34
6.03797e+32
5.6394e+32
6.36191e+32
7.152e+31
3.44594e+32
3.55835e+34
3.07092e+32
1.63913e+32
4.61094e+32
2.78878e+33
6.02404e+32
1.25741e+32
1.43027e+35
2.47871e+32
4.6225e+33
5.06097e+32
1.73536e+33
1.07725e+33
1.26e+32
4.463e+31
1.4834e+33
5.5374e+32
2.87037e+32
3.45787e+32
8.2209e+32
1.08e+33
4.05986e+34
3.04214e+34
1.83541e+33
3.95442e+32
7.00211e+32
4.43599e+32
1.17468e+34
4.30852e+32
6.29262e+34
4.10207e+32
2.33589e+32
6.11552e+31
2.61429e+31
6.2236e+32
4.63307e+36
1.02544e+33
4.29025e+32
2.23844e+33
1.31047e+32
3.65597e+32
2.444e+32
1.51282e+34
1.02044e+33
2.37189e+32
1.90334e+32
2.34335e+33
9.33144e+32
1.2511e+36
7.16442e+33
1.70854e+32
9.93983e+32
7.24881e+32
5.77179e+31
8.78908e+33
5.22731e+34
6.56652e+33
3.37452e+33
1.24966e+33
6.53526e+33
2.19859e+34
1.06179e+34
7.109e+33
1.79558e+33
1.84908e+32
1.95486e+34
5.6203e+32
1.23052e+32
2.04889e+31
2.00193e+32
1.00498e+32
4.13107e+33
3.68673e+32
1.22365e+34
7.59591e+33
1.89125e+33
4.99034e+32
3.38363e+33
1.67359e+32
2.01096e+33
3.11421e+35
6.26669e+32
5.12218e+32
1.42817e+34
3.98596e+32
4.11044e+33
4.94554e+32
4.64589e+33
9.21355e+32
5.93292e+36
6.14327e+33
2.24972e+33
8.01487e+32
1.08825e+33
4.23148e+32
8.2723e+31
3.33268e+32
2.02143e+32
6.52601e+32
7.97204e+31
2.17451e+33
2.49576e+32
3.22135e+33
3.47882e+32
3.37478e+32
6.22412e+31
3.12357e+32
1.2246e+34
1.24414e+33
1.62872e+32
1.98747e+32
4.8522e+32
8.75812e+31
5.36118e+32
3.61809e+33
1.00041e+37
1.48762e+33
2.04857e+33
3.8948e+32
9.55911e+32
1.18948e+33
1.52108e+33
1.85694e+34
3.2152e+35
4.84737e+34
2.19981e+33
6.1139e+32
9.62157e+32
6.57916e+33
2.01224e+32
1.05825e+33
1.09008e+34
1.78731e+32
4.0899e+32
9.88608e+32
1.04986e+32
6.20396e+33
2.34119e+32
3.15298e+33
4.71912e+32
1.45015e+32
1.82765e+34
1.88816e+32
1.0024e+34
7.33213e+31
4.50717e+32
5.95557e+32
3.07586e+35
3.84627e+33
9.07107e+32
2.30451e+33
9.2707e+32
7.46143e+32
1.62202e+33
1.59794e+33
2.82175e+35
2.00409e+34
5.91385e+34
7.14717e+33
1.20155e+34
2.58416e+32
4.29439e+32
7.51629e+32
3.3671e+32
3.03799e+32
5.59598e+32
1.57785e+32
1.96553e+33
2.84387e+32
3.64289e+34
2.11833e+35
6.70194e+32
1.83205e+32
6.22605e+33
8.35654e+33
8.64493e+32
4.45884e+32
1.18016e+33
6.95555e+33
7.09651e+36
2.90762e+33
3.13364e+32
1.34082e+37
4.8606e+32
5.67949e+34
6.10287e+34
1.54029e+33
1.31234e+33
3.44226e+33
1.25371e+33
5.17262e+34
5.10163e+33
9.47158e+32
1.82988e+33
8.78255e+31
3.11267e+34
4.95299e+32
2.94771e+33
3.98088e+32
2.87326e+32
4.80824e+34
5.45601e+34
9.43164e+32
2.16483e+35
6.47228e+32
5.02459e+32
6.27139e+33
1.11734e+33
6.496e+33
2.73595e+33
1.0241e+34
7.54797e+32
2.21139e+33
2.6779e+32
2.02875e+32
1.48326e+33
2.58488e+32
6.68737e+32
8.56235e+32
8.49051e+34
9.43574e+32
2.32838e+33
5.0015e+33
1.93847e+34
2.74154e+36
7.98798e+33
1.41661e+34
5.74654e+34
1.50943e+33
3.67466e+32
7.90372e+32
4.84536e+32
1.21731e+35
1.3078e+32
1.11411e+39
2.99013e+32
7.11377e+34
1.04154e+32
4.86097e+32
6.43516e+31
6.0171e+33
5.13855e+32
8.62661e+32
1.65359e+32
3.47987e+32
8.10509e+33
1.87677e+32
1.48744e+33
1.03085e+32
2.03279e+35
2.48939e+33
3.36813e+34
3.08487e+33
7.24674e+32
1.34792e+33
1.09812e+33
6.72941e+33
1.13015e+34
3.92934e+35
3.00401e+33
3.04298e+33
1.595e+33
5.1971e+34
1.40599e+35
5.20783e+32
3.49356e+33
1.28278e+33
1.07893e+33
6.28373e+32
1.76492e+32
1.82401e+34
4.06057e+32
5.06208e+32
2.96448e+32
2.82479e+33
1.61721e+34
2.55529e+33
2.49242e+33
7.80504e+32
1.4021e+33
2.48441e+35
3.71517e+32
1.19302e+32
1.509e+32
1.00693e+32
1.76719e+32
1.92576e+33
9.98882e+32
5.23802e+33
2.31186e+33
2.35889e+34
3.24094e+34
9.76762e+34
7.16755e+33
5.8145e+35
2.07344e+32
6.61999e+34
9.26347e+32
3.11201e+33
1.90056e+34
2.07019e+33
8.58719e+32
2.56414e+32
6.72275e+32
1.36278e+33
1.06079e+33
1.81045e+32
8.94602e+34
3.65196e+34
3.15707e+32
3.73506e+33
2.40167e+33
1.93369e+34
1.99783e+33
3.15619e+32
1.49895e+32
4.84641e+35
1.41648e+33
6.6968e+32
7.39385e+32
1.23793e+33
3.08075e+35
7.70269e+34
3.61059e+33
2.23441e+33
2.10559e+35
4.78737e+34
4.43876e+33
4.08614e+34
4.21619e+34
4.25201e+32
2.57882e+33
1.22072e+34
7.21839e+32
1.93917e+32
2.8795e+32
1.39592e+32
2.80835e+32
6.74308e+32
5.43928e+34
2.55797e+33
2.68379e+32
6.80069e+33
2.83793e+33
1.50305e+34
1.58827e+33
5.24457e+33
7.45644e+33
1.08496e+33
3.88931e+32
3.69711e+32
3.37871e+32
4.00801e+32
7.41791e+33
2.43747e+33
7.89898e+33
2.66652e+34
5.02149e+33
1.48916e+34
3.86043e+36
4.92554e+33
2.93667e+33
3.88404e+33
2.1659e+33
1.23842e+33
3.41347e+34
1.1638e+33
5.15564e+32
4.89717e+33
5.4351e+34
1.24172e+35
4.5431e+33
5.01409e+32
5.84933e+33
9.65411e+32
2.86363e+33
5.31675e+32
8.24189e+32
2.58017e+32
3.763e+33
2.12566e+32
2.8912e+33
4.53222e+32
3.05486e+35
7.84812e+31
4.83234e+32
2.33226e+33
3.07214e+34
8.19801e+34
3.39212e+33
2.26152e+33
1.03485e+34
1.14024e+34
7.8715e+35
1.43245e+34
3.27944e+33
6.53926e+33
1.05155e+34
1.07586e+33
2.1992e+33
1.79121e+33
5.36915e+32
3.58128e+32
5.38573e+32
3.76454e+32
2.79807e+32
2.04385e+32
2.47339e+37
1.05948e+35
1.59351e+34
1.04963e+33
3.75936e+32
1.02433e+33
1.4524e+33
3.53714e+32
5.30537e+32
4.70001e+32
2.04107e+34
2.6725e+34
2.90558e+34
1.76962e+33
1.35337e+34
6.83658e+33
1.5808e+33
1.71705e+34
6.00546e+33
1.17026e+35
1.25172e+35
1.99068e+34
5.49842e+33
3.65859e+33
1.49136e+33
9.10925e+32
1.30297e+33
4.06084e+33
3.41572e+33
7.57115e+32
1.3287e+35
5.05487e+32
7.88387e+32
5.45409e+32
1.62985e+33
1.7012e+34
5.36461e+33
6.36119e+32
4.03518e+32
1.34783e+34
3.41924e+32
4.10621e+33
1.45132e+34
5.43066e+35
1.27608e+33
3.76524e+33
4.35929e+34
6.32196e+32
1.12027e+33
2.76388e+33
1.14364e+34
1.14948e+32
6.80967e+33
4.38783e+34
5.91426e+34
7.898e+33
5.76057e+34
1.41566e+33
6.47962e+33
3.30104e+34
2.35033e+33
1.55249e+33
1.55701e+33
8.33778e+32
1.4677e+35
2.88136e+33
3.00577e+33
2.51434e+33
2.37839e+32
2.04663e+33
7.0581e+34
1.68757e+34
1.68999e+32
2.41059e+33
8.44931e+32
1.37778e+33
3.42572e+35
5.32328e+33
4.75006e+32
8.68032e+32
5.84197e+32
6.45252e+32
8.40749e+32
1.97061e+35
1.38924e+34
1.33649e+33
1.99663e+34
9.94624e+35
3.34676e+34
5.46688e+32
1.01629e+33
1.0252e+33
4.00641e+32
5.18295e+32
4.48953e+32
1.4107e+33
1.05788e+33
3.40285e+38
3.25644e+32
5.94312e+34
4.27197e+32
7.92619e+32
1.92165e+32
5.35343e+32
1.17356e+35
4.52286e+32
2.28101e+32
3.43518e+36
6.16098e+33
2.63452e+32
1.73063e+35
2.94218e+32
5.3274e+34
9.42306e+31
2.44908e+32
5.44537e+34
4.73289e+33
1.17481e+33
1.09153e+33
4.12776e+33
2.0274e+33
8.74136e+35
2.11989e+33
1.24139e+34
1.58551e+33
6.18761e+32
4.72532e+32
1.60516e+33
9.93509e+32
1.99213e+32
4.80327e+32
1.57591e+34
9.83527e+32
7.18315e+32
5.31114e+32
1.68765e+33
7.84721e+33
4.62266e+32
1.95753e+33
1.17773e+33
1.50952e+32
2.21382e+32
3.08875e+32
4.14746e+32
2.47301e+32
1.91722e+32
5.39342e+31
1.32309e+33
2.95988e+33
1.72717e+33
1.00921e+33
2.3633e+34
6.16055e+32
2.09277e+33
7.2867e+34
1.30197e+35
1.17924e+34
1.67352e+32
3.21187e+33
7.78193e+32
3.68066e+32
6.07903e+32
4.40861e+34
2.93039e+32
1.58121e+35
2.77732e+35
1.89543e+33
7.19669e+32
5.94806e+32
3.29543e+32
2.55115e+32
3.17745e+32
4.23516e+32
8.61151e+32
3.81786e+32
3.22827e+33
5.22994e+32
1.64125e+35
9.36836e+32
1.88951e+34
2.0834e+33
4.32199e+33
1.32312e+33
6.72803e+32
2.47999e+33
4.35274e+35
2.81359e+35
5.97898e+33
1.50676e+35
3.09255e+34
3.80944e+34
5.18458e+32
1.64062e+34
1.37198e+33
3.79618e+34
7.15834e+32
5.92547e+32
1.68441e+34
1.61477e+32
4.1176e+32
9.46478e+31
2.50386e+33
4.24236e+32
3.78688e+33
5.748e+32
1.05119e+33
3.41623e+32
6.21958e+32
3.03463e+34
5.55814e+33
1.91619e+34
7.19321e+33
3.03311e+32
2.68878e+32
9.80887e+33
4.94057e+32
9.81414e+33
5.95496e+33
1.18821e+34
1.25086e+33
1.3137e+36
1.71773e+34
1.98702e+36
2.07829e+34
1.16855e+34
1.87451e+33
8.12392e+33
1.12145e+33
3.90758e+32
4.62736e+33
9.12184e+33
2.2645e+36
5.17192e+32
3.24738e+34
5.03527e+32
1.08122e+33
6.4537e+34
5.76171e+32
5.26368e+32
2.81698e+33
6.43312e+32
1.4313e+33
5.49945e+32
5.94217e+32
2.86434e+35
2.66826e+33
4.36886e+33
1.17643e+32
1.49866e+33
4.53724e+32
1.00268e+34
1.80644e+34
1.86649e+33
3.58921e+33
6.81281e+33
7.28725e+33
3.9696e+35
7.93388e+34
1.15216e+35
6.82008e+33
7.57804e+33
7.00644e+32
1.10293e+36
1.2565e+33
6.39346e+32
3.43715e+34
1.00689e+33
4.21944e+32
7.96406e+32
1.06e+33
1.43197e+34
2.27927e+33
1.00067e+33
2.61115e+36
1.91133e+34
2.87221e+33
1.65017e+33
2.92825e+32
1.17176e+33
7.63376e+32
3.04256e+33
3.01266e+33
3.10169e+34
9.73834e+34
3.35372e+34
1.07828e+35
6.01172e+32
1.3115e+34
9.37273e+33
1.12918e+35
4.13917e+35
1.61616e+34
5.0947e+33
1.02531e+33
1.56057e+33
5.48816e+33
4.17529e+33
1.67705e+33
2.66515e+41
1.49167e+33
4.27628e+32
4.33965e+32
2.24473e+32
1.97687e+32
2.13145e+33
1.46158e+34
2.85109e+33
8.16251e+32
1.14986e+32
2.11189e+32
2.39787e+33
3.41017e+34
3.60111e+32
1.0253e+35
1.08776e+33
3.90632e+33
7.88693e+32
2.12125e+33
2.38765e+33
7.57209e+32
1.04238e+33
6.05348e+33
7.28568e+33
7.08487e+34
3.08556e+34
1.87076e+34
6.78602e+33
3.55047e+33
2.27751e+33
8.55072e+32
7.02402e+32
8.57293e+34
3.69579e+32
3.03594e+34
3.52621e+32
1.53522e+34
5.55494e+32
2.69215e+34
3.24254e+33
2.40814e+34
4.39265e+32
2.88728e+33
4.00936e+35
9.815e+32
5.78952e+34
8.79616e+32
5.49153e+34
8.65748e+32
1.50497e+33
2.49511e+34
4.93257e+33
1.77529e+33
6.02964e+34
1.23106e+33
3.03317e+33
8.85814e+33
6.65624e+34
1.27967e+36
4.32552e+34
4.68243e+33
1.26666e+36
2.99011e+33
2.92046e+33
9.8713e+33
2.51029e+33
1.17579e+37
2.57943e+33
6.47247e+33
1.00762e+33
1.31484e+33
2.80813e+34
2.6772e+34
5.74523e+32
2.13502e+34
1.81509e+34
1.13851e+38
2.07262e+33
3.71388e+32
1.20515e+35
5.60372e+32
7.54191e+33
5.78856e+32
8.50864e+33
1.2914e+33
1.55624e+33
3.02775e+33
1.14107e+33
2.68694e+33
4.82072e+33
4.61534e+33
1.38642e+34
7.71803e+35
2.57566e+33
1.61374e+34
3.96285e+35
4.23368e+33
6.52392e+34
6.9087e+32
3.09704e+33
1.4436e+33
3.75596e+33
4.22077e+35
1.96824e+33
7.87547e+32
9.6329e+33
4.81292e+32
4.41912e+35
5.66143e+32
6.20963e+34
2.19751e+32
1.56281e+33
3.87589e+32
3.58996e+33
7.99744e+32
3.61398e+33
2.83079e+33
1.11348e+33
6.58865e+33
9.31938e+36
1.62141e+35
8.99617e+34
2.10007e+33
4.31861e+33
1.91979e+34
5.69311e+34
5.13114e+35
1.26702e+34
3.1569e+34
3.01135e+33
1.30535e+33
2.62586e+36
6.26398e+32
6.17842e+35
6.70699e+32
1.19657e+34
3.86841e+32
5.99909e+33
1.32525e+35
2.68499e+34
1.0365e+33
4.96756e+32
3.42083e+33
6.22481e+35
4.20291e+33
6.61326e+32
7.92499e+34
4.90964e+32
3.63097e+35
3.65938e+32
7.91177e+32
5.51216e+32
4.42488e+32
1.98498e+33
9.37425e+33
1.97319e+33
6.06389e+33
4.55369e+33
1.57937e+34
1.22554e+35
1.65665e+35
1.03151e+34
2.48854e+33
1.21703e+34
4.19655e+33
1.96798e+33
3.54087e+33
1.66438e+35
1.1986e+33
1.14085e+35
9.97483e+33
6.44748e+33
1.09912e+34
6.21387e+32
2.68239e+34
9.21895e+31
4.87786e+33
2.76748e+33
1.08323e+34
5.05983e+32
1.09313e+34
1.1182e+33
1.35323e+35
2.59055e+33
1.69842e+32
4.63455e+33
4.43559e+34
6.92382e+34
5.10065e+32
3.17291e+33
4.2117e+33
1.72768e+34
1.23665e+34
3.33069e+34
1.97789e+34
1.85795e+33
3.92935e+33
3.36997e+33
3.88301e+33
1.3064e+33
1.41153e+35
8.07959e+32
8.89381e+33
1.6051e+33
1.59533e+33
2.91685e+33
1.20185e+33
4.30937e+32
8.59326e+32
1.13412e+33
2.79555e+32
2.91969e+34
9.48155e+32
6.11134e+34
4.60552e+34
9.72707e+35
2.43971e+33
4.13869e+33
1.59064e+33
8.86989e+32
1.63744e+33
2.34543e+33
2.20768e+33
8.57239e+33
5.44694e+33
1.28169e+36
2.47284e+34
2.97335e+36
1.31483e+34
6.27188e+33
8.63941e+33
3.68765e+34
1.1599e+33
1.27166e+33
9.4967e+32
7.23275e+34
2.75509e+34
4.37596e+33
1.04155e+34
6.50642e+33
6.43469e+32
1.8521e+34
3.86543e+32
5.19526e+33
4.53788e+32
9.49115e+32
3.28775e+34
1.26555e+33
2.26945e+33
4.33601e+32
6.37199e+32
3.23947e+33
1.30825e+34
1.02857e+33
3.41547e+35
1.48078e+37
4.24973e+33
1.69648e+33
3.94531e+33
1.13058e+34
1.21426e+34
1.4645e+35
5.61698e+34
1.94724e+34
3.20183e+34
2.18529e+33
1.77062e+33
2.162e+38
3.1489e+33
1.03977e+34
2.94918e+32
6.45904e+32
5.28924e+32
4.49382e+33
5.03103e+32
1.18219e+33
5.52624e+32
1.19369e+33
7.31115e+33
1.04285e+33
1.78912e+34
2.49715e+34
1.88314e+33
4.93574e+32
6.27627e+33
9.30009e+32
1.61645e+36
5.19108e+33
2.83844e+33
1.08218e+33
2.31155e+33
1.27482e+33
5.50965e+33
2.14483e+34
5.44376e+34
1.39022e+35
7.78708e+33
8.29012e+33
6.32791e+32
2.06712e+34
5.93413e+33
1.26954e+33
1.51264e+33
5.757e+32
4.32696e+33
7.30631e+33
8.77502e+34
2.42475e+33
2.47733e+36
8.33647e+32
6.62231e+33
8.89081e+33
1.18809e+33
2.32166e+33
2.81132e+33
4.96935e+32
4.29758e+32
6.79706e+32
4.10817e+32
1.34177e+34
2.81999e+33
1.08857e+35
2.36868e+34
6.70002e+33
2.1718e+34
1.42666e+33
9.39882e+33
7.42628e+33
9.07801e+35
2.30713e+34
1.49118e+34
1.30169e+35
1.74041e+34
1.89721e+35
2.11777e+35
8.42092e+33
1.82506e+33
8.73722e+34
3.05996e+33
9.08908e+33
9.90664e+32
8.3196e+32
5.93171e+33
1.23683e+33
8.54644e+33
3.06937e+33
1.59133e+32
6.51185e+34
1.13654e+34
1.13253e+33
5.76027e+33
2.48266e+33
2.38793e+34
9.2575e+32
1.40913e+33
1.18815e+34
8.26115e+32
1.62804e+33
6.51471e+34
5.71447e+34
1.57329e+36
6.92931e+34
2.04717e+37
4.99323e+34
5.11323e+33
2.62557e+33
4.71674e+33
1.38724e+33
2.53738e+34
9.41909e+33
1.46651e+33
1.21214e+33
7.01882e+32
1.83591e+35
1.03525e+33
2.50845e+34
3.54601e+33
2.58472e+33
2.40105e+34
7.5817e+32
5.44872e+33
3.13873e+34
1.7216e+35
4.52729e+33
4.11407e+33
6.34644e+33
2.14369e+34
4.81607e+33
5.45694e+35
1.97181e+33
1.93236e+33
3.5218e+33
1.00168e+33
8.51228e+33
1.14258e+34
1.27674e+35
6.6133e+35
1.67645e+34
1.26802e+36
1.72242e+33
8.16428e+33
2.0073e+34
1.88154e+33
1.12965e+33
5.08973e+32
5.60661e+33
3.19572e+35
1.45106e+34
3.49871e+36
6.09918e+34
7.19298e+32
6.48162e+32
2.63351e+33
2.77774e+33
5.6124e+32
5.94228e+33
3.30536e+32
9.7768e+33
1.22749e+33
1.85826e+33
5.18171e+35
5.17014e+34
7.34453e+33
9.34375e+32
9.33068e+32
7.93648e+32
6.06357e+36
7.10479e+33
1.63781e+35
3.48459e+35
8.69107e+35
2.37169e+34
7.08197e+34
1.0036e+34
1.21421e+33
2.58832e+33
2.50116e+34
8.56914e+32
3.91622e+33
8.38903e+32
2.65847e+34
9.49126e+33
3.25451e+33
1.15064e+33
7.64754e+33
1.21857e+33
9.25165e+34
5.33667e+32
8.17932e+34
3.6699e+33
2.01955e+33
1.24073e+33
1.27976e+33
2.74257e+33
1.52954e+36
4.09268e+33
2.91444e+33
1.6366e+33
5.26386e+33
7.12423e+33
6.44408e+33
7.18371e+33
7.32664e+36
1.36189e+35
1.63048e+34
3.66646e+34
8.48958e+33
1.54568e+37
2.59797e+34
1.82392e+33
2.29841e+33
3.00543e+34
2.11226e+33
1.11066e+33
3.46464e+34
9.44531e+33
5.65821e+32
6.16469e+34
4.03858e+35
1.55076e+33
1.13017e+35
6.0009e+32
2.95155e+34
2.49168e+33
1.76584e+33
7.71913e+33
1.15043e+33
9.56627e+32
6.0694e+33
6.52436e+32
3.21313e+33
2.08784e+33
1.17066e+33
3.51169e+34
6.42517e+33
7.98498e+34
5.1706e+34
6.98026e+36
2.61111e+34
2.88901e+34
2.83661e+33
4.13785e+34
4.61216e+34
1.79452e+33
1.0775e+33
7.74029e+32
1.29351e+34
3.13766e+37
1.66691e+33
3.13833e+32
1.98181e+33
1.02245e+33
1.4064e+33
1.02519e+33
7.07057e+35
5.67954e+32
1.09229e+33
7.61629e+32
3.15278e+34
9.63998e+33
8.69286e+32
2.59448e+33
3.04328e+33
1.01783e+33
1.69894e+33
7.18985e+33
2.10987e+34
3.34008e+35
5.95885e+33
1.80042e+34
6.90979e+34
4.76725e+35
2.95123e+34
3.72654e+35
2.77519e+33
7.80462e+33
1.42284e+33
2.76006e+33
2.29972e+33
2.7413e+33
4.57834e+33
3.12201e+34
5.02366e+32
5.51176e+33
9.12419e+32
2.13557e+33
6.65214e+34
6.25054e+33
7.03159e+33
1.90573e+35
1.43567e+34
3.27587e+35
1.92341e+33
2.20087e+34
5.31533e+32
7.73857e+33
1.58921e+33
1.57511e+33
2.03849e+33
1.86928e+34
5.73076e+32
1.17867e+35
5.53763e+33
7.77389e+33
1.53336e+36
1.11815e+34
1.56093e+33
9.09364e+33
7.31507e+35
1.40104e+34
1.05406e+33
2.09072e+35
1.81074e+35
4.70184e+33
2.89896e+35
1.09492e+33
1.96524e+35
7.78931e+33
4.32168e+32
4.13646e+33
1.19172e+33
4.77536e+32
6.74495e+32
1.79584e+34
1.81361e+33
3.11025e+32
2.11113e+32
2.43283e+34
1.89246e+33
1.00317e+33
6.318e+33
5.62153e+32
3.17866e+33
1.02237e+33
1.74635e+35
6.36902e+34
5.8973e+33
4.28308e+34
3.72774e+35
8.0377e+34
1.57097e+34
7.14115e+34
4.21684e+33
2.26636e+33
9.60417e+32
3.45971e+34
1.11494e+33
1.98991e+33
6.38803e+34
8.17517e+32
1.7068e+33
1.81988e+33
8.7874e+32
6.98794e+33
6.90473e+32
5.44431e+33
1.03369e+34
3.60963e+32
5.05332e+33
5.86004e+32
9.55159e+33
7.64176e+36
5.96133e+33
1.04333e+34
1.55648e+36
9.40943e+32
2.21893e+35
5.1091e+33
8.35727e+33
8.57736e+33
1.16068e+34
4.39526e+34
1.61751e+38
6.80049e+34
1.39104e+35
